11:52:38 **** Build of configuration Debug for project B60C0_1st ****
make -j8 all 
arm-none-eabi-gcc "../Drivers/STM32F1xx_HAL_Driver/Src/stm32f1xx_hal.c" -mcpu=cortex-m3 -std=gnu11 -g3 -DDEBUG -DUSE_HAL_DRIVER -DSTM32F103xE -c -I../Core/Inc -I../Drivers/STM32F1xx_HAL_Driver/Inc/Legacy -I../Drivers/STM32F1xx_HAL_Driver/Inc -I../Drivers/CMSIS/Device/ST/STM32F1xx/Include -I../Drivers/CMSIS/Include -O0 -ffunction-sections -fdata-sections -Wall -fstack-usage -fcyclomatic-complexity -MMD -MP -MF"Drivers/STM32F1xx_HAL_Driver/Src/stm32f1xx_hal.d" -MT"Drivers/STM32F1xx_HAL_Driver/Src/stm32f1xx_hal.o" --specs=nano.specs -mfloat-abi=soft -mthumb -o "Drivers/STM32F1xx_HAL_Driver/Src/stm32f1xx_hal.o"
arm-none-eabi-gcc "../Drivers/STM32F1xx_HAL_Driver/Src/stm32f1xx_hal_adc.c" -mcpu=cortex-m3 -std=gnu11 -g3 -DDEBUG -DUSE_HAL_DRIVER -DSTM32F103xE -c -I../Core/Inc -I../Drivers/STM32F1xx_HAL_Driver/Inc/Legacy -I../Drivers/STM32F1xx_HAL_Driver/Inc -I../Drivers/CMSIS/Device/ST/STM32F1xx/Include -I../Drivers/CMSIS/Include -O0 -ffunction-sections -fdata-sections -Wall -fstack-usage -fcyclomatic-complexity -MMD -MP -MF"Drivers/STM32F1xx_HAL_Driver/Src/stm32f1xx_hal_adc.d" -MT"Drivers/STM32F1xx_HAL_Driver/Src/stm32f1xx_hal_adc.o" --specs=nano.specs -mfloat-abi=soft -mthumb -o "Drivers/STM32F1xx_HAL_Driver/Src/stm32f1xx_hal_adc.o"
arm-none-eabi-gcc "../Drivers/STM32F1xx_HAL_Driver/Src/stm32f1xx_hal_adc_ex.c" -mcpu=cortex-m3 -std=gnu11 -g3 -DDEBUG -DUSE_HAL_DRIVER -DSTM32F103xE -c -I../Core/Inc -I../Drivers/STM32F1xx_HAL_Driver/Inc/Legacy -I../Drivers/STM32F1xx_HAL_Driver/Inc -I../Drivers/CMSIS/Device/ST/STM32F1xx/Include -I../Drivers/CMSIS/Include -O0 -ffunction-sections -fdata-sections -Wall -fstack-usage -fcyclomatic-complexity -MMD -MP -MF"Drivers/STM32F1xx_HAL_Driver/Src/stm32f1xx_hal_adc_ex.d" -MT"Drivers/STM32F1xx_HAL_Driver/Src/stm32f1xx_hal_adc_ex.o" --specs=nano.specs -mfloat-abi=soft -mthumb -o "Drivers/STM32F1xx_HAL_Driver/Src/stm32f1xx_hal_adc_ex.o"
arm-none-eabi-gcc "../Drivers/STM32F1xx_HAL_Driver/Src/stm32f1xx_hal_cortex.c" -mcpu=cortex-m3 -std=gnu11 -g3 -DDEBUG -DUSE_HAL_DRIVER -DSTM32F103xE -c -I../Core/Inc -I../Drivers/STM32F1xx_HAL_Driver/Inc/Legacy -I../Drivers/STM32F1xx_HAL_Driver/Inc -I../Drivers/CMSIS/Device/ST/STM32F1xx/Include -I../Drivers/CMSIS/Include -O0 -ffunction-sections -fdata-sections -Wall -fstack-usage -fcyclomatic-complexity -MMD -MP -MF"Drivers/STM32F1xx_HAL_Driver/Src/stm32f1xx_hal_cortex.d" -MT"Drivers/STM32F1xx_HAL_Driver/Src/stm32f1xx_hal_cortex.o" --specs=nano.specs -mfloat-abi=soft -mthumb -o "Drivers/STM32F1xx_HAL_Driver/Src/stm32f1xx_hal_cortex.o"
arm-none-eabi-gcc "../Drivers/STM32F1xx_HAL_Driver/Src/stm32f1xx_hal_dma.c" -mcpu=cortex-m3 -std=gnu11 -g3 -DDEBUG -DUSE_HAL_DRIVER -DSTM32F103xE -c -I../Core/Inc -I../Drivers/STM32F1xx_HAL_Driver/Inc/Legacy -I../Drivers/STM32F1xx_HAL_Driver/Inc -I../Drivers/CMSIS/Device/ST/STM32F1xx/Include -I../Drivers/CMSIS/Include -O0 -ffunction-sections -fdata-sections -Wall -fstack-usage -fcyclomatic-complexity -MMD -MP -MF"Drivers/STM32F1xx_HAL_Driver/Src/stm32f1xx_hal_dma.d" -MT"Drivers/STM32F1xx_HAL_Driver/Src/stm32f1xx_hal_dma.o" --specs=nano.specs -mfloat-abi=soft -mthumb -o "Drivers/STM32F1xx_HAL_Driver/Src/stm32f1xx_hal_dma.o"
arm-none-eabi-gcc "../Drivers/STM32F1xx_HAL_Driver/Src/stm32f1xx_hal_exti.c" -mcpu=cortex-m3 -std=gnu11 -g3 -DDEBUG -DUSE_HAL_DRIVER -DSTM32F103xE -c -I../Core/Inc -I../Drivers/STM32F1xx_HAL_Driver/Inc/Legacy -I../Drivers/STM32F1xx_HAL_Driver/Inc -I../Drivers/CMSIS/Device/ST/STM32F1xx/Include -I../Drivers/CMSIS/Include -O0 -ffunction-sections -fdata-sections -Wall -fstack-usage -fcyclomatic-complexity -MMD -MP -MF"Drivers/STM32F1xx_HAL_Driver/Src/stm32f1xx_hal_exti.d" -MT"Drivers/STM32F1xx_HAL_Driver/Src/stm32f1xx_hal_exti.o" --specs=nano.specs -mfloat-abi=soft -mthumb -o "Drivers/STM32F1xx_HAL_Driver/Src/stm32f1xx_hal_exti.o"
arm-none-eabi-gcc "../Drivers/STM32F1xx_HAL_Driver/Src/stm32f1xx_hal_flash.c" -mcpu=cortex-m3 -std=gnu11 -g3 -DDEBUG -DUSE_HAL_DRIVER -DSTM32F103xE -c -I../Core/Inc -I../Drivers/STM32F1xx_HAL_Driver/Inc/Legacy -I../Drivers/STM32F1xx_HAL_Driver/Inc -I../Drivers/CMSIS/Device/ST/STM32F1xx/Include -I../Drivers/CMSIS/Include -O0 -ffunction-sections -fdata-sections -Wall -fstack-usage -fcyclomatic-complexity -MMD -MP -MF"Drivers/STM32F1xx_HAL_Driver/Src/stm32f1xx_hal_flash.d" -MT"Drivers/STM32F1xx_HAL_Driver/Src/stm32f1xx_hal_flash.o" --specs=nano.specs -mfloat-abi=soft -mthumb -o "Drivers/STM32F1xx_HAL_Driver/Src/stm32f1xx_hal_flash.o"
arm-none-eabi-gcc "../Drivers/STM32F1xx_HAL_Driver/Src/stm32f1xx_hal_flash_ex.c" -mcpu=cortex-m3 -std=gnu11 -g3 -DDEBUG -DUSE_HAL_DRIVER -DSTM32F103xE -c -I../Core/Inc -I../Drivers/STM32F1xx_HAL_Driver/Inc/Legacy -I../Drivers/STM32F1xx_HAL_Driver/Inc -I../Drivers/CMSIS/Device/ST/STM32F1xx/Include -I../Drivers/CMSIS/Include -O0 -ffunction-sections -fdata-sections -Wall -fstack-usage -fcyclomatic-complexity -MMD -MP -MF"Drivers/STM32F1xx_HAL_Driver/Src/stm32f1xx_hal_flash_ex.d" -MT"Drivers/STM32F1xx_HAL_Driver/Src/stm32f1xx_hal_flash_ex.o" --specs=nano.specs -mfloat-abi=soft -mthumb -o "Drivers/STM32F1xx_HAL_Driver/Src/stm32f1xx_hal_flash_ex.o"
arm-none-eabi-gcc "../Drivers/STM32F1xx_HAL_Driver/Src/stm32f1xx_hal_gpio.c" -mcpu=cortex-m3 -std=gnu11 -g3 -DDEBUG -DUSE_HAL_DRIVER -DSTM32F103xE -c -I../Core/Inc -I../Drivers/STM32F1xx_HAL_Driver/Inc/Legacy -I../Drivers/STM32F1xx_HAL_Driver/Inc -I../Drivers/CMSIS/Device/ST/STM32F1xx/Include -I../Drivers/CMSIS/Include -O0 -ffunction-sections -fdata-sections -Wall -fstack-usage -fcyclomatic-complexity -MMD -MP -MF"Drivers/STM32F1xx_HAL_Driver/Src/stm32f1xx_hal_gpio.d" -MT"Drivers/STM32F1xx_HAL_Driver/Src/stm32f1xx_hal_gpio.o" --specs=nano.specs -mfloat-abi=soft -mthumb -o "Drivers/STM32F1xx_HAL_Driver/Src/stm32f1xx_hal_gpio.o"
arm-none-eabi-gcc "../Drivers/STM32F1xx_HAL_Driver/Src/stm32f1xx_hal_gpio_ex.c" -mcpu=cortex-m3 -std=gnu11 -g3 -DDEBUG -DUSE_HAL_DRIVER -DSTM32F103xE -c -I../Core/Inc -I../Drivers/STM32F1xx_HAL_Driver/Inc/Legacy -I../Drivers/STM32F1xx_HAL_Driver/Inc -I../Drivers/CMSIS/Device/ST/STM32F1xx/Include -I../Drivers/CMSIS/Include -O0 -ffunction-sections -fdata-sections -Wall -fstack-usage -fcyclomatic-complexity -MMD -MP -MF"Drivers/STM32F1xx_HAL_Driver/Src/stm32f1xx_hal_gpio_ex.d" -MT"Drivers/STM32F1xx_HAL_Driver/Src/stm32f1xx_hal_gpio_ex.o" --specs=nano.specs -mfloat-abi=soft -mthumb -o "Drivers/STM32F1xx_HAL_Driver/Src/stm32f1xx_hal_gpio_ex.o"
arm-none-eabi-gcc "../Drivers/STM32F1xx_HAL_Driver/Src/stm32f1xx_hal_pwr.c" -mcpu=cortex-m3 -std=gnu11 -g3 -DDEBUG -DUSE_HAL_DRIVER -DSTM32F103xE -c -I../Core/Inc -I../Drivers/STM32F1xx_HAL_Driver/Inc/Legacy -I../Drivers/STM32F1xx_HAL_Driver/Inc -I../Drivers/CMSIS/Device/ST/STM32F1xx/Include -I../Drivers/CMSIS/Include -O0 -ffunction-sections -fdata-sections -Wall -fstack-usage -fcyclomatic-complexity -MMD -MP -MF"Drivers/STM32F1xx_HAL_Driver/Src/stm32f1xx_hal_pwr.d" -MT"Drivers/STM32F1xx_HAL_Driver/Src/stm32f1xx_hal_pwr.o" --specs=nano.specs -mfloat-abi=soft -mthumb -o "Drivers/STM32F1xx_HAL_Driver/Src/stm32f1xx_hal_pwr.o"
arm-none-eabi-gcc "../Drivers/STM32F1xx_HAL_Driver/Src/stm32f1xx_hal_rcc.c" -mcpu=cortex-m3 -std=gnu11 -g3 -DDEBUG -DUSE_HAL_DRIVER -DSTM32F103xE -c -I../Core/Inc -I../Drivers/STM32F1xx_HAL_Driver/Inc/Legacy -I../Drivers/STM32F1xx_HAL_Driver/Inc -I../Drivers/CMSIS/Device/ST/STM32F1xx/Include -I../Drivers/CMSIS/Include -O0 -ffunction-sections -fdata-sections -Wall -fstack-usage -fcyclomatic-complexity -MMD -MP -MF"Drivers/STM32F1xx_HAL_Driver/Src/stm32f1xx_hal_rcc.d" -MT"Drivers/STM32F1xx_HAL_Driver/Src/stm32f1xx_hal_rcc.o" --specs=nano.specs -mfloat-abi=soft -mthumb -o "Drivers/STM32F1xx_HAL_Driver/Src/stm32f1xx_hal_rcc.o"
arm-none-eabi-gcc "../Drivers/STM32F1xx_HAL_Driver/Src/stm32f1xx_hal_rcc_ex.c" -mcpu=cortex-m3 -std=gnu11 -g3 -DDEBUG -DUSE_HAL_DRIVER -DSTM32F103xE -c -I../Core/Inc -I../Drivers/STM32F1xx_HAL_Driver/Inc/Legacy -I../Drivers/STM32F1xx_HAL_Driver/Inc -I../Drivers/CMSIS/Device/ST/STM32F1xx/Include -I../Drivers/CMSIS/Include -O0 -ffunction-sections -fdata-sections -Wall -fstack-usage -fcyclomatic-complexity -MMD -MP -MF"Drivers/STM32F1xx_HAL_Driver/Src/stm32f1xx_hal_rcc_ex.d" -MT"Drivers/STM32F1xx_HAL_Driver/Src/stm32f1xx_hal_rcc_ex.o" --specs=nano.specs -mfloat-abi=soft -mthumb -o "Drivers/STM32F1xx_HAL_Driver/Src/stm32f1xx_hal_rcc_ex.o"
arm-none-eabi-gcc "../Drivers/STM32F1xx_HAL_Driver/Src/stm32f1xx_hal_tim.c" -mcpu=cortex-m3 -std=gnu11 -g3 -DDEBUG -DUSE_HAL_DRIVER -DSTM32F103xE -c -I../Core/Inc -I../Drivers/STM32F1xx_HAL_Driver/Inc/Legacy -I../Drivers/STM32F1xx_HAL_Driver/Inc -I../Drivers/CMSIS/Device/ST/STM32F1xx/Include -I../Drivers/CMSIS/Include -O0 -ffunction-sections -fdata-sections -Wall -fstack-usage -fcyclomatic-complexity -MMD -MP -MF"Drivers/STM32F1xx_HAL_Driver/Src/stm32f1xx_hal_tim.d" -MT"Drivers/STM32F1xx_HAL_Driver/Src/stm32f1xx_hal_tim.o" --specs=nano.specs -mfloat-abi=soft -mthumb -o "Drivers/STM32F1xx_HAL_Driver/Src/stm32f1xx_hal_tim.o"
arm-none-eabi-gcc "../Drivers/STM32F1xx_HAL_Driver/Src/stm32f1xx_hal_tim_ex.c" -mcpu=cortex-m3 -std=gnu11 -g3 -DDEBUG -DUSE_HAL_DRIVER -DSTM32F103xE -c -I../Core/Inc -I../Drivers/STM32F1xx_HAL_Driver/Inc/Legacy -I../Drivers/STM32F1xx_HAL_Driver/Inc -I../Drivers/CMSIS/Device/ST/STM32F1xx/Include -I../Drivers/CMSIS/Include -O0 -ffunction-sections -fdata-sections -Wall -fstack-usage -fcyclomatic-complexity -MMD -MP -MF"Drivers/STM32F1xx_HAL_Driver/Src/stm32f1xx_hal_tim_ex.d" -MT"Drivers/STM32F1xx_HAL_Driver/Src/stm32f1xx_hal_tim_ex.o" --specs=nano.specs -mfloat-abi=soft -mthumb -o "Drivers/STM32F1xx_HAL_Driver/Src/stm32f1xx_hal_tim_ex.o"
arm-none-eabi-gcc -mcpu=cortex-m3 -g3 -DDEBUG -c -x assembler-with-cpp -MMD -MP -MF"Core/Startup/startup_stm32f103rctx.d" -MT"Core/Startup/startup_stm32f103rctx.o" --specs=nano.specs -mfloat-abi=soft -mthumb -o "Core/Startup/startup_stm32f103rctx.o" "../Core/Startup/startup_stm32f103rctx.s"
arm-none-eabi-gcc "../Core/Src/main.c" -mcpu=cortex-m3 -std=gnu11 -g3 -DDEBUG -DUSE_HAL_DRIVER -DSTM32F103xE -c -I../Core/Inc -I../Drivers/STM32F1xx_HAL_Driver/Inc/Legacy -I../Drivers/STM32F1xx_HAL_Driver/Inc -I../Drivers/CMSIS/Device/ST/STM32F1xx/Include -I../Drivers/CMSIS/Include -O0 -ffunction-sections -fdata-sections -Wall -fstack-usage -fcyclomatic-complexity -MMD -MP -MF"Core/Src/main.d" -MT"Core/Src/main.o" --specs=nano.specs -mfloat-abi=soft -mthumb -o "Core/Src/main.o"
arm-none-eabi-gcc "../Core/Src/stm32f1xx_hal_msp.c" -mcpu=cortex-m3 -std=gnu11 -g3 -DDEBUG -DUSE_HAL_DRIVER -DSTM32F103xE -c -I../Core/Inc -I../Drivers/STM32F1xx_HAL_Driver/Inc/Legacy -I../Drivers/STM32F1xx_HAL_Driver/Inc -I../Drivers/CMSIS/Device/ST/STM32F1xx/Include -I../Drivers/CMSIS/Include -O0 -ffunction-sections -fdata-sections -Wall -fstack-usage -fcyclomatic-complexity -MMD -MP -MF"Core/Src/stm32f1xx_hal_msp.d" -MT"Core/Src/stm32f1xx_hal_msp.o" --specs=nano.specs -mfloat-abi=soft -mthumb -o "Core/Src/stm32f1xx_hal_msp.o"
arm-none-eabi-gcc "../Core/Src/stm32f1xx_it.c" -mcpu=cortex-m3 -std=gnu11 -g3 -DDEBUG -DUSE_HAL_DRIVER -DSTM32F103xE -c -I../Core/Inc -I../Drivers/STM32F1xx_HAL_Driver/Inc/Legacy -I../Drivers/STM32F1xx_HAL_Driver/Inc -I../Drivers/CMSIS/Device/ST/STM32F1xx/Include -I../Drivers/CMSIS/Include -O0 -ffunction-sections -fdata-sections -Wall -fstack-usage -fcyclomatic-complexity -MMD -MP -MF"Core/Src/stm32f1xx_it.d" -MT"Core/Src/stm32f1xx_it.o" --specs=nano.specs -mfloat-abi=soft -mthumb -o "Core/Src/stm32f1xx_it.o"
arm-none-eabi-gcc "../Core/Src/syscalls.c" -mcpu=cortex-m3 -std=gnu11 -g3 -DDEBUG -DUSE_HAL_DRIVER -DSTM32F103xE -c -I../Core/Inc -I../Drivers/STM32F1xx_HAL_Driver/Inc/Legacy -I../Drivers/STM32F1xx_HAL_Driver/Inc -I../Drivers/CMSIS/Device/ST/STM32F1xx/Include -I../Drivers/CMSIS/Include -O0 -ffunction-sections -fdata-sections -Wall -fstack-usage -fcyclomatic-complexity -MMD -MP -MF"Core/Src/syscalls.d" -MT"Core/Src/syscalls.o" --specs=nano.specs -mfloat-abi=soft -mthumb -o "Core/Src/syscalls.o"
arm-none-eabi-gcc "../Core/Src/sysmem.c" -mcpu=cortex-m3 -std=gnu11 -g3 -DDEBUG -DUSE_HAL_DRIVER -DSTM32F103xE -c -I../Core/Inc -I../Drivers/STM32F1xx_HAL_Driver/Inc/Legacy -I../Drivers/STM32F1xx_HAL_Driver/Inc -I../Drivers/CMSIS/Device/ST/STM32F1xx/Include -I../Drivers/CMSIS/Include -O0 -ffunction-sections -fdata-sections -Wall -fstack-usage -fcyclomatic-complexity -MMD -MP -MF"Core/Src/sysmem.d" -MT"Core/Src/sysmem.o" --specs=nano.specs -mfloat-abi=soft -mthumb -o "Core/Src/sysmem.o"
../Core/Src/main.c: In function 'main':
../Core/Src/main.c:112:11: warning: implicit declaration of function 'HAL_GPIO_WrintePin'; did you mean 'HAL_GPIO_WritePin'? [-Wimplicit-function-declaration]
  112 |           HAL_GPIO_WrintePin(LED1_GPIO_Port, LED1_Pin, GPIO_PIN_RESET);
      |           ^~~~~~~~~~~~~~~~~~
      |           HAL_GPIO_WritePin
arm-none-eabi-gcc "../Core/Src/system_stm32f1xx.c" -mcpu=cortex-m3 -std=gnu11 -g3 -DDEBUG -DUSE_HAL_DRIVER -DSTM32F103xE -c -I../Core/Inc -I../Drivers/STM32F1xx_HAL_Driver/Inc/Legacy -I../Drivers/STM32F1xx_HAL_Driver/Inc -I../Drivers/CMSIS/Device/ST/STM32F1xx/Include -I../Drivers/CMSIS/Include -O0 -ffunction-sections -fdata-sections -Wall -fstack-usage -fcyclomatic-complexity -MMD -MP -MF"Core/Src/system_stm32f1xx.d" -MT"Core/Src/system_stm32f1xx.o" --specs=nano.specs -mfloat-abi=soft -mthumb -o "Core/Src/system_stm32f1xx.o"
arm-none-eabi-gcc -o "B60C0_1st.elf" @"objects.list"   -mcpu=cortex-m3 -T"Z:\ucomp_stm\B60C0_1st\STM32F103RCTX_FLASH.ld" --specs=nosys.specs -Wl,-Map="B60C0_1st.map" -Wl,--gc-sections -static --specs=nano.specs -mfloat-abi=soft -mthumb -Wl,--start-group -lc -lm -Wl,--end-group
C:/ST/STM32CubeIDE_1.14.1/STM32CubeIDE/plugins/com.st.stm32cube.ide.mcu.externaltools.gnu-tools-for-stm32.12.3.rel1.win32_1.0.200.202406191623/tools/bin/../lib/gcc/arm-none-eabi/12.3.1/../../../../arm-none-eabi/bin/ld.exe: ./Core/Src/main.o: in function `main':
Z:/ucomp_stm/B60C0_1st/Debug/../Core/Src/main.c:112: undefined reference to `HAL_GPIO_WrintePin'
collect2.exe: error: ld returned 1 exit status
make: *** [makefile:64: B60C0_1st.elf] Error 1
"make -j8 all" terminated with exit code 2. Build might be incomplete.
11:53:08 **** Incremental Build of configuration Debug for project B60C0_1st ****
make -j8 all 
arm-none-eabi-gcc -o "B60C0_1st.elf" @"objects.list"   -mcpu=cortex-m3 -T"Z:\ucomp_stm\B60C0_1st\STM32F103RCTX_FLASH.ld" --specs=nosys.specs -Wl,-Map="B60C0_1st.map" -Wl,--gc-sections -static --specs=nano.specs -mfloat-abi=soft -mthumb -Wl,--start-group -lc -lm -Wl,--end-group
C:/ST/STM32CubeIDE_1.14.1/STM32CubeIDE/plugins/com.st.stm32cube.ide.mcu.externaltools.gnu-tools-for-stm32.12.3.rel1.win32_1.0.200.202406191623/tools/bin/../lib/gcc/arm-none-eabi/12.3.1/../../../../arm-none-eabi/bin/ld.exe: ./Core/Src/main.o: in function `main':
Z:/ucomp_stm/B60C0_1st/Debug/../Core/Src/main.c:112: undefined reference to `HAL_GPIO_WrintePin'
collect2.exe: error: ld returned 1 exit status
make: *** [makefile:64: B60C0_1st.elf] Error 1
"make -j8 all" terminated with exit code 2. Build might be incomplete.
11:54:18 **** Incremental Build of configuration Debug for project B60C0_1st ****
make -j8 all 
arm-none-eabi-gcc "../Core/Src/main.c" -mcpu=cortex-m3 -std=gnu11 -g3 -DDEBUG -DUSE_HAL_DRIVER -DSTM32F103xE -c -I../Core/Inc -I../Drivers/STM32F1xx_HAL_Driver/Inc/Legacy -I../Drivers/STM32F1xx_HAL_Driver/Inc -I../Drivers/CMSIS/Device/ST/STM32F1xx/Include -I../Drivers/CMSIS/Include -O0 -ffunction-sections -fdata-sections -Wall -fstack-usage -fcyclomatic-complexity -MMD -MP -MF"Core/Src/main.d" -MT"Core/Src/main.o" --specs=nano.specs -mfloat-abi=soft -mthumb -o "Core/Src/main.o"
arm-none-eabi-gcc -o "B60C0_1st.elf" @"objects.list"   -mcpu=cortex-m3 -T"Z:\ucomp_stm\B60C0_1st\STM32F103RCTX_FLASH.ld" --specs=nosys.specs -Wl,-Map="B60C0_1st.map" -Wl,--gc-sections -static --specs=nano.specs -mfloat-abi=soft -mthumb -Wl,--start-group -lc -lm -Wl,--end-group
Finished building target: B60C0_1st.elf
 
arm-none-eabi-size  B60C0_1st.elf 
arm-none-eabi-objdump -h -S B60C0_1st.elf  > "B60C0_1st.list"
   text	   data	    bss	    dec	    hex	filename
   7768	     12	   1764	   9544	   2548	B60C0_1st.elf
Finished building: default.size.stdout
 
Finished building: B60C0_1st.list
 
11:55:01 **** Incremental Build of configuration Debug for project B60C0_1st ****
make -j8 all 
arm-none-eabi-size  B60C0_1st.elf 
   text	   data	    bss	    dec	    hex	filename
   7768	     12	   1764	   9544	   2548	B60C0_1st.elf
Finished building: default.size.stdout
 
11:55:37 **** Incremental Build of configuration Debug for project B60C0_1st ****
make -j8 all 
arm-none-eabi-size  B60C0_1st.elf 
   text	   data	    bss	    dec	    hex	filename
   7768	     12	   1764	   9544	   2548	B60C0_1st.elf
Finished building: default.size.stdout
 
12:09:52 **** Incremental Build of configuration Debug for project B60C0_1st ****
make -j8 all 
arm-none-eabi-size  B60C0_1st.elf 
   text	   data	    bss	    dec	    hex	filename
   7768	     12	   1764	   9544	   2548	B60C0_1st.elf
Finished building: default.size.stdout
 
10:11:42 **** Build of configuration Debug for project stwork01_24eo0118 ****
make -j8 all 
arm-none-eabi-gcc "../Drivers/STM32F1xx_HAL_Driver/Src/stm32f1xx_hal.c" -mcpu=cortex-m3 -std=gnu11 -g3 -DDEBUG -DUSE_HAL_DRIVER -DSTM32F103xE -c -I../Core/Inc -I../Drivers/STM32F1xx_HAL_Driver/Inc -I../Drivers/STM32F1xx_HAL_Driver/Inc/Legacy -I../Drivers/CMSIS/Device/ST/STM32F1xx/Include -I../Drivers/CMSIS/Include -O0 -ffunction-sections -fdata-sections -Wall -fstack-usage -fcyclomatic-complexity -MMD -MP -MF"Drivers/STM32F1xx_HAL_Driver/Src/stm32f1xx_hal.d" -MT"Drivers/STM32F1xx_HAL_Driver/Src/stm32f1xx_hal.o" --specs=nano.specs -mfloat-abi=soft -mthumb -o "Drivers/STM32F1xx_HAL_Driver/Src/stm32f1xx_hal.o"
arm-none-eabi-gcc "../Drivers/STM32F1xx_HAL_Driver/Src/stm32f1xx_hal_adc.c" -mcpu=cortex-m3 -std=gnu11 -g3 -DDEBUG -DUSE_HAL_DRIVER -DSTM32F103xE -c -I../Core/Inc -I../Drivers/STM32F1xx_HAL_Driver/Inc -I../Drivers/STM32F1xx_HAL_Driver/Inc/Legacy -I../Drivers/CMSIS/Device/ST/STM32F1xx/Include -I../Drivers/CMSIS/Include -O0 -ffunction-sections -fdata-sections -Wall -fstack-usage -fcyclomatic-complexity -MMD -MP -MF"Drivers/STM32F1xx_HAL_Driver/Src/stm32f1xx_hal_adc.d" -MT"Drivers/STM32F1xx_HAL_Driver/Src/stm32f1xx_hal_adc.o" --specs=nano.specs -mfloat-abi=soft -mthumb -o "Drivers/STM32F1xx_HAL_Driver/Src/stm32f1xx_hal_adc.o"
arm-none-eabi-gcc "../Drivers/STM32F1xx_HAL_Driver/Src/stm32f1xx_hal_adc_ex.c" -mcpu=cortex-m3 -std=gnu11 -g3 -DDEBUG -DUSE_HAL_DRIVER -DSTM32F103xE -c -I../Core/Inc -I../Drivers/STM32F1xx_HAL_Driver/Inc -I../Drivers/STM32F1xx_HAL_Driver/Inc/Legacy -I../Drivers/CMSIS/Device/ST/STM32F1xx/Include -I../Drivers/CMSIS/Include -O0 -ffunction-sections -fdata-sections -Wall -fstack-usage -fcyclomatic-complexity -MMD -MP -MF"Drivers/STM32F1xx_HAL_Driver/Src/stm32f1xx_hal_adc_ex.d" -MT"Drivers/STM32F1xx_HAL_Driver/Src/stm32f1xx_hal_adc_ex.o" --specs=nano.specs -mfloat-abi=soft -mthumb -o "Drivers/STM32F1xx_HAL_Driver/Src/stm32f1xx_hal_adc_ex.o"
arm-none-eabi-gcc "../Drivers/STM32F1xx_HAL_Driver/Src/stm32f1xx_hal_cortex.c" -mcpu=cortex-m3 -std=gnu11 -g3 -DDEBUG -DUSE_HAL_DRIVER -DSTM32F103xE -c -I../Core/Inc -I../Drivers/STM32F1xx_HAL_Driver/Inc -I../Drivers/STM32F1xx_HAL_Driver/Inc/Legacy -I../Drivers/CMSIS/Device/ST/STM32F1xx/Include -I../Drivers/CMSIS/Include -O0 -ffunction-sections -fdata-sections -Wall -fstack-usage -fcyclomatic-complexity -MMD -MP -MF"Drivers/STM32F1xx_HAL_Driver/Src/stm32f1xx_hal_cortex.d" -MT"Drivers/STM32F1xx_HAL_Driver/Src/stm32f1xx_hal_cortex.o" --specs=nano.specs -mfloat-abi=soft -mthumb -o "Drivers/STM32F1xx_HAL_Driver/Src/stm32f1xx_hal_cortex.o"
arm-none-eabi-gcc "../Drivers/STM32F1xx_HAL_Driver/Src/stm32f1xx_hal_dma.c" -mcpu=cortex-m3 -std=gnu11 -g3 -DDEBUG -DUSE_HAL_DRIVER -DSTM32F103xE -c -I../Core/Inc -I../Drivers/STM32F1xx_HAL_Driver/Inc -I../Drivers/STM32F1xx_HAL_Driver/Inc/Legacy -I../Drivers/CMSIS/Device/ST/STM32F1xx/Include -I../Drivers/CMSIS/Include -O0 -ffunction-sections -fdata-sections -Wall -fstack-usage -fcyclomatic-complexity -MMD -MP -MF"Drivers/STM32F1xx_HAL_Driver/Src/stm32f1xx_hal_dma.d" -MT"Drivers/STM32F1xx_HAL_Driver/Src/stm32f1xx_hal_dma.o" --specs=nano.specs -mfloat-abi=soft -mthumb -o "Drivers/STM32F1xx_HAL_Driver/Src/stm32f1xx_hal_dma.o"
arm-none-eabi-gcc "../Drivers/STM32F1xx_HAL_Driver/Src/stm32f1xx_hal_exti.c" -mcpu=cortex-m3 -std=gnu11 -g3 -DDEBUG -DUSE_HAL_DRIVER -DSTM32F103xE -c -I../Core/Inc -I../Drivers/STM32F1xx_HAL_Driver/Inc -I../Drivers/STM32F1xx_HAL_Driver/Inc/Legacy -I../Drivers/CMSIS/Device/ST/STM32F1xx/Include -I../Drivers/CMSIS/Include -O0 -ffunction-sections -fdata-sections -Wall -fstack-usage -fcyclomatic-complexity -MMD -MP -MF"Drivers/STM32F1xx_HAL_Driver/Src/stm32f1xx_hal_exti.d" -MT"Drivers/STM32F1xx_HAL_Driver/Src/stm32f1xx_hal_exti.o" --specs=nano.specs -mfloat-abi=soft -mthumb -o "Drivers/STM32F1xx_HAL_Driver/Src/stm32f1xx_hal_exti.o"
arm-none-eabi-gcc "../Drivers/STM32F1xx_HAL_Driver/Src/stm32f1xx_hal_flash.c" -mcpu=cortex-m3 -std=gnu11 -g3 -DDEBUG -DUSE_HAL_DRIVER -DSTM32F103xE -c -I../Core/Inc -I../Drivers/STM32F1xx_HAL_Driver/Inc -I../Drivers/STM32F1xx_HAL_Driver/Inc/Legacy -I../Drivers/CMSIS/Device/ST/STM32F1xx/Include -I../Drivers/CMSIS/Include -O0 -ffunction-sections -fdata-sections -Wall -fstack-usage -fcyclomatic-complexity -MMD -MP -MF"Drivers/STM32F1xx_HAL_Driver/Src/stm32f1xx_hal_flash.d" -MT"Drivers/STM32F1xx_HAL_Driver/Src/stm32f1xx_hal_flash.o" --specs=nano.specs -mfloat-abi=soft -mthumb -o "Drivers/STM32F1xx_HAL_Driver/Src/stm32f1xx_hal_flash.o"
arm-none-eabi-gcc "../Drivers/STM32F1xx_HAL_Driver/Src/stm32f1xx_hal_flash_ex.c" -mcpu=cortex-m3 -std=gnu11 -g3 -DDEBUG -DUSE_HAL_DRIVER -DSTM32F103xE -c -I../Core/Inc -I../Drivers/STM32F1xx_HAL_Driver/Inc -I../Drivers/STM32F1xx_HAL_Driver/Inc/Legacy -I../Drivers/CMSIS/Device/ST/STM32F1xx/Include -I../Drivers/CMSIS/Include -O0 -ffunction-sections -fdata-sections -Wall -fstack-usage -fcyclomatic-complexity -MMD -MP -MF"Drivers/STM32F1xx_HAL_Driver/Src/stm32f1xx_hal_flash_ex.d" -MT"Drivers/STM32F1xx_HAL_Driver/Src/stm32f1xx_hal_flash_ex.o" --specs=nano.specs -mfloat-abi=soft -mthumb -o "Drivers/STM32F1xx_HAL_Driver/Src/stm32f1xx_hal_flash_ex.o"
arm-none-eabi-gcc "../Drivers/STM32F1xx_HAL_Driver/Src/stm32f1xx_hal_gpio.c" -mcpu=cortex-m3 -std=gnu11 -g3 -DDEBUG -DUSE_HAL_DRIVER -DSTM32F103xE -c -I../Core/Inc -I../Drivers/STM32F1xx_HAL_Driver/Inc -I../Drivers/STM32F1xx_HAL_Driver/Inc/Legacy -I../Drivers/CMSIS/Device/ST/STM32F1xx/Include -I../Drivers/CMSIS/Include -O0 -ffunction-sections -fdata-sections -Wall -fstack-usage -fcyclomatic-complexity -MMD -MP -MF"Drivers/STM32F1xx_HAL_Driver/Src/stm32f1xx_hal_gpio.d" -MT"Drivers/STM32F1xx_HAL_Driver/Src/stm32f1xx_hal_gpio.o" --specs=nano.specs -mfloat-abi=soft -mthumb -o "Drivers/STM32F1xx_HAL_Driver/Src/stm32f1xx_hal_gpio.o"
arm-none-eabi-gcc "../Drivers/STM32F1xx_HAL_Driver/Src/stm32f1xx_hal_gpio_ex.c" -mcpu=cortex-m3 -std=gnu11 -g3 -DDEBUG -DUSE_HAL_DRIVER -DSTM32F103xE -c -I../Core/Inc -I../Drivers/STM32F1xx_HAL_Driver/Inc -I../Drivers/STM32F1xx_HAL_Driver/Inc/Legacy -I../Drivers/CMSIS/Device/ST/STM32F1xx/Include -I../Drivers/CMSIS/Include -O0 -ffunction-sections -fdata-sections -Wall -fstack-usage -fcyclomatic-complexity -MMD -MP -MF"Drivers/STM32F1xx_HAL_Driver/Src/stm32f1xx_hal_gpio_ex.d" -MT"Drivers/STM32F1xx_HAL_Driver/Src/stm32f1xx_hal_gpio_ex.o" --specs=nano.specs -mfloat-abi=soft -mthumb -o "Drivers/STM32F1xx_HAL_Driver/Src/stm32f1xx_hal_gpio_ex.o"
arm-none-eabi-gcc "../Drivers/STM32F1xx_HAL_Driver/Src/stm32f1xx_hal_pwr.c" -mcpu=cortex-m3 -std=gnu11 -g3 -DDEBUG -DUSE_HAL_DRIVER -DSTM32F103xE -c -I../Core/Inc -I../Drivers/STM32F1xx_HAL_Driver/Inc -I../Drivers/STM32F1xx_HAL_Driver/Inc/Legacy -I../Drivers/CMSIS/Device/ST/STM32F1xx/Include -I../Drivers/CMSIS/Include -O0 -ffunction-sections -fdata-sections -Wall -fstack-usage -fcyclomatic-complexity -MMD -MP -MF"Drivers/STM32F1xx_HAL_Driver/Src/stm32f1xx_hal_pwr.d" -MT"Drivers/STM32F1xx_HAL_Driver/Src/stm32f1xx_hal_pwr.o" --specs=nano.specs -mfloat-abi=soft -mthumb -o "Drivers/STM32F1xx_HAL_Driver/Src/stm32f1xx_hal_pwr.o"
arm-none-eabi-gcc "../Drivers/STM32F1xx_HAL_Driver/Src/stm32f1xx_hal_rcc.c" -mcpu=cortex-m3 -std=gnu11 -g3 -DDEBUG -DUSE_HAL_DRIVER -DSTM32F103xE -c -I../Core/Inc -I../Drivers/STM32F1xx_HAL_Driver/Inc -I../Drivers/STM32F1xx_HAL_Driver/Inc/Legacy -I../Drivers/CMSIS/Device/ST/STM32F1xx/Include -I../Drivers/CMSIS/Include -O0 -ffunction-sections -fdata-sections -Wall -fstack-usage -fcyclomatic-complexity -MMD -MP -MF"Drivers/STM32F1xx_HAL_Driver/Src/stm32f1xx_hal_rcc.d" -MT"Drivers/STM32F1xx_HAL_Driver/Src/stm32f1xx_hal_rcc.o" --specs=nano.specs -mfloat-abi=soft -mthumb -o "Drivers/STM32F1xx_HAL_Driver/Src/stm32f1xx_hal_rcc.o"
arm-none-eabi-gcc "../Drivers/STM32F1xx_HAL_Driver/Src/stm32f1xx_hal_rcc_ex.c" -mcpu=cortex-m3 -std=gnu11 -g3 -DDEBUG -DUSE_HAL_DRIVER -DSTM32F103xE -c -I../Core/Inc -I../Drivers/STM32F1xx_HAL_Driver/Inc -I../Drivers/STM32F1xx_HAL_Driver/Inc/Legacy -I../Drivers/CMSIS/Device/ST/STM32F1xx/Include -I../Drivers/CMSIS/Include -O0 -ffunction-sections -fdata-sections -Wall -fstack-usage -fcyclomatic-complexity -MMD -MP -MF"Drivers/STM32F1xx_HAL_Driver/Src/stm32f1xx_hal_rcc_ex.d" -MT"Drivers/STM32F1xx_HAL_Driver/Src/stm32f1xx_hal_rcc_ex.o" --specs=nano.specs -mfloat-abi=soft -mthumb -o "Drivers/STM32F1xx_HAL_Driver/Src/stm32f1xx_hal_rcc_ex.o"
arm-none-eabi-gcc "../Drivers/STM32F1xx_HAL_Driver/Src/stm32f1xx_hal_tim.c" -mcpu=cortex-m3 -std=gnu11 -g3 -DDEBUG -DUSE_HAL_DRIVER -DSTM32F103xE -c -I../Core/Inc -I../Drivers/STM32F1xx_HAL_Driver/Inc -I../Drivers/STM32F1xx_HAL_Driver/Inc/Legacy -I../Drivers/CMSIS/Device/ST/STM32F1xx/Include -I../Drivers/CMSIS/Include -O0 -ffunction-sections -fdata-sections -Wall -fstack-usage -fcyclomatic-complexity -MMD -MP -MF"Drivers/STM32F1xx_HAL_Driver/Src/stm32f1xx_hal_tim.d" -MT"Drivers/STM32F1xx_HAL_Driver/Src/stm32f1xx_hal_tim.o" --specs=nano.specs -mfloat-abi=soft -mthumb -o "Drivers/STM32F1xx_HAL_Driver/Src/stm32f1xx_hal_tim.o"
arm-none-eabi-gcc "../Drivers/STM32F1xx_HAL_Driver/Src/stm32f1xx_hal_tim_ex.c" -mcpu=cortex-m3 -std=gnu11 -g3 -DDEBUG -DUSE_HAL_DRIVER -DSTM32F103xE -c -I../Core/Inc -I../Drivers/STM32F1xx_HAL_Driver/Inc -I../Drivers/STM32F1xx_HAL_Driver/Inc/Legacy -I../Drivers/CMSIS/Device/ST/STM32F1xx/Include -I../Drivers/CMSIS/Include -O0 -ffunction-sections -fdata-sections -Wall -fstack-usage -fcyclomatic-complexity -MMD -MP -MF"Drivers/STM32F1xx_HAL_Driver/Src/stm32f1xx_hal_tim_ex.d" -MT"Drivers/STM32F1xx_HAL_Driver/Src/stm32f1xx_hal_tim_ex.o" --specs=nano.specs -mfloat-abi=soft -mthumb -o "Drivers/STM32F1xx_HAL_Driver/Src/stm32f1xx_hal_tim_ex.o"
arm-none-eabi-gcc -mcpu=cortex-m3 -g3 -DDEBUG -c -x assembler-with-cpp -MMD -MP -MF"Core/Startup/startup_stm32f103rctx.d" -MT"Core/Startup/startup_stm32f103rctx.o" --specs=nano.specs -mfloat-abi=soft -mthumb -o "Core/Startup/startup_stm32f103rctx.o" "../Core/Startup/startup_stm32f103rctx.s"
arm-none-eabi-gcc "../Core/Src/main.c" -mcpu=cortex-m3 -std=gnu11 -g3 -DDEBUG -DUSE_HAL_DRIVER -DSTM32F103xE -c -I../Core/Inc -I../Drivers/STM32F1xx_HAL_Driver/Inc -I../Drivers/STM32F1xx_HAL_Driver/Inc/Legacy -I../Drivers/CMSIS/Device/ST/STM32F1xx/Include -I../Drivers/CMSIS/Include -O0 -ffunction-sections -fdata-sections -Wall -fstack-usage -fcyclomatic-complexity -MMD -MP -MF"Core/Src/main.d" -MT"Core/Src/main.o" --specs=nano.specs -mfloat-abi=soft -mthumb -o "Core/Src/main.o"
arm-none-eabi-gcc "../Core/Src/stm32f1xx_hal_msp.c" -mcpu=cortex-m3 -std=gnu11 -g3 -DDEBUG -DUSE_HAL_DRIVER -DSTM32F103xE -c -I../Core/Inc -I../Drivers/STM32F1xx_HAL_Driver/Inc -I../Drivers/STM32F1xx_HAL_Driver/Inc/Legacy -I../Drivers/CMSIS/Device/ST/STM32F1xx/Include -I../Drivers/CMSIS/Include -O0 -ffunction-sections -fdata-sections -Wall -fstack-usage -fcyclomatic-complexity -MMD -MP -MF"Core/Src/stm32f1xx_hal_msp.d" -MT"Core/Src/stm32f1xx_hal_msp.o" --specs=nano.specs -mfloat-abi=soft -mthumb -o "Core/Src/stm32f1xx_hal_msp.o"
arm-none-eabi-gcc "../Core/Src/stm32f1xx_it.c" -mcpu=cortex-m3 -std=gnu11 -g3 -DDEBUG -DUSE_HAL_DRIVER -DSTM32F103xE -c -I../Core/Inc -I../Drivers/STM32F1xx_HAL_Driver/Inc -I../Drivers/STM32F1xx_HAL_Driver/Inc/Legacy -I../Drivers/CMSIS/Device/ST/STM32F1xx/Include -I../Drivers/CMSIS/Include -O0 -ffunction-sections -fdata-sections -Wall -fstack-usage -fcyclomatic-complexity -MMD -MP -MF"Core/Src/stm32f1xx_it.d" -MT"Core/Src/stm32f1xx_it.o" --specs=nano.specs -mfloat-abi=soft -mthumb -o "Core/Src/stm32f1xx_it.o"
arm-none-eabi-gcc "../Core/Src/syscalls.c" -mcpu=cortex-m3 -std=gnu11 -g3 -DDEBUG -DUSE_HAL_DRIVER -DSTM32F103xE -c -I../Core/Inc -I../Drivers/STM32F1xx_HAL_Driver/Inc -I../Drivers/STM32F1xx_HAL_Driver/Inc/Legacy -I../Drivers/CMSIS/Device/ST/STM32F1xx/Include -I../Drivers/CMSIS/Include -O0 -ffunction-sections -fdata-sections -Wall -fstack-usage -fcyclomatic-complexity -MMD -MP -MF"Core/Src/syscalls.d" -MT"Core/Src/syscalls.o" --specs=nano.specs -mfloat-abi=soft -mthumb -o "Core/Src/syscalls.o"
arm-none-eabi-gcc "../Core/Src/sysmem.c" -mcpu=cortex-m3 -std=gnu11 -g3 -DDEBUG -DUSE_HAL_DRIVER -DSTM32F103xE -c -I../Core/Inc -I../Drivers/STM32F1xx_HAL_Driver/Inc -I../Drivers/STM32F1xx_HAL_Driver/Inc/Legacy -I../Drivers/CMSIS/Device/ST/STM32F1xx/Include -I../Drivers/CMSIS/Include -O0 -ffunction-sections -fdata-sections -Wall -fstack-usage -fcyclomatic-complexity -MMD -MP -MF"Core/Src/sysmem.d" -MT"Core/Src/sysmem.o" --specs=nano.specs -mfloat-abi=soft -mthumb -o "Core/Src/sysmem.o"
arm-none-eabi-gcc "../Core/Src/system_stm32f1xx.c" -mcpu=cortex-m3 -std=gnu11 -g3 -DDEBUG -DUSE_HAL_DRIVER -DSTM32F103xE -c -I../Core/Inc -I../Drivers/STM32F1xx_HAL_Driver/Inc -I../Drivers/STM32F1xx_HAL_Driver/Inc/Legacy -I../Drivers/CMSIS/Device/ST/STM32F1xx/Include -I../Drivers/CMSIS/Include -O0 -ffunction-sections -fdata-sections -Wall -fstack-usage -fcyclomatic-complexity -MMD -MP -MF"Core/Src/system_stm32f1xx.d" -MT"Core/Src/system_stm32f1xx.o" --specs=nano.specs -mfloat-abi=soft -mthumb -o "Core/Src/system_stm32f1xx.o"
arm-none-eabi-gcc -o "stwork01_24eo0118.elf" @"objects.list"   -mcpu=cortex-m3 -T"Z:\ucomp_stm\stwork01_24eo0118\STM32F103RCTX_FLASH.ld" --specs=nosys.specs -Wl,-Map="stwork01_24eo0118.map" -Wl,--gc-sections -static --specs=nano.specs -mfloat-abi=soft -mthumb -Wl,--start-group -lc -lm -Wl,--end-group
Finished building target: stwork01_24eo0118.elf
 
arm-none-eabi-size  stwork01_24eo0118.elf 
arm-none-eabi-objdump -h -S stwork01_24eo0118.elf  > "stwork01_24eo0118.list"
   text	   data	    bss	    dec	    hex	filename
   7652	     12	   1764	   9428	   24d4	stwork01_24eo0118.elf
Finished building: default.size.stdout
 
Finished building: stwork01_24eo0118.list
 
10:17:48 **** Incremental Build of configuration Debug for project stwork01_24eo0118 ****
make -j8 all 
arm-none-eabi-gcc "../Core/Src/main.c" -mcpu=cortex-m3 -std=gnu11 -g3 -DDEBUG -DUSE_HAL_DRIVER -DSTM32F103xE -c -I../Core/Inc -I../Drivers/STM32F1xx_HAL_Driver/Inc -I../Drivers/STM32F1xx_HAL_Driver/Inc/Legacy -I../Drivers/CMSIS/Device/ST/STM32F1xx/Include -I../Drivers/CMSIS/Include -O0 -ffunction-sections -fdata-sections -Wall -fstack-usage -fcyclomatic-complexity -MMD -MP -MF"Core/Src/main.d" -MT"Core/Src/main.o" --specs=nano.specs -mfloat-abi=soft -mthumb -o "Core/Src/main.o"
../Core/Src/main.c: In function 'main':
../Core/Src/main.c:111:72: error: 'SW8_GPIO_Porn' undeclared (first use in this function); did you mean 'SW8_GPIO_Port'?
  111 |           HAL_GPIO_WritePin(LED1_GPIO_Port, LED1_Pin, HAL_GPIO_ReadPin(SW8_GPIO_Porn, SW(_Pin));
      |                                                                        ^~~~~~~~~~~~~
      |                                                                        SW8_GPIO_Port
../Core/Src/main.c:111:72: note: each undeclared identifier is reported only once for each function it appears in
../Core/Src/main.c:111:87: warning: implicit declaration of function 'SW' [-Wimplicit-function-declaration]
  111 |           HAL_GPIO_WritePin(LED1_GPIO_Port, LED1_Pin, HAL_GPIO_ReadPin(SW8_GPIO_Porn, SW(_Pin));
      |                                                                                       ^~
../Core/Src/main.c:111:90: error: '_Pin' undeclared (first use in this function)
  111 |           HAL_GPIO_WritePin(LED1_GPIO_Port, LED1_Pin, HAL_GPIO_ReadPin(SW8_GPIO_Porn, SW(_Pin));
      |                                                                                          ^~~~
../Core/Src/main.c:111:96: error: expected ')' before ';' token
  111 |           HAL_GPIO_WritePin(LED1_GPIO_Port, LED1_Pin, HAL_GPIO_ReadPin(SW8_GPIO_Porn, SW(_Pin));
      |                            ~                                                                   ^
      |                                                                                                )
../Core/Src/main.c:111:97: error: expected ';' before '}' token
  111 |           HAL_GPIO_WritePin(LED1_GPIO_Port, LED1_Pin, HAL_GPIO_ReadPin(SW8_GPIO_Porn, SW(_Pin));
      |                                                                                                 ^
      |                                                                                                 ;
  112 |   }
      |   ~                                                                                              
make: *** [Core/Src/subdir.mk:34: Core/Src/main.o] Error 1
"make -j8 all" terminated with exit code 2. Build might be incomplete.
10:18:52 **** Incremental Build of configuration Debug for project stwork01_24eo0118 ****
make -j8 all 
arm-none-eabi-gcc "../Core/Src/main.c" -mcpu=cortex-m3 -std=gnu11 -g3 -DDEBUG -DUSE_HAL_DRIVER -DSTM32F103xE -c -I../Core/Inc -I../Drivers/STM32F1xx_HAL_Driver/Inc -I../Drivers/STM32F1xx_HAL_Driver/Inc/Legacy -I../Drivers/CMSIS/Device/ST/STM32F1xx/Include -I../Drivers/CMSIS/Include -O0 -ffunction-sections -fdata-sections -Wall -fstack-usage -fcyclomatic-complexity -MMD -MP -MF"Core/Src/main.d" -MT"Core/Src/main.o" --specs=nano.specs -mfloat-abi=soft -mthumb -o "Core/Src/main.o"
../Core/Src/main.c: In function 'main':
../Core/Src/main.c:111:87: warning: implicit declaration of function 'SW' [-Wimplicit-function-declaration]
  111 |           HAL_GPIO_WritePin(LED1_GPIO_Port, LED1_Pin, HAL_GPIO_ReadPin(SW8_GPIO_Port, SW(_Pin));
      |                                                                                       ^~
../Core/Src/main.c:111:90: error: '_Pin' undeclared (first use in this function)
  111 |           HAL_GPIO_WritePin(LED1_GPIO_Port, LED1_Pin, HAL_GPIO_ReadPin(SW8_GPIO_Port, SW(_Pin));
      |                                                                                          ^~~~
../Core/Src/main.c:111:90: note: each undeclared identifier is reported only once for each function it appears in
../Core/Src/main.c:111:96: error: expected ')' before ';' token
  111 |           HAL_GPIO_WritePin(LED1_GPIO_Port, LED1_Pin, HAL_GPIO_ReadPin(SW8_GPIO_Port, SW(_Pin));
      |                            ~                                                                   ^
      |                                                                                                )
../Core/Src/main.c:111:97: error: expected ';' before '}' token
  111 |           HAL_GPIO_WritePin(LED1_GPIO_Port, LED1_Pin, HAL_GPIO_ReadPin(SW8_GPIO_Port, SW(_Pin));
      |                                                                                                 ^
      |                                                                                                 ;
  112 |   }
      |   ~                                                                                              
make: *** [Core/Src/subdir.mk:34: Core/Src/main.o] Error 1
"make -j8 all" terminated with exit code 2. Build might be incomplete.
10:19:17 **** Incremental Build of configuration Debug for project stwork01_24eo0118 ****
make -j8 all 
arm-none-eabi-gcc "../Core/Src/main.c" -mcpu=cortex-m3 -std=gnu11 -g3 -DDEBUG -DUSE_HAL_DRIVER -DSTM32F103xE -c -I../Core/Inc -I../Drivers/STM32F1xx_HAL_Driver/Inc -I../Drivers/STM32F1xx_HAL_Driver/Inc/Legacy -I../Drivers/CMSIS/Device/ST/STM32F1xx/Include -I../Drivers/CMSIS/Include -O0 -ffunction-sections -fdata-sections -Wall -fstack-usage -fcyclomatic-complexity -MMD -MP -MF"Core/Src/main.d" -MT"Core/Src/main.o" --specs=nano.specs -mfloat-abi=soft -mthumb -o "Core/Src/main.o"
arm-none-eabi-gcc -o "stwork01_24eo0118.elf" @"objects.list"   -mcpu=cortex-m3 -T"Z:\ucomp_stm\stwork01_24eo0118\STM32F103RCTX_FLASH.ld" --specs=nosys.specs -Wl,-Map="stwork01_24eo0118.map" -Wl,--gc-sections -static --specs=nano.specs -mfloat-abi=soft -mthumb -Wl,--start-group -lc -lm -Wl,--end-group
Finished building target: stwork01_24eo0118.elf
 
arm-none-eabi-size  stwork01_24eo0118.elf 
arm-none-eabi-objdump -h -S stwork01_24eo0118.elf  > "stwork01_24eo0118.list"
   text	   data	    bss	    dec	    hex	filename
   7724	     12	   1764	   9500	   251c	stwork01_24eo0118.elf
Finished building: default.size.stdout
 
Finished building: stwork01_24eo0118.list
 
10:23:50 **** Incremental Build of configuration Debug for project stwork01_24eo0118 ****
make -j8 all 
arm-none-eabi-gcc "../Core/Src/main.c" -mcpu=cortex-m3 -std=gnu11 -g3 -DDEBUG -DUSE_HAL_DRIVER -DSTM32F103xE -c -I../Core/Inc -I../Drivers/STM32F1xx_HAL_Driver/Inc -I../Drivers/STM32F1xx_HAL_Driver/Inc/Legacy -I../Drivers/CMSIS/Device/ST/STM32F1xx/Include -I../Drivers/CMSIS/Include -O0 -ffunction-sections -fdata-sections -Wall -fstack-usage -fcyclomatic-complexity -MMD -MP -MF"Core/Src/main.d" -MT"Core/Src/main.o" --specs=nano.specs -mfloat-abi=soft -mthumb -o "Core/Src/main.o"
arm-none-eabi-gcc -o "stwork01_24eo0118.elf" @"objects.list"   -mcpu=cortex-m3 -T"Z:\ucomp_stm\stwork01_24eo0118\STM32F103RCTX_FLASH.ld" --specs=nosys.specs -Wl,-Map="stwork01_24eo0118.map" -Wl,--gc-sections -static --specs=nano.specs -mfloat-abi=soft -mthumb -Wl,--start-group -lc -lm -Wl,--end-group
Finished building target: stwork01_24eo0118.elf
 
arm-none-eabi-size  stwork01_24eo0118.elf 
arm-none-eabi-objdump -h -S stwork01_24eo0118.elf  > "stwork01_24eo0118.list"
   text	   data	    bss	    dec	    hex	filename
   7736	     12	   1764	   9512	   2528	stwork01_24eo0118.elf
Finished building: default.size.stdout
 
Finished building: stwork01_24eo0118.list
 
10:28:12 **** Incremental Build of configuration Debug for project stwork01_24eo0118 ****
make -j8 all 
arm-none-eabi-gcc "../Core/Src/main.c" -mcpu=cortex-m3 -std=gnu11 -g3 -DDEBUG -DUSE_HAL_DRIVER -DSTM32F103xE -c -I../Core/Inc -I../Drivers/STM32F1xx_HAL_Driver/Inc -I../Drivers/STM32F1xx_HAL_Driver/Inc/Legacy -I../Drivers/CMSIS/Device/ST/STM32F1xx/Include -I../Drivers/CMSIS/Include -O0 -ffunction-sections -fdata-sections -Wall -fstack-usage -fcyclomatic-complexity -MMD -MP -MF"Core/Src/main.d" -MT"Core/Src/main.o" --specs=nano.specs -mfloat-abi=soft -mthumb -o "Core/Src/main.o"
arm-none-eabi-gcc -o "stwork01_24eo0118.elf" @"objects.list"   -mcpu=cortex-m3 -T"Z:\ucomp_stm\stwork01_24eo0118\STM32F103RCTX_FLASH.ld" --specs=nosys.specs -Wl,-Map="stwork01_24eo0118.map" -Wl,--gc-sections -static --specs=nano.specs -mfloat-abi=soft -mthumb -Wl,--start-group -lc -lm -Wl,--end-group
Finished building target: stwork01_24eo0118.elf
 
arm-none-eabi-size  stwork01_24eo0118.elf 
arm-none-eabi-objdump -h -S stwork01_24eo0118.elf  > "stwork01_24eo0118.list"
   text	   data	    bss	    dec	    hex	filename
   7960	     12	   1764	   9736	   2608	stwork01_24eo0118.elf
Finished building: default.size.stdout
 
Finished building: stwork01_24eo0118.list
 
11:50:10 **** Build of configuration Debug for project stwork02_24eo0118 ****
make -j8 all 
arm-none-eabi-gcc "../Drivers/STM32F1xx_HAL_Driver/Src/stm32f1xx_hal.c" -mcpu=cortex-m3 -std=gnu11 -g3 -DDEBUG -DUSE_HAL_DRIVER -DSTM32F103xE -c -I../Core/Inc -I../Drivers/STM32F1xx_HAL_Driver/Inc -I../Drivers/STM32F1xx_HAL_Driver/Inc/Legacy -I../Drivers/CMSIS/Device/ST/STM32F1xx/Include -I../Drivers/CMSIS/Include -O0 -ffunction-sections -fdata-sections -Wall -fstack-usage -fcyclomatic-complexity -MMD -MP -MF"Drivers/STM32F1xx_HAL_Driver/Src/stm32f1xx_hal.d" -MT"Drivers/STM32F1xx_HAL_Driver/Src/stm32f1xx_hal.o" --specs=nano.specs -mfloat-abi=soft -mthumb -o "Drivers/STM32F1xx_HAL_Driver/Src/stm32f1xx_hal.o"
arm-none-eabi-gcc "../Drivers/STM32F1xx_HAL_Driver/Src/stm32f1xx_hal_adc.c" -mcpu=cortex-m3 -std=gnu11 -g3 -DDEBUG -DUSE_HAL_DRIVER -DSTM32F103xE -c -I../Core/Inc -I../Drivers/STM32F1xx_HAL_Driver/Inc -I../Drivers/STM32F1xx_HAL_Driver/Inc/Legacy -I../Drivers/CMSIS/Device/ST/STM32F1xx/Include -I../Drivers/CMSIS/Include -O0 -ffunction-sections -fdata-sections -Wall -fstack-usage -fcyclomatic-complexity -MMD -MP -MF"Drivers/STM32F1xx_HAL_Driver/Src/stm32f1xx_hal_adc.d" -MT"Drivers/STM32F1xx_HAL_Driver/Src/stm32f1xx_hal_adc.o" --specs=nano.specs -mfloat-abi=soft -mthumb -o "Drivers/STM32F1xx_HAL_Driver/Src/stm32f1xx_hal_adc.o"
arm-none-eabi-gcc "../Drivers/STM32F1xx_HAL_Driver/Src/stm32f1xx_hal_adc_ex.c" -mcpu=cortex-m3 -std=gnu11 -g3 -DDEBUG -DUSE_HAL_DRIVER -DSTM32F103xE -c -I../Core/Inc -I../Drivers/STM32F1xx_HAL_Driver/Inc -I../Drivers/STM32F1xx_HAL_Driver/Inc/Legacy -I../Drivers/CMSIS/Device/ST/STM32F1xx/Include -I../Drivers/CMSIS/Include -O0 -ffunction-sections -fdata-sections -Wall -fstack-usage -fcyclomatic-complexity -MMD -MP -MF"Drivers/STM32F1xx_HAL_Driver/Src/stm32f1xx_hal_adc_ex.d" -MT"Drivers/STM32F1xx_HAL_Driver/Src/stm32f1xx_hal_adc_ex.o" --specs=nano.specs -mfloat-abi=soft -mthumb -o "Drivers/STM32F1xx_HAL_Driver/Src/stm32f1xx_hal_adc_ex.o"
arm-none-eabi-gcc "../Drivers/STM32F1xx_HAL_Driver/Src/stm32f1xx_hal_cortex.c" -mcpu=cortex-m3 -std=gnu11 -g3 -DDEBUG -DUSE_HAL_DRIVER -DSTM32F103xE -c -I../Core/Inc -I../Drivers/STM32F1xx_HAL_Driver/Inc -I../Drivers/STM32F1xx_HAL_Driver/Inc/Legacy -I../Drivers/CMSIS/Device/ST/STM32F1xx/Include -I../Drivers/CMSIS/Include -O0 -ffunction-sections -fdata-sections -Wall -fstack-usage -fcyclomatic-complexity -MMD -MP -MF"Drivers/STM32F1xx_HAL_Driver/Src/stm32f1xx_hal_cortex.d" -MT"Drivers/STM32F1xx_HAL_Driver/Src/stm32f1xx_hal_cortex.o" --specs=nano.specs -mfloat-abi=soft -mthumb -o "Drivers/STM32F1xx_HAL_Driver/Src/stm32f1xx_hal_cortex.o"
arm-none-eabi-gcc "../Drivers/STM32F1xx_HAL_Driver/Src/stm32f1xx_hal_dma.c" -mcpu=cortex-m3 -std=gnu11 -g3 -DDEBUG -DUSE_HAL_DRIVER -DSTM32F103xE -c -I../Core/Inc -I../Drivers/STM32F1xx_HAL_Driver/Inc -I../Drivers/STM32F1xx_HAL_Driver/Inc/Legacy -I../Drivers/CMSIS/Device/ST/STM32F1xx/Include -I../Drivers/CMSIS/Include -O0 -ffunction-sections -fdata-sections -Wall -fstack-usage -fcyclomatic-complexity -MMD -MP -MF"Drivers/STM32F1xx_HAL_Driver/Src/stm32f1xx_hal_dma.d" -MT"Drivers/STM32F1xx_HAL_Driver/Src/stm32f1xx_hal_dma.o" --specs=nano.specs -mfloat-abi=soft -mthumb -o "Drivers/STM32F1xx_HAL_Driver/Src/stm32f1xx_hal_dma.o"
arm-none-eabi-gcc "../Drivers/STM32F1xx_HAL_Driver/Src/stm32f1xx_hal_exti.c" -mcpu=cortex-m3 -std=gnu11 -g3 -DDEBUG -DUSE_HAL_DRIVER -DSTM32F103xE -c -I../Core/Inc -I../Drivers/STM32F1xx_HAL_Driver/Inc -I../Drivers/STM32F1xx_HAL_Driver/Inc/Legacy -I../Drivers/CMSIS/Device/ST/STM32F1xx/Include -I../Drivers/CMSIS/Include -O0 -ffunction-sections -fdata-sections -Wall -fstack-usage -fcyclomatic-complexity -MMD -MP -MF"Drivers/STM32F1xx_HAL_Driver/Src/stm32f1xx_hal_exti.d" -MT"Drivers/STM32F1xx_HAL_Driver/Src/stm32f1xx_hal_exti.o" --specs=nano.specs -mfloat-abi=soft -mthumb -o "Drivers/STM32F1xx_HAL_Driver/Src/stm32f1xx_hal_exti.o"
arm-none-eabi-gcc "../Drivers/STM32F1xx_HAL_Driver/Src/stm32f1xx_hal_flash.c" -mcpu=cortex-m3 -std=gnu11 -g3 -DDEBUG -DUSE_HAL_DRIVER -DSTM32F103xE -c -I../Core/Inc -I../Drivers/STM32F1xx_HAL_Driver/Inc -I../Drivers/STM32F1xx_HAL_Driver/Inc/Legacy -I../Drivers/CMSIS/Device/ST/STM32F1xx/Include -I../Drivers/CMSIS/Include -O0 -ffunction-sections -fdata-sections -Wall -fstack-usage -fcyclomatic-complexity -MMD -MP -MF"Drivers/STM32F1xx_HAL_Driver/Src/stm32f1xx_hal_flash.d" -MT"Drivers/STM32F1xx_HAL_Driver/Src/stm32f1xx_hal_flash.o" --specs=nano.specs -mfloat-abi=soft -mthumb -o "Drivers/STM32F1xx_HAL_Driver/Src/stm32f1xx_hal_flash.o"
arm-none-eabi-gcc "../Drivers/STM32F1xx_HAL_Driver/Src/stm32f1xx_hal_flash_ex.c" -mcpu=cortex-m3 -std=gnu11 -g3 -DDEBUG -DUSE_HAL_DRIVER -DSTM32F103xE -c -I../Core/Inc -I../Drivers/STM32F1xx_HAL_Driver/Inc -I../Drivers/STM32F1xx_HAL_Driver/Inc/Legacy -I../Drivers/CMSIS/Device/ST/STM32F1xx/Include -I../Drivers/CMSIS/Include -O0 -ffunction-sections -fdata-sections -Wall -fstack-usage -fcyclomatic-complexity -MMD -MP -MF"Drivers/STM32F1xx_HAL_Driver/Src/stm32f1xx_hal_flash_ex.d" -MT"Drivers/STM32F1xx_HAL_Driver/Src/stm32f1xx_hal_flash_ex.o" --specs=nano.specs -mfloat-abi=soft -mthumb -o "Drivers/STM32F1xx_HAL_Driver/Src/stm32f1xx_hal_flash_ex.o"
arm-none-eabi-gcc "../Drivers/STM32F1xx_HAL_Driver/Src/stm32f1xx_hal_gpio.c" -mcpu=cortex-m3 -std=gnu11 -g3 -DDEBUG -DUSE_HAL_DRIVER -DSTM32F103xE -c -I../Core/Inc -I../Drivers/STM32F1xx_HAL_Driver/Inc -I../Drivers/STM32F1xx_HAL_Driver/Inc/Legacy -I../Drivers/CMSIS/Device/ST/STM32F1xx/Include -I../Drivers/CMSIS/Include -O0 -ffunction-sections -fdata-sections -Wall -fstack-usage -fcyclomatic-complexity -MMD -MP -MF"Drivers/STM32F1xx_HAL_Driver/Src/stm32f1xx_hal_gpio.d" -MT"Drivers/STM32F1xx_HAL_Driver/Src/stm32f1xx_hal_gpio.o" --specs=nano.specs -mfloat-abi=soft -mthumb -o "Drivers/STM32F1xx_HAL_Driver/Src/stm32f1xx_hal_gpio.o"
arm-none-eabi-gcc "../Drivers/STM32F1xx_HAL_Driver/Src/stm32f1xx_hal_gpio_ex.c" -mcpu=cortex-m3 -std=gnu11 -g3 -DDEBUG -DUSE_HAL_DRIVER -DSTM32F103xE -c -I../Core/Inc -I../Drivers/STM32F1xx_HAL_Driver/Inc -I../Drivers/STM32F1xx_HAL_Driver/Inc/Legacy -I../Drivers/CMSIS/Device/ST/STM32F1xx/Include -I../Drivers/CMSIS/Include -O0 -ffunction-sections -fdata-sections -Wall -fstack-usage -fcyclomatic-complexity -MMD -MP -MF"Drivers/STM32F1xx_HAL_Driver/Src/stm32f1xx_hal_gpio_ex.d" -MT"Drivers/STM32F1xx_HAL_Driver/Src/stm32f1xx_hal_gpio_ex.o" --specs=nano.specs -mfloat-abi=soft -mthumb -o "Drivers/STM32F1xx_HAL_Driver/Src/stm32f1xx_hal_gpio_ex.o"
arm-none-eabi-gcc "../Drivers/STM32F1xx_HAL_Driver/Src/stm32f1xx_hal_pwr.c" -mcpu=cortex-m3 -std=gnu11 -g3 -DDEBUG -DUSE_HAL_DRIVER -DSTM32F103xE -c -I../Core/Inc -I../Drivers/STM32F1xx_HAL_Driver/Inc -I../Drivers/STM32F1xx_HAL_Driver/Inc/Legacy -I../Drivers/CMSIS/Device/ST/STM32F1xx/Include -I../Drivers/CMSIS/Include -O0 -ffunction-sections -fdata-sections -Wall -fstack-usage -fcyclomatic-complexity -MMD -MP -MF"Drivers/STM32F1xx_HAL_Driver/Src/stm32f1xx_hal_pwr.d" -MT"Drivers/STM32F1xx_HAL_Driver/Src/stm32f1xx_hal_pwr.o" --specs=nano.specs -mfloat-abi=soft -mthumb -o "Drivers/STM32F1xx_HAL_Driver/Src/stm32f1xx_hal_pwr.o"
arm-none-eabi-gcc "../Drivers/STM32F1xx_HAL_Driver/Src/stm32f1xx_hal_rcc.c" -mcpu=cortex-m3 -std=gnu11 -g3 -DDEBUG -DUSE_HAL_DRIVER -DSTM32F103xE -c -I../Core/Inc -I../Drivers/STM32F1xx_HAL_Driver/Inc -I../Drivers/STM32F1xx_HAL_Driver/Inc/Legacy -I../Drivers/CMSIS/Device/ST/STM32F1xx/Include -I../Drivers/CMSIS/Include -O0 -ffunction-sections -fdata-sections -Wall -fstack-usage -fcyclomatic-complexity -MMD -MP -MF"Drivers/STM32F1xx_HAL_Driver/Src/stm32f1xx_hal_rcc.d" -MT"Drivers/STM32F1xx_HAL_Driver/Src/stm32f1xx_hal_rcc.o" --specs=nano.specs -mfloat-abi=soft -mthumb -o "Drivers/STM32F1xx_HAL_Driver/Src/stm32f1xx_hal_rcc.o"
arm-none-eabi-gcc "../Drivers/STM32F1xx_HAL_Driver/Src/stm32f1xx_hal_rcc_ex.c" -mcpu=cortex-m3 -std=gnu11 -g3 -DDEBUG -DUSE_HAL_DRIVER -DSTM32F103xE -c -I../Core/Inc -I../Drivers/STM32F1xx_HAL_Driver/Inc -I../Drivers/STM32F1xx_HAL_Driver/Inc/Legacy -I../Drivers/CMSIS/Device/ST/STM32F1xx/Include -I../Drivers/CMSIS/Include -O0 -ffunction-sections -fdata-sections -Wall -fstack-usage -fcyclomatic-complexity -MMD -MP -MF"Drivers/STM32F1xx_HAL_Driver/Src/stm32f1xx_hal_rcc_ex.d" -MT"Drivers/STM32F1xx_HAL_Driver/Src/stm32f1xx_hal_rcc_ex.o" --specs=nano.specs -mfloat-abi=soft -mthumb -o "Drivers/STM32F1xx_HAL_Driver/Src/stm32f1xx_hal_rcc_ex.o"
arm-none-eabi-gcc "../Drivers/STM32F1xx_HAL_Driver/Src/stm32f1xx_hal_tim.c" -mcpu=cortex-m3 -std=gnu11 -g3 -DDEBUG -DUSE_HAL_DRIVER -DSTM32F103xE -c -I../Core/Inc -I../Drivers/STM32F1xx_HAL_Driver/Inc -I../Drivers/STM32F1xx_HAL_Driver/Inc/Legacy -I../Drivers/CMSIS/Device/ST/STM32F1xx/Include -I../Drivers/CMSIS/Include -O0 -ffunction-sections -fdata-sections -Wall -fstack-usage -fcyclomatic-complexity -MMD -MP -MF"Drivers/STM32F1xx_HAL_Driver/Src/stm32f1xx_hal_tim.d" -MT"Drivers/STM32F1xx_HAL_Driver/Src/stm32f1xx_hal_tim.o" --specs=nano.specs -mfloat-abi=soft -mthumb -o "Drivers/STM32F1xx_HAL_Driver/Src/stm32f1xx_hal_tim.o"
arm-none-eabi-gcc "../Drivers/STM32F1xx_HAL_Driver/Src/stm32f1xx_hal_tim_ex.c" -mcpu=cortex-m3 -std=gnu11 -g3 -DDEBUG -DUSE_HAL_DRIVER -DSTM32F103xE -c -I../Core/Inc -I../Drivers/STM32F1xx_HAL_Driver/Inc -I../Drivers/STM32F1xx_HAL_Driver/Inc/Legacy -I../Drivers/CMSIS/Device/ST/STM32F1xx/Include -I../Drivers/CMSIS/Include -O0 -ffunction-sections -fdata-sections -Wall -fstack-usage -fcyclomatic-complexity -MMD -MP -MF"Drivers/STM32F1xx_HAL_Driver/Src/stm32f1xx_hal_tim_ex.d" -MT"Drivers/STM32F1xx_HAL_Driver/Src/stm32f1xx_hal_tim_ex.o" --specs=nano.specs -mfloat-abi=soft -mthumb -o "Drivers/STM32F1xx_HAL_Driver/Src/stm32f1xx_hal_tim_ex.o"
arm-none-eabi-gcc -mcpu=cortex-m3 -g3 -DDEBUG -c -x assembler-with-cpp -MMD -MP -MF"Core/Startup/startup_stm32f103rctx.d" -MT"Core/Startup/startup_stm32f103rctx.o" --specs=nano.specs -mfloat-abi=soft -mthumb -o "Core/Startup/startup_stm32f103rctx.o" "../Core/Startup/startup_stm32f103rctx.s"
arm-none-eabi-gcc "../Core/Src/main.c" -mcpu=cortex-m3 -std=gnu11 -g3 -DDEBUG -DUSE_HAL_DRIVER -DSTM32F103xE -c -I../Core/Inc -I../Drivers/STM32F1xx_HAL_Driver/Inc -I../Drivers/STM32F1xx_HAL_Driver/Inc/Legacy -I../Drivers/CMSIS/Device/ST/STM32F1xx/Include -I../Drivers/CMSIS/Include -O0 -ffunction-sections -fdata-sections -Wall -fstack-usage -fcyclomatic-complexity -MMD -MP -MF"Core/Src/main.d" -MT"Core/Src/main.o" --specs=nano.specs -mfloat-abi=soft -mthumb -o "Core/Src/main.o"
arm-none-eabi-gcc "../Core/Src/stm32f1xx_hal_msp.c" -mcpu=cortex-m3 -std=gnu11 -g3 -DDEBUG -DUSE_HAL_DRIVER -DSTM32F103xE -c -I../Core/Inc -I../Drivers/STM32F1xx_HAL_Driver/Inc -I../Drivers/STM32F1xx_HAL_Driver/Inc/Legacy -I../Drivers/CMSIS/Device/ST/STM32F1xx/Include -I../Drivers/CMSIS/Include -O0 -ffunction-sections -fdata-sections -Wall -fstack-usage -fcyclomatic-complexity -MMD -MP -MF"Core/Src/stm32f1xx_hal_msp.d" -MT"Core/Src/stm32f1xx_hal_msp.o" --specs=nano.specs -mfloat-abi=soft -mthumb -o "Core/Src/stm32f1xx_hal_msp.o"
arm-none-eabi-gcc "../Core/Src/stm32f1xx_it.c" -mcpu=cortex-m3 -std=gnu11 -g3 -DDEBUG -DUSE_HAL_DRIVER -DSTM32F103xE -c -I../Core/Inc -I../Drivers/STM32F1xx_HAL_Driver/Inc -I../Drivers/STM32F1xx_HAL_Driver/Inc/Legacy -I../Drivers/CMSIS/Device/ST/STM32F1xx/Include -I../Drivers/CMSIS/Include -O0 -ffunction-sections -fdata-sections -Wall -fstack-usage -fcyclomatic-complexity -MMD -MP -MF"Core/Src/stm32f1xx_it.d" -MT"Core/Src/stm32f1xx_it.o" --specs=nano.specs -mfloat-abi=soft -mthumb -o "Core/Src/stm32f1xx_it.o"
arm-none-eabi-gcc "../Core/Src/syscalls.c" -mcpu=cortex-m3 -std=gnu11 -g3 -DDEBUG -DUSE_HAL_DRIVER -DSTM32F103xE -c -I../Core/Inc -I../Drivers/STM32F1xx_HAL_Driver/Inc -I../Drivers/STM32F1xx_HAL_Driver/Inc/Legacy -I../Drivers/CMSIS/Device/ST/STM32F1xx/Include -I../Drivers/CMSIS/Include -O0 -ffunction-sections -fdata-sections -Wall -fstack-usage -fcyclomatic-complexity -MMD -MP -MF"Core/Src/syscalls.d" -MT"Core/Src/syscalls.o" --specs=nano.specs -mfloat-abi=soft -mthumb -o "Core/Src/syscalls.o"
arm-none-eabi-gcc "../Core/Src/sysmem.c" -mcpu=cortex-m3 -std=gnu11 -g3 -DDEBUG -DUSE_HAL_DRIVER -DSTM32F103xE -c -I../Core/Inc -I../Drivers/STM32F1xx_HAL_Driver/Inc -I../Drivers/STM32F1xx_HAL_Driver/Inc/Legacy -I../Drivers/CMSIS/Device/ST/STM32F1xx/Include -I../Drivers/CMSIS/Include -O0 -ffunction-sections -fdata-sections -Wall -fstack-usage -fcyclomatic-complexity -MMD -MP -MF"Core/Src/sysmem.d" -MT"Core/Src/sysmem.o" --specs=nano.specs -mfloat-abi=soft -mthumb -o "Core/Src/sysmem.o"
arm-none-eabi-gcc "../Core/Src/system_stm32f1xx.c" -mcpu=cortex-m3 -std=gnu11 -g3 -DDEBUG -DUSE_HAL_DRIVER -DSTM32F103xE -c -I../Core/Inc -I../Drivers/STM32F1xx_HAL_Driver/Inc -I../Drivers/STM32F1xx_HAL_Driver/Inc/Legacy -I../Drivers/CMSIS/Device/ST/STM32F1xx/Include -I../Drivers/CMSIS/Include -O0 -ffunction-sections -fdata-sections -Wall -fstack-usage -fcyclomatic-complexity -MMD -MP -MF"Core/Src/system_stm32f1xx.d" -MT"Core/Src/system_stm32f1xx.o" --specs=nano.specs -mfloat-abi=soft -mthumb -o "Core/Src/system_stm32f1xx.o"
arm-none-eabi-gcc -o "stwork02_24eo0118.elf" @"objects.list"   -mcpu=cortex-m3 -T"Z:\ucomp_stm\stwork02_24eo0118\STM32F103RCTX_FLASH.ld" --specs=nosys.specs -Wl,-Map="stwork02_24eo0118.map" -Wl,--gc-sections -static --specs=nano.specs -mfloat-abi=soft -mthumb -Wl,--start-group -lc -lm -Wl,--end-group
Finished building target: stwork02_24eo0118.elf
 
arm-none-eabi-size  stwork02_24eo0118.elf 
arm-none-eabi-objdump -h -S stwork02_24eo0118.elf  > "stwork02_24eo0118.list"
   text	   data	    bss	    dec	    hex	filename
   7776	     12	   1764	   9552	   2550	stwork02_24eo0118.elf
Finished building: default.size.stdout
 
Finished building: stwork02_24eo0118.list
 
11:50:30 **** Incremental Build of configuration Debug for project stwork02_24eo0118 ****
make -j8 all 
arm-none-eabi-size  stwork02_24eo0118.elf 
   text	   data	    bss	    dec	    hex	filename
   7776	     12	   1764	   9552	   2550	stwork02_24eo0118.elf
Finished building: default.size.stdout
 
13:53:32 **** Build of configuration Debug for project B60C0_LCDTEST ****
make -j8 all 
arm-none-eabi-gcc "../Drivers/STM32F1xx_HAL_Driver/Src/stm32f1xx_hal.c" -mcpu=cortex-m3 -std=gnu11 -g3 -DDEBUG -DUSE_HAL_DRIVER -DSTM32F103xE -c -I../Core/Inc -I../Drivers/STM32F1xx_HAL_Driver/Inc -I../Drivers/STM32F1xx_HAL_Driver/Inc/Legacy -I../Drivers/CMSIS/Device/ST/STM32F1xx/Include -I../Drivers/CMSIS/Include -O0 -ffunction-sections -fdata-sections -Wall -fstack-usage -fcyclomatic-complexity -MMD -MP -MF"Drivers/STM32F1xx_HAL_Driver/Src/stm32f1xx_hal.d" -MT"Drivers/STM32F1xx_HAL_Driver/Src/stm32f1xx_hal.o" --specs=nano.specs -mfloat-abi=soft -mthumb -o "Drivers/STM32F1xx_HAL_Driver/Src/stm32f1xx_hal.o"
arm-none-eabi-gcc "../Drivers/STM32F1xx_HAL_Driver/Src/stm32f1xx_hal_adc.c" -mcpu=cortex-m3 -std=gnu11 -g3 -DDEBUG -DUSE_HAL_DRIVER -DSTM32F103xE -c -I../Core/Inc -I../Drivers/STM32F1xx_HAL_Driver/Inc -I../Drivers/STM32F1xx_HAL_Driver/Inc/Legacy -I../Drivers/CMSIS/Device/ST/STM32F1xx/Include -I../Drivers/CMSIS/Include -O0 -ffunction-sections -fdata-sections -Wall -fstack-usage -fcyclomatic-complexity -MMD -MP -MF"Drivers/STM32F1xx_HAL_Driver/Src/stm32f1xx_hal_adc.d" -MT"Drivers/STM32F1xx_HAL_Driver/Src/stm32f1xx_hal_adc.o" --specs=nano.specs -mfloat-abi=soft -mthumb -o "Drivers/STM32F1xx_HAL_Driver/Src/stm32f1xx_hal_adc.o"
arm-none-eabi-gcc "../Drivers/STM32F1xx_HAL_Driver/Src/stm32f1xx_hal_adc_ex.c" -mcpu=cortex-m3 -std=gnu11 -g3 -DDEBUG -DUSE_HAL_DRIVER -DSTM32F103xE -c -I../Core/Inc -I../Drivers/STM32F1xx_HAL_Driver/Inc -I../Drivers/STM32F1xx_HAL_Driver/Inc/Legacy -I../Drivers/CMSIS/Device/ST/STM32F1xx/Include -I../Drivers/CMSIS/Include -O0 -ffunction-sections -fdata-sections -Wall -fstack-usage -fcyclomatic-complexity -MMD -MP -MF"Drivers/STM32F1xx_HAL_Driver/Src/stm32f1xx_hal_adc_ex.d" -MT"Drivers/STM32F1xx_HAL_Driver/Src/stm32f1xx_hal_adc_ex.o" --specs=nano.specs -mfloat-abi=soft -mthumb -o "Drivers/STM32F1xx_HAL_Driver/Src/stm32f1xx_hal_adc_ex.o"
arm-none-eabi-gcc "../Drivers/STM32F1xx_HAL_Driver/Src/stm32f1xx_hal_cortex.c" -mcpu=cortex-m3 -std=gnu11 -g3 -DDEBUG -DUSE_HAL_DRIVER -DSTM32F103xE -c -I../Core/Inc -I../Drivers/STM32F1xx_HAL_Driver/Inc -I../Drivers/STM32F1xx_HAL_Driver/Inc/Legacy -I../Drivers/CMSIS/Device/ST/STM32F1xx/Include -I../Drivers/CMSIS/Include -O0 -ffunction-sections -fdata-sections -Wall -fstack-usage -fcyclomatic-complexity -MMD -MP -MF"Drivers/STM32F1xx_HAL_Driver/Src/stm32f1xx_hal_cortex.d" -MT"Drivers/STM32F1xx_HAL_Driver/Src/stm32f1xx_hal_cortex.o" --specs=nano.specs -mfloat-abi=soft -mthumb -o "Drivers/STM32F1xx_HAL_Driver/Src/stm32f1xx_hal_cortex.o"
arm-none-eabi-gcc "../Drivers/STM32F1xx_HAL_Driver/Src/stm32f1xx_hal_dma.c" -mcpu=cortex-m3 -std=gnu11 -g3 -DDEBUG -DUSE_HAL_DRIVER -DSTM32F103xE -c -I../Core/Inc -I../Drivers/STM32F1xx_HAL_Driver/Inc -I../Drivers/STM32F1xx_HAL_Driver/Inc/Legacy -I../Drivers/CMSIS/Device/ST/STM32F1xx/Include -I../Drivers/CMSIS/Include -O0 -ffunction-sections -fdata-sections -Wall -fstack-usage -fcyclomatic-complexity -MMD -MP -MF"Drivers/STM32F1xx_HAL_Driver/Src/stm32f1xx_hal_dma.d" -MT"Drivers/STM32F1xx_HAL_Driver/Src/stm32f1xx_hal_dma.o" --specs=nano.specs -mfloat-abi=soft -mthumb -o "Drivers/STM32F1xx_HAL_Driver/Src/stm32f1xx_hal_dma.o"
arm-none-eabi-gcc "../Drivers/STM32F1xx_HAL_Driver/Src/stm32f1xx_hal_exti.c" -mcpu=cortex-m3 -std=gnu11 -g3 -DDEBUG -DUSE_HAL_DRIVER -DSTM32F103xE -c -I../Core/Inc -I../Drivers/STM32F1xx_HAL_Driver/Inc -I../Drivers/STM32F1xx_HAL_Driver/Inc/Legacy -I../Drivers/CMSIS/Device/ST/STM32F1xx/Include -I../Drivers/CMSIS/Include -O0 -ffunction-sections -fdata-sections -Wall -fstack-usage -fcyclomatic-complexity -MMD -MP -MF"Drivers/STM32F1xx_HAL_Driver/Src/stm32f1xx_hal_exti.d" -MT"Drivers/STM32F1xx_HAL_Driver/Src/stm32f1xx_hal_exti.o" --specs=nano.specs -mfloat-abi=soft -mthumb -o "Drivers/STM32F1xx_HAL_Driver/Src/stm32f1xx_hal_exti.o"
arm-none-eabi-gcc "../Drivers/STM32F1xx_HAL_Driver/Src/stm32f1xx_hal_flash.c" -mcpu=cortex-m3 -std=gnu11 -g3 -DDEBUG -DUSE_HAL_DRIVER -DSTM32F103xE -c -I../Core/Inc -I../Drivers/STM32F1xx_HAL_Driver/Inc -I../Drivers/STM32F1xx_HAL_Driver/Inc/Legacy -I../Drivers/CMSIS/Device/ST/STM32F1xx/Include -I../Drivers/CMSIS/Include -O0 -ffunction-sections -fdata-sections -Wall -fstack-usage -fcyclomatic-complexity -MMD -MP -MF"Drivers/STM32F1xx_HAL_Driver/Src/stm32f1xx_hal_flash.d" -MT"Drivers/STM32F1xx_HAL_Driver/Src/stm32f1xx_hal_flash.o" --specs=nano.specs -mfloat-abi=soft -mthumb -o "Drivers/STM32F1xx_HAL_Driver/Src/stm32f1xx_hal_flash.o"
arm-none-eabi-gcc "../Drivers/STM32F1xx_HAL_Driver/Src/stm32f1xx_hal_flash_ex.c" -mcpu=cortex-m3 -std=gnu11 -g3 -DDEBUG -DUSE_HAL_DRIVER -DSTM32F103xE -c -I../Core/Inc -I../Drivers/STM32F1xx_HAL_Driver/Inc -I../Drivers/STM32F1xx_HAL_Driver/Inc/Legacy -I../Drivers/CMSIS/Device/ST/STM32F1xx/Include -I../Drivers/CMSIS/Include -O0 -ffunction-sections -fdata-sections -Wall -fstack-usage -fcyclomatic-complexity -MMD -MP -MF"Drivers/STM32F1xx_HAL_Driver/Src/stm32f1xx_hal_flash_ex.d" -MT"Drivers/STM32F1xx_HAL_Driver/Src/stm32f1xx_hal_flash_ex.o" --specs=nano.specs -mfloat-abi=soft -mthumb -o "Drivers/STM32F1xx_HAL_Driver/Src/stm32f1xx_hal_flash_ex.o"
arm-none-eabi-gcc "../Drivers/STM32F1xx_HAL_Driver/Src/stm32f1xx_hal_gpio.c" -mcpu=cortex-m3 -std=gnu11 -g3 -DDEBUG -DUSE_HAL_DRIVER -DSTM32F103xE -c -I../Core/Inc -I../Drivers/STM32F1xx_HAL_Driver/Inc -I../Drivers/STM32F1xx_HAL_Driver/Inc/Legacy -I../Drivers/CMSIS/Device/ST/STM32F1xx/Include -I../Drivers/CMSIS/Include -O0 -ffunction-sections -fdata-sections -Wall -fstack-usage -fcyclomatic-complexity -MMD -MP -MF"Drivers/STM32F1xx_HAL_Driver/Src/stm32f1xx_hal_gpio.d" -MT"Drivers/STM32F1xx_HAL_Driver/Src/stm32f1xx_hal_gpio.o" --specs=nano.specs -mfloat-abi=soft -mthumb -o "Drivers/STM32F1xx_HAL_Driver/Src/stm32f1xx_hal_gpio.o"
arm-none-eabi-gcc "../Drivers/STM32F1xx_HAL_Driver/Src/stm32f1xx_hal_gpio_ex.c" -mcpu=cortex-m3 -std=gnu11 -g3 -DDEBUG -DUSE_HAL_DRIVER -DSTM32F103xE -c -I../Core/Inc -I../Drivers/STM32F1xx_HAL_Driver/Inc -I../Drivers/STM32F1xx_HAL_Driver/Inc/Legacy -I../Drivers/CMSIS/Device/ST/STM32F1xx/Include -I../Drivers/CMSIS/Include -O0 -ffunction-sections -fdata-sections -Wall -fstack-usage -fcyclomatic-complexity -MMD -MP -MF"Drivers/STM32F1xx_HAL_Driver/Src/stm32f1xx_hal_gpio_ex.d" -MT"Drivers/STM32F1xx_HAL_Driver/Src/stm32f1xx_hal_gpio_ex.o" --specs=nano.specs -mfloat-abi=soft -mthumb -o "Drivers/STM32F1xx_HAL_Driver/Src/stm32f1xx_hal_gpio_ex.o"
arm-none-eabi-gcc "../Drivers/STM32F1xx_HAL_Driver/Src/stm32f1xx_hal_pwr.c" -mcpu=cortex-m3 -std=gnu11 -g3 -DDEBUG -DUSE_HAL_DRIVER -DSTM32F103xE -c -I../Core/Inc -I../Drivers/STM32F1xx_HAL_Driver/Inc -I../Drivers/STM32F1xx_HAL_Driver/Inc/Legacy -I../Drivers/CMSIS/Device/ST/STM32F1xx/Include -I../Drivers/CMSIS/Include -O0 -ffunction-sections -fdata-sections -Wall -fstack-usage -fcyclomatic-complexity -MMD -MP -MF"Drivers/STM32F1xx_HAL_Driver/Src/stm32f1xx_hal_pwr.d" -MT"Drivers/STM32F1xx_HAL_Driver/Src/stm32f1xx_hal_pwr.o" --specs=nano.specs -mfloat-abi=soft -mthumb -o "Drivers/STM32F1xx_HAL_Driver/Src/stm32f1xx_hal_pwr.o"
arm-none-eabi-gcc "../Drivers/STM32F1xx_HAL_Driver/Src/stm32f1xx_hal_rcc.c" -mcpu=cortex-m3 -std=gnu11 -g3 -DDEBUG -DUSE_HAL_DRIVER -DSTM32F103xE -c -I../Core/Inc -I../Drivers/STM32F1xx_HAL_Driver/Inc -I../Drivers/STM32F1xx_HAL_Driver/Inc/Legacy -I../Drivers/CMSIS/Device/ST/STM32F1xx/Include -I../Drivers/CMSIS/Include -O0 -ffunction-sections -fdata-sections -Wall -fstack-usage -fcyclomatic-complexity -MMD -MP -MF"Drivers/STM32F1xx_HAL_Driver/Src/stm32f1xx_hal_rcc.d" -MT"Drivers/STM32F1xx_HAL_Driver/Src/stm32f1xx_hal_rcc.o" --specs=nano.specs -mfloat-abi=soft -mthumb -o "Drivers/STM32F1xx_HAL_Driver/Src/stm32f1xx_hal_rcc.o"
arm-none-eabi-gcc "../Drivers/STM32F1xx_HAL_Driver/Src/stm32f1xx_hal_rcc_ex.c" -mcpu=cortex-m3 -std=gnu11 -g3 -DDEBUG -DUSE_HAL_DRIVER -DSTM32F103xE -c -I../Core/Inc -I../Drivers/STM32F1xx_HAL_Driver/Inc -I../Drivers/STM32F1xx_HAL_Driver/Inc/Legacy -I../Drivers/CMSIS/Device/ST/STM32F1xx/Include -I../Drivers/CMSIS/Include -O0 -ffunction-sections -fdata-sections -Wall -fstack-usage -fcyclomatic-complexity -MMD -MP -MF"Drivers/STM32F1xx_HAL_Driver/Src/stm32f1xx_hal_rcc_ex.d" -MT"Drivers/STM32F1xx_HAL_Driver/Src/stm32f1xx_hal_rcc_ex.o" --specs=nano.specs -mfloat-abi=soft -mthumb -o "Drivers/STM32F1xx_HAL_Driver/Src/stm32f1xx_hal_rcc_ex.o"
arm-none-eabi-gcc "../Drivers/STM32F1xx_HAL_Driver/Src/stm32f1xx_hal_tim.c" -mcpu=cortex-m3 -std=gnu11 -g3 -DDEBUG -DUSE_HAL_DRIVER -DSTM32F103xE -c -I../Core/Inc -I../Drivers/STM32F1xx_HAL_Driver/Inc -I../Drivers/STM32F1xx_HAL_Driver/Inc/Legacy -I../Drivers/CMSIS/Device/ST/STM32F1xx/Include -I../Drivers/CMSIS/Include -O0 -ffunction-sections -fdata-sections -Wall -fstack-usage -fcyclomatic-complexity -MMD -MP -MF"Drivers/STM32F1xx_HAL_Driver/Src/stm32f1xx_hal_tim.d" -MT"Drivers/STM32F1xx_HAL_Driver/Src/stm32f1xx_hal_tim.o" --specs=nano.specs -mfloat-abi=soft -mthumb -o "Drivers/STM32F1xx_HAL_Driver/Src/stm32f1xx_hal_tim.o"
arm-none-eabi-gcc "../Drivers/STM32F1xx_HAL_Driver/Src/stm32f1xx_hal_tim_ex.c" -mcpu=cortex-m3 -std=gnu11 -g3 -DDEBUG -DUSE_HAL_DRIVER -DSTM32F103xE -c -I../Core/Inc -I../Drivers/STM32F1xx_HAL_Driver/Inc -I../Drivers/STM32F1xx_HAL_Driver/Inc/Legacy -I../Drivers/CMSIS/Device/ST/STM32F1xx/Include -I../Drivers/CMSIS/Include -O0 -ffunction-sections -fdata-sections -Wall -fstack-usage -fcyclomatic-complexity -MMD -MP -MF"Drivers/STM32F1xx_HAL_Driver/Src/stm32f1xx_hal_tim_ex.d" -MT"Drivers/STM32F1xx_HAL_Driver/Src/stm32f1xx_hal_tim_ex.o" --specs=nano.specs -mfloat-abi=soft -mthumb -o "Drivers/STM32F1xx_HAL_Driver/Src/stm32f1xx_hal_tim_ex.o"
arm-none-eabi-gcc -mcpu=cortex-m3 -g3 -DDEBUG -c -x assembler-with-cpp -MMD -MP -MF"Core/Startup/startup_stm32f103rctx.d" -MT"Core/Startup/startup_stm32f103rctx.o" --specs=nano.specs -mfloat-abi=soft -mthumb -o "Core/Startup/startup_stm32f103rctx.o" "../Core/Startup/startup_stm32f103rctx.s"
arm-none-eabi-gcc "../Core/Src/main.c" -mcpu=cortex-m3 -std=gnu11 -g3 -DDEBUG -DUSE_HAL_DRIVER -DSTM32F103xE -c -I../Core/Inc -I../Drivers/STM32F1xx_HAL_Driver/Inc -I../Drivers/STM32F1xx_HAL_Driver/Inc/Legacy -I../Drivers/CMSIS/Device/ST/STM32F1xx/Include -I../Drivers/CMSIS/Include -O0 -ffunction-sections -fdata-sections -Wall -fstack-usage -fcyclomatic-complexity -MMD -MP -MF"Core/Src/main.d" -MT"Core/Src/main.o" --specs=nano.specs -mfloat-abi=soft -mthumb -o "Core/Src/main.o"
arm-none-eabi-gcc "../Core/Src/stm32f1xx_hal_msp.c" -mcpu=cortex-m3 -std=gnu11 -g3 -DDEBUG -DUSE_HAL_DRIVER -DSTM32F103xE -c -I../Core/Inc -I../Drivers/STM32F1xx_HAL_Driver/Inc -I../Drivers/STM32F1xx_HAL_Driver/Inc/Legacy -I../Drivers/CMSIS/Device/ST/STM32F1xx/Include -I../Drivers/CMSIS/Include -O0 -ffunction-sections -fdata-sections -Wall -fstack-usage -fcyclomatic-complexity -MMD -MP -MF"Core/Src/stm32f1xx_hal_msp.d" -MT"Core/Src/stm32f1xx_hal_msp.o" --specs=nano.specs -mfloat-abi=soft -mthumb -o "Core/Src/stm32f1xx_hal_msp.o"
arm-none-eabi-gcc "../Core/Src/stm32f1xx_it.c" -mcpu=cortex-m3 -std=gnu11 -g3 -DDEBUG -DUSE_HAL_DRIVER -DSTM32F103xE -c -I../Core/Inc -I../Drivers/STM32F1xx_HAL_Driver/Inc -I../Drivers/STM32F1xx_HAL_Driver/Inc/Legacy -I../Drivers/CMSIS/Device/ST/STM32F1xx/Include -I../Drivers/CMSIS/Include -O0 -ffunction-sections -fdata-sections -Wall -fstack-usage -fcyclomatic-complexity -MMD -MP -MF"Core/Src/stm32f1xx_it.d" -MT"Core/Src/stm32f1xx_it.o" --specs=nano.specs -mfloat-abi=soft -mthumb -o "Core/Src/stm32f1xx_it.o"
arm-none-eabi-gcc "../Core/Src/syscalls.c" -mcpu=cortex-m3 -std=gnu11 -g3 -DDEBUG -DUSE_HAL_DRIVER -DSTM32F103xE -c -I../Core/Inc -I../Drivers/STM32F1xx_HAL_Driver/Inc -I../Drivers/STM32F1xx_HAL_Driver/Inc/Legacy -I../Drivers/CMSIS/Device/ST/STM32F1xx/Include -I../Drivers/CMSIS/Include -O0 -ffunction-sections -fdata-sections -Wall -fstack-usage -fcyclomatic-complexity -MMD -MP -MF"Core/Src/syscalls.d" -MT"Core/Src/syscalls.o" --specs=nano.specs -mfloat-abi=soft -mthumb -o "Core/Src/syscalls.o"
arm-none-eabi-gcc "../Core/Src/sysmem.c" -mcpu=cortex-m3 -std=gnu11 -g3 -DDEBUG -DUSE_HAL_DRIVER -DSTM32F103xE -c -I../Core/Inc -I../Drivers/STM32F1xx_HAL_Driver/Inc -I../Drivers/STM32F1xx_HAL_Driver/Inc/Legacy -I../Drivers/CMSIS/Device/ST/STM32F1xx/Include -I../Drivers/CMSIS/Include -O0 -ffunction-sections -fdata-sections -Wall -fstack-usage -fcyclomatic-complexity -MMD -MP -MF"Core/Src/sysmem.d" -MT"Core/Src/sysmem.o" --specs=nano.specs -mfloat-abi=soft -mthumb -o "Core/Src/sysmem.o"
arm-none-eabi-gcc "../Core/Src/system_stm32f1xx.c" -mcpu=cortex-m3 -std=gnu11 -g3 -DDEBUG -DUSE_HAL_DRIVER -DSTM32F103xE -c -I../Core/Inc -I../Drivers/STM32F1xx_HAL_Driver/Inc -I../Drivers/STM32F1xx_HAL_Driver/Inc/Legacy -I../Drivers/CMSIS/Device/ST/STM32F1xx/Include -I../Drivers/CMSIS/Include -O0 -ffunction-sections -fdata-sections -Wall -fstack-usage -fcyclomatic-complexity -MMD -MP -MF"Core/Src/system_stm32f1xx.d" -MT"Core/Src/system_stm32f1xx.o" --specs=nano.specs -mfloat-abi=soft -mthumb -o "Core/Src/system_stm32f1xx.o"
../Core/Src/main.c: In function 'init_lcd':
../Core/Src/main.c:150:24: error: 'LCD_INT4B' undeclared (first use in this function); did you mean 'LCD_INIT4B'?
  150 |         GPIOC->ODR = ((LCD_INT4B & 0x00F0) << 8) | (GPIOC->IDR & 0x0FFF); //  (GPIOC->IDR | 0x0FFF) ??
      |                        ^~~~~~~~~
      |                        LCD_INIT4B
../Core/Src/main.c:150:24: note: each undeclared identifier is reported only once for each function it appears in
../Core/Src/main.c: At top level:
../Core/Src/main.c:181:6: error: conflicting types for 'write_lcd_data'; have 'void(int8_t,  int8_t)' {aka 'void(signed char,  signed char)'}
  181 | void write_lcd_data(int8_t data, int8_t rs)
      |      ^~~~~~~~~~~~~~
../Core/Src/main.c:118:6: note: previous declaration of 'write_lcd_data' with type 'void(uint8_t,  int8_t)' {aka 'void(unsigned char,  signed char)'}
  118 | void write_lcd_data(uint8_t, int8_t);
      |      ^~~~~~~~~~~~~~
../Core/Src/main.c: In function 'write_lcd_data':
../Core/Src/main.c:186:28: error: expected '=', ',', ';', 'asm' or '__attribute__' before '*' token
  186 |         int16_t upper_data * 0x0100 & 0xF000; // ??4? & 0xF000????
      |                            ^
../Core/Src/main.c:186:28: error: invalid type argument of unary '*' (have 'int')
  186 |         int16_t upper_data * 0x0100 & 0xF000; // ??4? & 0xF000????
      |                            ^~~~~~~~
../Core/Src/main.c:187:28: error: expected '=', ',', ';', 'asm' or '__attribute__' before '*' token
  187 |         int16_t lower_data * 0x1000 & 0xF000; // ??4? & 0xF000??
      |                            ^
../Core/Src/main.c:187:28: error: invalid type argument of unary '*' (have 'int')
  187 |         int16_t lower_data * 0x1000 & 0xF000; // ??4? & 0xF000??
      |                            ^~~~~~~~
../Core/Src/main.c:189:9: error: 'upper_data' undeclared (first use in this function)
  189 |         upper_data = data & 0xF0; // ??4
      |         ^~~~~~~~~~
../Core/Src/main.c:190:9: error: 'lower_data' undeclared (first use in this function)
  190 |         lower_data = data << 4;   // ??4
      |         ^~~~~~~~~~
../Core/Src/main.c: At top level:
../Core/Src/main.c:226:6: error: conflicting types for 'lcd_puts'; have 'void(uint8_t *)' {aka 'void(unsigned char *)'}
  226 | void lcd_puts(uint8_t *str)
      |      ^~~~~~~~
../Core/Src/main.c:119:6: note: previous declaration of 'lcd_puts' with type 'void(int8_t *)' {aka 'void(signed char *)'}
  119 | void lcd_puts(int8_t *); //char unsigned char?C??uint8_t
      |      ^~~~~~~~
../Core/Src/main.c:238:6: error: conflicting types for 'lcd_xy'; have 'void(uint8_t,  uint8_t)' {aka 'void(unsigned char,  unsigned char)'}
  238 | void lcd_xy(uint8_t x, uint8_t y)
      |      ^~~~~~
../Core/Src/main.c:120:6: note: previous declaration of 'lcd_xy' with type 'void(int8_t,  int8_t)' {aka 'void(signed char,  signed char)'}
  120 | void lcd_xy(int8_t, int8_t);
      |      ^~~~~~
../Core/Src/main.c: In function 'main':
../Core/Src/main.c:289:18: warning: pointer targets in passing argument 1 of 'lcd_puts' differ in signedness [-Wpointer-sign]
  289 |         lcd_puts("This is test!");       // 1
      |                  ^~~~~~~~~~~~~~~
      |                  |
      |                  char *
../Core/Src/main.c:226:24: note: expected 'uint8_t *' {aka 'unsigned char *'} but argument is of type 'char *'
  226 | void lcd_puts(uint8_t *str)
      |               ~~~~~~~~~^~~
../Core/Src/main.c:291:18: warning: pointer targets in passing argument 1 of 'lcd_puts' differ in signedness [-Wpointer-sign]
  291 |         lcd_puts("0123456789ABCDEF"); // 2
      |                  ^~~~~~~~~~~~~~~~~~
      |                  |
      |                  char *
../Core/Src/main.c:226:24: note: expected 'uint8_t *' {aka 'unsigned char *'} but argument is of type 'char *'
  226 | void lcd_puts(uint8_t *str)
      |               ~~~~~~~~~^~~
make: *** [Core/Src/subdir.mk:34: Core/Src/main.o] Error 1
make: *** Waiting for unfinished jobs....
"make -j8 all" terminated with exit code 2. Build might be incomplete.
13:54:47 **** Incremental Build of configuration Debug for project B60C0_LCDTEST ****
make -j8 all 
arm-none-eabi-gcc "../Core/Src/main.c" -mcpu=cortex-m3 -std=gnu11 -g3 -DDEBUG -DUSE_HAL_DRIVER -DSTM32F103xE -c -I../Core/Inc -I../Drivers/STM32F1xx_HAL_Driver/Inc -I../Drivers/STM32F1xx_HAL_Driver/Inc/Legacy -I../Drivers/CMSIS/Device/ST/STM32F1xx/Include -I../Drivers/CMSIS/Include -O0 -ffunction-sections -fdata-sections -Wall -fstack-usage -fcyclomatic-complexity -MMD -MP -MF"Core/Src/main.d" -MT"Core/Src/main.o" --specs=nano.specs -mfloat-abi=soft -mthumb -o "Core/Src/main.o"
../Core/Src/main.c: In function 'init_lcd':
../Core/Src/main.c:150:24: error: 'LCD_INT4B' undeclared (first use in this function); did you mean 'LCD_INIT4B'?
  150 |         GPIOC->ODR = ((LCD_INT4B & 0x00F0) << 8) | (GPIOC->IDR & 0x0FFF); //  (GPIOC->IDR | 0x0FFF) ??
      |                        ^~~~~~~~~
      |                        LCD_INIT4B
../Core/Src/main.c:150:24: note: each undeclared identifier is reported only once for each function it appears in
../Core/Src/main.c: At top level:
../Core/Src/main.c:181:6: error: conflicting types for 'write_lcd_data'; have 'void(int8_t,  int8_t)' {aka 'void(signed char,  signed char)'}
  181 | void write_lcd_data(int8_t data, int8_t rs)
      |      ^~~~~~~~~~~~~~
../Core/Src/main.c:118:6: note: previous declaration of 'write_lcd_data' with type 'void(uint8_t,  int8_t)' {aka 'void(unsigned char,  signed char)'}
  118 | void write_lcd_data(uint8_t, int8_t);
      |      ^~~~~~~~~~~~~~
../Core/Src/main.c: In function 'write_lcd_data':
../Core/Src/main.c:186:28: error: expected '=', ',', ';', 'asm' or '__attribute__' before '*' token
  186 |         int16_t upper_data * 0x0100 & 0xF000; // ??4? & 0xF000????
      |                            ^
../Core/Src/main.c:186:28: error: invalid type argument of unary '*' (have 'int')
  186 |         int16_t upper_data * 0x0100 & 0xF000; // ??4? & 0xF000????
      |                            ^~~~~~~~
../Core/Src/main.c:187:28: error: expected '=', ',', ';', 'asm' or '__attribute__' before '*' token
  187 |         int16_t lower_data * 0x1000 & 0xF000; // ??4? & 0xF000??
      |                            ^
../Core/Src/main.c:187:28: error: invalid type argument of unary '*' (have 'int')
  187 |         int16_t lower_data * 0x1000 & 0xF000; // ??4? & 0xF000??
      |                            ^~~~~~~~
../Core/Src/main.c:189:9: error: 'upper_data' undeclared (first use in this function)
  189 |         upper_data = data & 0xF0; // ??4
      |         ^~~~~~~~~~
../Core/Src/main.c:190:9: error: 'lower_data' undeclared (first use in this function)
  190 |         lower_data = data << 4;   // ??4
      |         ^~~~~~~~~~
../Core/Src/main.c: At top level:
../Core/Src/main.c:226:6: error: conflicting types for 'lcd_puts'; have 'void(uint8_t *)' {aka 'void(unsigned char *)'}
  226 | void lcd_puts(uint8_t *str)
      |      ^~~~~~~~
../Core/Src/main.c:119:6: note: previous declaration of 'lcd_puts' with type 'void(int8_t *)' {aka 'void(signed char *)'}
  119 | void lcd_puts(int8_t *); //char unsigned char?C??uint8_t
      |      ^~~~~~~~
../Core/Src/main.c:238:6: error: conflicting types for 'lcd_xy'; have 'void(uint8_t,  uint8_t)' {aka 'void(unsigned char,  unsigned char)'}
  238 | void lcd_xy(uint8_t x, uint8_t y)
      |      ^~~~~~
../Core/Src/main.c:120:6: note: previous declaration of 'lcd_xy' with type 'void(int8_t,  int8_t)' {aka 'void(signed char,  signed char)'}
  120 | void lcd_xy(int8_t, int8_t);
      |      ^~~~~~
../Core/Src/main.c: In function 'main':
../Core/Src/main.c:289:18: warning: pointer targets in passing argument 1 of 'lcd_puts' differ in signedness [-Wpointer-sign]
  289 |         lcd_puts("This is test!");       // 1
      |                  ^~~~~~~~~~~~~~~
      |                  |
      |                  char *
../Core/Src/main.c:226:24: note: expected 'uint8_t *' {aka 'unsigned char *'} but argument is of type 'char *'
  226 | void lcd_puts(uint8_t *str)
      |               ~~~~~~~~~^~~
../Core/Src/main.c:291:18: warning: pointer targets in passing argument 1 of 'lcd_puts' differ in signedness [-Wpointer-sign]
  291 |         lcd_puts("0123456789ABCDEF"); // 2
      |                  ^~~~~~~~~~~~~~~~~~
      |                  |
      |                  char *
../Core/Src/main.c:226:24: note: expected 'uint8_t *' {aka 'unsigned char *'} but argument is of type 'char *'
  226 | void lcd_puts(uint8_t *str)
      |               ~~~~~~~~~^~~
make: *** [Core/Src/subdir.mk:34: Core/Src/main.o] Error 1
"make -j8 all" terminated with exit code 2. Build might be incomplete.
13:54:52 **** Incremental Build of configuration Debug for project B60C0_LCDTEST ****
make -j8 all 
arm-none-eabi-gcc "../Core/Src/main.c" -mcpu=cortex-m3 -std=gnu11 -g3 -DDEBUG -DUSE_HAL_DRIVER -DSTM32F103xE -c -I../Core/Inc -I../Drivers/STM32F1xx_HAL_Driver/Inc -I../Drivers/STM32F1xx_HAL_Driver/Inc/Legacy -I../Drivers/CMSIS/Device/ST/STM32F1xx/Include -I../Drivers/CMSIS/Include -O0 -ffunction-sections -fdata-sections -Wall -fstack-usage -fcyclomatic-complexity -MMD -MP -MF"Core/Src/main.d" -MT"Core/Src/main.o" --specs=nano.specs -mfloat-abi=soft -mthumb -o "Core/Src/main.o"
../Core/Src/main.c: In function 'init_lcd':
../Core/Src/main.c:150:24: error: 'LCD_INT4B' undeclared (first use in this function); did you mean 'LCD_INIT4B'?
  150 |         GPIOC->ODR = ((LCD_INT4B & 0x00F0) << 8) | (GPIOC->IDR & 0x0FFF); //  (GPIOC->IDR | 0x0FFF) ??
      |                        ^~~~~~~~~
      |                        LCD_INIT4B
../Core/Src/main.c:150:24: note: each undeclared identifier is reported only once for each function it appears in
../Core/Src/main.c: At top level:
../Core/Src/main.c:181:6: error: conflicting types for 'write_lcd_data'; have 'void(int8_t,  int8_t)' {aka 'void(signed char,  signed char)'}
  181 | void write_lcd_data(int8_t data, int8_t rs)
      |      ^~~~~~~~~~~~~~
../Core/Src/main.c:118:6: note: previous declaration of 'write_lcd_data' with type 'void(uint8_t,  int8_t)' {aka 'void(unsigned char,  signed char)'}
  118 | void write_lcd_data(uint8_t, int8_t);
      |      ^~~~~~~~~~~~~~
../Core/Src/main.c: In function 'write_lcd_data':
../Core/Src/main.c:186:28: error: expected '=', ',', ';', 'asm' or '__attribute__' before '*' token
  186 |         int16_t upper_data * 0x0100 & 0xF000; // ??4? & 0xF000????
      |                            ^
../Core/Src/main.c:186:28: error: invalid type argument of unary '*' (have 'int')
  186 |         int16_t upper_data * 0x0100 & 0xF000; // ??4? & 0xF000????
      |                            ^~~~~~~~
../Core/Src/main.c:187:28: error: expected '=', ',', ';', 'asm' or '__attribute__' before '*' token
  187 |         int16_t lower_data * 0x1000 & 0xF000; // ??4? & 0xF000??
      |                            ^
../Core/Src/main.c:187:28: error: invalid type argument of unary '*' (have 'int')
  187 |         int16_t lower_data * 0x1000 & 0xF000; // ??4? & 0xF000??
      |                            ^~~~~~~~
../Core/Src/main.c:189:9: error: 'upper_data' undeclared (first use in this function)
  189 |         upper_data = data & 0xF0; // ??4
      |         ^~~~~~~~~~
../Core/Src/main.c:190:9: error: 'lower_data' undeclared (first use in this function)
  190 |         lower_data = data << 4;   // ??4
      |         ^~~~~~~~~~
../Core/Src/main.c: At top level:
../Core/Src/main.c:226:6: error: conflicting types for 'lcd_puts'; have 'void(uint8_t *)' {aka 'void(unsigned char *)'}
  226 | void lcd_puts(uint8_t *str)
      |      ^~~~~~~~
../Core/Src/main.c:119:6: note: previous declaration of 'lcd_puts' with type 'void(int8_t *)' {aka 'void(signed char *)'}
  119 | void lcd_puts(int8_t *); //char unsigned char?C??uint8_t
      |      ^~~~~~~~
../Core/Src/main.c:238:6: error: conflicting types for 'lcd_xy'; have 'void(uint8_t,  uint8_t)' {aka 'void(unsigned char,  unsigned char)'}
  238 | void lcd_xy(uint8_t x, uint8_t y)
      |      ^~~~~~
../Core/Src/main.c:120:6: note: previous declaration of 'lcd_xy' with type 'void(int8_t,  int8_t)' {aka 'void(signed char,  signed char)'}
  120 | void lcd_xy(int8_t, int8_t);
      |      ^~~~~~
../Core/Src/main.c: In function 'main':
../Core/Src/main.c:289:18: warning: pointer targets in passing argument 1 of 'lcd_puts' differ in signedness [-Wpointer-sign]
  289 |         lcd_puts("This is test!");       // 1
      |                  ^~~~~~~~~~~~~~~
      |                  |
      |                  char *
../Core/Src/main.c:226:24: note: expected 'uint8_t *' {aka 'unsigned char *'} but argument is of type 'char *'
  226 | void lcd_puts(uint8_t *str)
      |               ~~~~~~~~~^~~
../Core/Src/main.c:291:18: warning: pointer targets in passing argument 1 of 'lcd_puts' differ in signedness [-Wpointer-sign]
  291 |         lcd_puts("0123456789ABCDEF"); // 2
      |                  ^~~~~~~~~~~~~~~~~~
      |                  |
      |                  char *
../Core/Src/main.c:226:24: note: expected 'uint8_t *' {aka 'unsigned char *'} but argument is of type 'char *'
  226 | void lcd_puts(uint8_t *str)
      |               ~~~~~~~~~^~~
make: *** [Core/Src/subdir.mk:34: Core/Src/main.o] Error 1
"make -j8 all" terminated with exit code 2. Build might be incomplete.
13:55:37 **** Incremental Build of configuration Debug for project B60C0_LCDTEST ****
make -j8 all 
arm-none-eabi-gcc "../Core/Src/main.c" -mcpu=cortex-m3 -std=gnu11 -g3 -DDEBUG -DUSE_HAL_DRIVER -DSTM32F103xE -c -I../Core/Inc -I../Drivers/STM32F1xx_HAL_Driver/Inc -I../Drivers/STM32F1xx_HAL_Driver/Inc/Legacy -I../Drivers/CMSIS/Device/ST/STM32F1xx/Include -I../Drivers/CMSIS/Include -O0 -ffunction-sections -fdata-sections -Wall -fstack-usage -fcyclomatic-complexity -MMD -MP -MF"Core/Src/main.d" -MT"Core/Src/main.o" --specs=nano.specs -mfloat-abi=soft -mthumb -o "Core/Src/main.o"
../Core/Src/main.c: In function 'init_lcd':
../Core/Src/main.c:150:24: error: 'LCD_INT4B' undeclared (first use in this function); did you mean 'LCD_INIT4B'?
  150 |         GPIOC->ODR = ((LCD_INT4B & 0x00F0) << 8) | (GPIOC->IDR & 0x0FFF); //  (GPIOC->IDR | 0x0FFF) ??
      |                        ^~~~~~~~~
      |                        LCD_INIT4B
../Core/Src/main.c:150:24: note: each undeclared identifier is reported only once for each function it appears in
../Core/Src/main.c: At top level:
../Core/Src/main.c:181:6: error: conflicting types for 'write_lcd_data'; have 'void(int8_t,  int8_t)' {aka 'void(signed char,  signed char)'}
  181 | void write_lcd_data(int8_t data, int8_t rs)
      |      ^~~~~~~~~~~~~~
../Core/Src/main.c:118:6: note: previous declaration of 'write_lcd_data' with type 'void(uint8_t,  int8_t)' {aka 'void(unsigned char,  signed char)'}
  118 | void write_lcd_data(uint8_t, int8_t);
      |      ^~~~~~~~~~~~~~
../Core/Src/main.c: In function 'write_lcd_data':
../Core/Src/main.c:186:28: error: expected '=', ',', ';', 'asm' or '__attribute__' before '*' token
  186 |         int16_t upper_data * 0x0100 & 0xF000; // ??4? & 0xF000????
      |                            ^
../Core/Src/main.c:186:28: error: invalid type argument of unary '*' (have 'int')
  186 |         int16_t upper_data * 0x0100 & 0xF000; // ??4? & 0xF000????
      |                            ^~~~~~~~
../Core/Src/main.c:187:28: error: expected '=', ',', ';', 'asm' or '__attribute__' before '*' token
  187 |         int16_t lower_data * 0x1000 & 0xF000; // ??4? & 0xF000??
      |                            ^
../Core/Src/main.c:187:28: error: invalid type argument of unary '*' (have 'int')
  187 |         int16_t lower_data * 0x1000 & 0xF000; // ??4? & 0xF000??
      |                            ^~~~~~~~
../Core/Src/main.c:189:9: error: 'upper_data' undeclared (first use in this function)
  189 |         upper_data = data & 0xF0; // ??4
      |         ^~~~~~~~~~
../Core/Src/main.c:190:9: error: 'lower_data' undeclared (first use in this function)
  190 |         lower_data = data << 4;   // ??4
      |         ^~~~~~~~~~
../Core/Src/main.c: At top level:
../Core/Src/main.c:226:6: error: conflicting types for 'lcd_puts'; have 'void(uint8_t *)' {aka 'void(unsigned char *)'}
  226 | void lcd_puts(uint8_t *str)
      |      ^~~~~~~~
../Core/Src/main.c:119:6: note: previous declaration of 'lcd_puts' with type 'void(int8_t *)' {aka 'void(signed char *)'}
  119 | void lcd_puts(int8_t *); //char unsigned char?C??uint8_t
      |      ^~~~~~~~
../Core/Src/main.c:238:6: error: conflicting types for 'lcd_xy'; have 'void(uint8_t,  uint8_t)' {aka 'void(unsigned char,  unsigned char)'}
  238 | void lcd_xy(uint8_t x, uint8_t y)
      |      ^~~~~~
../Core/Src/main.c:120:6: note: previous declaration of 'lcd_xy' with type 'void(int8_t,  int8_t)' {aka 'void(signed char,  signed char)'}
  120 | void lcd_xy(int8_t, int8_t);
      |      ^~~~~~
../Core/Src/main.c: In function 'main':
../Core/Src/main.c:289:18: warning: pointer targets in passing argument 1 of 'lcd_puts' differ in signedness [-Wpointer-sign]
  289 |         lcd_puts("This is test!");       // 1
      |                  ^~~~~~~~~~~~~~~
      |                  |
      |                  char *
../Core/Src/main.c:226:24: note: expected 'uint8_t *' {aka 'unsigned char *'} but argument is of type 'char *'
  226 | void lcd_puts(uint8_t *str)
      |               ~~~~~~~~~^~~
../Core/Src/main.c:291:18: warning: pointer targets in passing argument 1 of 'lcd_puts' differ in signedness [-Wpointer-sign]
  291 |         lcd_puts("0123456789ABCDEF"); // 2
      |                  ^~~~~~~~~~~~~~~~~~
      |                  |
      |                  char *
../Core/Src/main.c:226:24: note: expected 'uint8_t *' {aka 'unsigned char *'} but argument is of type 'char *'
  226 | void lcd_puts(uint8_t *str)
      |               ~~~~~~~~~^~~
make: *** [Core/Src/subdir.mk:34: Core/Src/main.o] Error 1
"make -j8 all" terminated with exit code 2. Build might be incomplete.
13:56:03 **** Incremental Build of configuration Debug for project B60C0_LCDTEST ****
make -j8 all 
arm-none-eabi-gcc "../Core/Src/main.c" -mcpu=cortex-m3 -std=gnu11 -g3 -DDEBUG -DUSE_HAL_DRIVER -DSTM32F103xE -c -I../Core/Inc -I../Drivers/STM32F1xx_HAL_Driver/Inc -I../Drivers/STM32F1xx_HAL_Driver/Inc/Legacy -I../Drivers/CMSIS/Device/ST/STM32F1xx/Include -I../Drivers/CMSIS/Include -O0 -ffunction-sections -fdata-sections -Wall -fstack-usage -fcyclomatic-complexity -MMD -MP -MF"Core/Src/main.d" -MT"Core/Src/main.o" --specs=nano.specs -mfloat-abi=soft -mthumb -o "Core/Src/main.o"
../Core/Src/main.c: In function 'init_lcd':
../Core/Src/main.c:150:24: error: 'LCD_INT4B' undeclared (first use in this function); did you mean 'LCD_INIT4B'?
  150 |         GPIOC->ODR = ((LCD_INT4B & 0x00F0) << 8) | (GPIOC->IDR & 0x0FFF); //  (GPIOC->IDR | 0x0FFF) ??
      |                        ^~~~~~~~~
      |                        LCD_INIT4B
../Core/Src/main.c:150:24: note: each undeclared identifier is reported only once for each function it appears in
../Core/Src/main.c: At top level:
../Core/Src/main.c:181:6: error: conflicting types for 'write_lcd_data'; have 'void(int8_t,  int8_t)' {aka 'void(signed char,  signed char)'}
  181 | void write_lcd_data(int8_t data, int8_t rs)
      |      ^~~~~~~~~~~~~~
../Core/Src/main.c:118:6: note: previous declaration of 'write_lcd_data' with type 'void(uint8_t,  int8_t)' {aka 'void(unsigned char,  signed char)'}
  118 | void write_lcd_data(uint8_t, int8_t);
      |      ^~~~~~~~~~~~~~
../Core/Src/main.c: In function 'write_lcd_data':
../Core/Src/main.c:186:28: error: expected '=', ',', ';', 'asm' or '__attribute__' before '*' token
  186 |         int16_t upper_data * 0x0100 & 0xF000; // ??4? & 0xF000????
      |                            ^
../Core/Src/main.c:186:28: error: invalid type argument of unary '*' (have 'int')
  186 |         int16_t upper_data * 0x0100 & 0xF000; // ??4? & 0xF000????
      |                            ^~~~~~~~
../Core/Src/main.c:187:28: error: expected '=', ',', ';', 'asm' or '__attribute__' before '*' token
  187 |         int16_t lower_data * 0x1000 & 0xF000; // ??4? & 0xF000??
      |                            ^
../Core/Src/main.c:187:28: error: invalid type argument of unary '*' (have 'int')
  187 |         int16_t lower_data * 0x1000 & 0xF000; // ??4? & 0xF000??
      |                            ^~~~~~~~
../Core/Src/main.c:189:9: error: 'upper_data' undeclared (first use in this function)
  189 |         upper_data = data & 0xF0; // ??4
      |         ^~~~~~~~~~
../Core/Src/main.c:190:9: error: 'lower_data' undeclared (first use in this function)
  190 |         lower_data = data << 4;   // ??4
      |         ^~~~~~~~~~
../Core/Src/main.c: At top level:
../Core/Src/main.c:226:6: error: conflicting types for 'lcd_puts'; have 'void(uint8_t *)' {aka 'void(unsigned char *)'}
  226 | void lcd_puts(uint8_t *str)
      |      ^~~~~~~~
../Core/Src/main.c:119:6: note: previous declaration of 'lcd_puts' with type 'void(int8_t *)' {aka 'void(signed char *)'}
  119 | void lcd_puts(int8_t *); //char unsigned char?C??uint8_t
      |      ^~~~~~~~
../Core/Src/main.c:238:6: error: conflicting types for 'lcd_xy'; have 'void(uint8_t,  uint8_t)' {aka 'void(unsigned char,  unsigned char)'}
  238 | void lcd_xy(uint8_t x, uint8_t y)
      |      ^~~~~~
../Core/Src/main.c:120:6: note: previous declaration of 'lcd_xy' with type 'void(int8_t,  int8_t)' {aka 'void(signed char,  signed char)'}
  120 | void lcd_xy(int8_t, int8_t);
      |      ^~~~~~
../Core/Src/main.c: In function 'main':
../Core/Src/main.c:289:18: warning: pointer targets in passing argument 1 of 'lcd_puts' differ in signedness [-Wpointer-sign]
  289 |         lcd_puts("This is test!");       // 1
      |                  ^~~~~~~~~~~~~~~
      |                  |
      |                  char *
../Core/Src/main.c:226:24: note: expected 'uint8_t *' {aka 'unsigned char *'} but argument is of type 'char *'
  226 | void lcd_puts(uint8_t *str)
      |               ~~~~~~~~~^~~
../Core/Src/main.c:291:18: warning: pointer targets in passing argument 1 of 'lcd_puts' differ in signedness [-Wpointer-sign]
  291 |         lcd_puts("0123456789ABCDEF"); // 2
      |                  ^~~~~~~~~~~~~~~~~~
      |                  |
      |                  char *
../Core/Src/main.c:226:24: note: expected 'uint8_t *' {aka 'unsigned char *'} but argument is of type 'char *'
  226 | void lcd_puts(uint8_t *str)
      |               ~~~~~~~~~^~~
make: *** [Core/Src/subdir.mk:34: Core/Src/main.o] Error 1
"make -j8 all" terminated with exit code 2. Build might be incomplete.
13:57:18 **** Incremental Build of configuration Debug for project B60C0_LCDTEST ****
make -j8 all 
arm-none-eabi-gcc "../Core/Src/main.c" -mcpu=cortex-m3 -std=gnu11 -g3 -DDEBUG -DUSE_HAL_DRIVER -DSTM32F103xE -c -I../Core/Inc -I../Drivers/STM32F1xx_HAL_Driver/Inc -I../Drivers/STM32F1xx_HAL_Driver/Inc/Legacy -I../Drivers/CMSIS/Device/ST/STM32F1xx/Include -I../Drivers/CMSIS/Include -O0 -ffunction-sections -fdata-sections -Wall -fstack-usage -fcyclomatic-complexity -MMD -MP -MF"Core/Src/main.d" -MT"Core/Src/main.o" --specs=nano.specs -mfloat-abi=soft -mthumb -o "Core/Src/main.o"
../Core/Src/main.c:181:6: error: conflicting types for 'write_lcd_data'; have 'void(int8_t,  int8_t)' {aka 'void(signed char,  signed char)'}
  181 | void write_lcd_data(int8_t data, int8_t rs)
      |      ^~~~~~~~~~~~~~
../Core/Src/main.c:118:6: note: previous declaration of 'write_lcd_data' with type 'void(uint8_t,  int8_t)' {aka 'void(unsigned char,  signed char)'}
  118 | void write_lcd_data(uint8_t, int8_t);
      |      ^~~~~~~~~~~~~~
../Core/Src/main.c: In function 'write_lcd_data':
../Core/Src/main.c:186:28: error: expected '=', ',', ';', 'asm' or '__attribute__' before '*' token
  186 |         int16_t upper_data * 0x0100 & 0xF000; // ??4? & 0xF000????
      |                            ^
../Core/Src/main.c:186:28: error: invalid type argument of unary '*' (have 'int')
  186 |         int16_t upper_data * 0x0100 & 0xF000; // ??4? & 0xF000????
      |                            ^~~~~~~~
../Core/Src/main.c:187:28: error: expected '=', ',', ';', 'asm' or '__attribute__' before '*' token
  187 |         int16_t lower_data * 0x1000 & 0xF000; // ??4? & 0xF000??
      |                            ^
../Core/Src/main.c:187:28: error: invalid type argument of unary '*' (have 'int')
  187 |         int16_t lower_data * 0x1000 & 0xF000; // ??4? & 0xF000??
      |                            ^~~~~~~~
../Core/Src/main.c:189:9: error: 'upper_data' undeclared (first use in this function)
  189 |         upper_data = data & 0xF0; // ??4
      |         ^~~~~~~~~~
../Core/Src/main.c:189:9: note: each undeclared identifier is reported only once for each function it appears in
../Core/Src/main.c:190:9: error: 'lower_data' undeclared (first use in this function)
  190 |         lower_data = data << 4;   // ??4
      |         ^~~~~~~~~~
../Core/Src/main.c: At top level:
../Core/Src/main.c:226:6: error: conflicting types for 'lcd_puts'; have 'void(uint8_t *)' {aka 'void(unsigned char *)'}
  226 | void lcd_puts(uint8_t *str)
      |      ^~~~~~~~
../Core/Src/main.c:119:6: note: previous declaration of 'lcd_puts' with type 'void(int8_t *)' {aka 'void(signed char *)'}
  119 | void lcd_puts(int8_t *); //char unsigned char?C??uint8_t
      |      ^~~~~~~~
../Core/Src/main.c:238:6: error: conflicting types for 'lcd_xy'; have 'void(uint8_t,  uint8_t)' {aka 'void(unsigned char,  unsigned char)'}
  238 | void lcd_xy(uint8_t x, uint8_t y)
      |      ^~~~~~
../Core/Src/main.c:120:6: note: previous declaration of 'lcd_xy' with type 'void(int8_t,  int8_t)' {aka 'void(signed char,  signed char)'}
  120 | void lcd_xy(int8_t, int8_t);
      |      ^~~~~~
../Core/Src/main.c: In function 'main':
../Core/Src/main.c:289:18: warning: pointer targets in passing argument 1 of 'lcd_puts' differ in signedness [-Wpointer-sign]
  289 |         lcd_puts("This is test!");       // 1
      |                  ^~~~~~~~~~~~~~~
      |                  |
      |                  char *
../Core/Src/main.c:226:24: note: expected 'uint8_t *' {aka 'unsigned char *'} but argument is of type 'char *'
  226 | void lcd_puts(uint8_t *str)
      |               ~~~~~~~~~^~~
../Core/Src/main.c:291:18: warning: pointer targets in passing argument 1 of 'lcd_puts' differ in signedness [-Wpointer-sign]
  291 |         lcd_puts("0123456789ABCDEF"); // 2
      |                  ^~~~~~~~~~~~~~~~~~
      |                  |
      |                  char *
../Core/Src/main.c:226:24: note: expected 'uint8_t *' {aka 'unsigned char *'} but argument is of type 'char *'
  226 | void lcd_puts(uint8_t *str)
      |               ~~~~~~~~~^~~
make: *** [Core/Src/subdir.mk:34: Core/Src/main.o] Error 1
"make -j8 all" terminated with exit code 2. Build might be incomplete.
13:58:58 **** Incremental Build of configuration Debug for project B60C0_LCDTEST ****
make -j8 all 
arm-none-eabi-gcc "../Core/Src/main.c" -mcpu=cortex-m3 -std=gnu11 -g3 -DDEBUG -DUSE_HAL_DRIVER -DSTM32F103xE -c -I../Core/Inc -I../Drivers/STM32F1xx_HAL_Driver/Inc -I../Drivers/STM32F1xx_HAL_Driver/Inc/Legacy -I../Drivers/CMSIS/Device/ST/STM32F1xx/Include -I../Drivers/CMSIS/Include -O0 -ffunction-sections -fdata-sections -Wall -fstack-usage -fcyclomatic-complexity -MMD -MP -MF"Core/Src/main.d" -MT"Core/Src/main.o" --specs=nano.specs -mfloat-abi=soft -mthumb -o "Core/Src/main.o"
../Core/Src/main.c: In function 'write_lcd_data':
../Core/Src/main.c:186:29: error: expected '=', ',', ';', 'asm' or '__attribute__' before '*' token
  186 |         uint16_t upper_data * 0x0100 & 0xF000; // ??4? & 0xF000????
      |                             ^
../Core/Src/main.c:186:29: error: invalid type argument of unary '*' (have 'int')
  186 |         uint16_t upper_data * 0x0100 & 0xF000; // ??4? & 0xF000????
      |                             ^~~~~~~~
../Core/Src/main.c:187:29: error: expected '=', ',', ';', 'asm' or '__attribute__' before '*' token
  187 |         uint16_t lower_data * 0x1000 & 0xF000; // ??4? & 0xF000??
      |                             ^
../Core/Src/main.c:187:29: error: invalid type argument of unary '*' (have 'int')
  187 |         uint16_t lower_data * 0x1000 & 0xF000; // ??4? & 0xF000??
      |                             ^~~~~~~~
../Core/Src/main.c:189:9: error: 'upper_data' undeclared (first use in this function)
  189 |         upper_data = data & 0xF0; // ??4
      |         ^~~~~~~~~~
../Core/Src/main.c:189:9: note: each undeclared identifier is reported only once for each function it appears in
../Core/Src/main.c:190:9: error: 'lower_data' undeclared (first use in this function)
  190 |         lower_data = data << 4;   // ??4
      |         ^~~~~~~~~~
../Core/Src/main.c: In function 'main':
../Core/Src/main.c:289:18: warning: pointer targets in passing argument 1 of 'lcd_puts' differ in signedness [-Wpointer-sign]
  289 |         lcd_puts("This is test!");       // 1
      |                  ^~~~~~~~~~~~~~~
      |                  |
      |                  char *
../Core/Src/main.c:226:24: note: expected 'uint8_t *' {aka 'unsigned char *'} but argument is of type 'char *'
  226 | void lcd_puts(uint8_t *str)
      |               ~~~~~~~~~^~~
../Core/Src/main.c:291:18: warning: pointer targets in passing argument 1 of 'lcd_puts' differ in signedness [-Wpointer-sign]
  291 |         lcd_puts("0123456789ABCDEF"); // 2
      |                  ^~~~~~~~~~~~~~~~~~
      |                  |
      |                  char *
../Core/Src/main.c:226:24: note: expected 'uint8_t *' {aka 'unsigned char *'} but argument is of type 'char *'
  226 | void lcd_puts(uint8_t *str)
      |               ~~~~~~~~~^~~
make: *** [Core/Src/subdir.mk:34: Core/Src/main.o] Error 1
"make -j8 all" terminated with exit code 2. Build might be incomplete.
13:59:46 **** Incremental Build of configuration Debug for project B60C0_LCDTEST ****
make -j8 all 
arm-none-eabi-gcc "../Core/Src/main.c" -mcpu=cortex-m3 -std=gnu11 -g3 -DDEBUG -DUSE_HAL_DRIVER -DSTM32F103xE -c -I../Core/Inc -I../Drivers/STM32F1xx_HAL_Driver/Inc -I../Drivers/STM32F1xx_HAL_Driver/Inc/Legacy -I../Drivers/CMSIS/Device/ST/STM32F1xx/Include -I../Drivers/CMSIS/Include -O0 -ffunction-sections -fdata-sections -Wall -fstack-usage -fcyclomatic-complexity -MMD -MP -MF"Core/Src/main.d" -MT"Core/Src/main.o" --specs=nano.specs -mfloat-abi=soft -mthumb -o "Core/Src/main.o"
../Core/Src/main.c: In function 'write_lcd_data':
../Core/Src/main.c:186:29: error: expected '=', ',', ';', 'asm' or '__attribute__' before '*' token
  186 |         uint16_t upper_data * 0x0100 & 0xF000; // ??4? & 0xF000????
      |                             ^
../Core/Src/main.c:186:29: error: invalid type argument of unary '*' (have 'int')
  186 |         uint16_t upper_data * 0x0100 & 0xF000; // ??4? & 0xF000????
      |                             ^~~~~~~~
../Core/Src/main.c:187:29: error: expected '=', ',', ';', 'asm' or '__attribute__' before '*' token
  187 |         uint16_t lower_data * 0x1000 & 0xF000; // ??4? & 0xF000??
      |                             ^
../Core/Src/main.c:187:29: error: invalid type argument of unary '*' (have 'int')
  187 |         uint16_t lower_data * 0x1000 & 0xF000; // ??4? & 0xF000??
      |                             ^~~~~~~~
../Core/Src/main.c:189:9: error: 'upper_data' undeclared (first use in this function)
  189 |         upper_data = data & 0xF0; // ??4
      |         ^~~~~~~~~~
../Core/Src/main.c:189:9: note: each undeclared identifier is reported only once for each function it appears in
../Core/Src/main.c:190:9: error: 'lower_data' undeclared (first use in this function)
  190 |         lower_data = data << 4;   // ??4
      |         ^~~~~~~~~~
../Core/Src/main.c: In function 'main':
../Core/Src/main.c:289:18: warning: pointer targets in passing argument 1 of 'lcd_puts' differ in signedness [-Wpointer-sign]
  289 |         lcd_puts("This is test!");       // 1
      |                  ^~~~~~~~~~~~~~~
      |                  |
      |                  char *
../Core/Src/main.c:226:24: note: expected 'uint8_t *' {aka 'unsigned char *'} but argument is of type 'char *'
  226 | void lcd_puts(uint8_t *str)
      |               ~~~~~~~~~^~~
../Core/Src/main.c:291:18: warning: pointer targets in passing argument 1 of 'lcd_puts' differ in signedness [-Wpointer-sign]
  291 |         lcd_puts("0123456789ABCDEF"); // 2
      |                  ^~~~~~~~~~~~~~~~~~
      |                  |
      |                  char *
../Core/Src/main.c:226:24: note: expected 'uint8_t *' {aka 'unsigned char *'} but argument is of type 'char *'
  226 | void lcd_puts(uint8_t *str)
      |               ~~~~~~~~~^~~
make: *** [Core/Src/subdir.mk:34: Core/Src/main.o] Error 1
"make -j8 all" terminated with exit code 2. Build might be incomplete.
13:59:51 **** Incremental Build of configuration Debug for project B60C0_LCDTEST ****
make -j8 all 
arm-none-eabi-gcc "../Core/Src/main.c" -mcpu=cortex-m3 -std=gnu11 -g3 -DDEBUG -DUSE_HAL_DRIVER -DSTM32F103xE -c -I../Core/Inc -I../Drivers/STM32F1xx_HAL_Driver/Inc -I../Drivers/STM32F1xx_HAL_Driver/Inc/Legacy -I../Drivers/CMSIS/Device/ST/STM32F1xx/Include -I../Drivers/CMSIS/Include -O0 -ffunction-sections -fdata-sections -Wall -fstack-usage -fcyclomatic-complexity -MMD -MP -MF"Core/Src/main.d" -MT"Core/Src/main.o" --specs=nano.specs -mfloat-abi=soft -mthumb -o "Core/Src/main.o"
../Core/Src/main.c: In function 'write_lcd_data':
../Core/Src/main.c:186:29: error: expected '=', ',', ';', 'asm' or '__attribute__' before '*' token
  186 |         uint16_t upper_data * 0x0100 & 0xF000; // ??4? & 0xF000????
      |                             ^
../Core/Src/main.c:186:29: error: invalid type argument of unary '*' (have 'int')
  186 |         uint16_t upper_data * 0x0100 & 0xF000; // ??4? & 0xF000????
      |                             ^~~~~~~~
../Core/Src/main.c:187:29: error: expected '=', ',', ';', 'asm' or '__attribute__' before '*' token
  187 |         uint16_t lower_data * 0x1000 & 0xF000; // ??4? & 0xF000??
      |                             ^
../Core/Src/main.c:187:29: error: invalid type argument of unary '*' (have 'int')
  187 |         uint16_t lower_data * 0x1000 & 0xF000; // ??4? & 0xF000??
      |                             ^~~~~~~~
../Core/Src/main.c:189:9: error: 'upper_data' undeclared (first use in this function)
  189 |         upper_data = data & 0xF0; // ??4
      |         ^~~~~~~~~~
../Core/Src/main.c:189:9: note: each undeclared identifier is reported only once for each function it appears in
../Core/Src/main.c:190:9: error: 'lower_data' undeclared (first use in this function)
  190 |         lower_data = data << 4;   // ??4
      |         ^~~~~~~~~~
../Core/Src/main.c: In function 'main':
../Core/Src/main.c:289:18: warning: pointer targets in passing argument 1 of 'lcd_puts' differ in signedness [-Wpointer-sign]
  289 |         lcd_puts("This is test!");       // 1
      |                  ^~~~~~~~~~~~~~~
      |                  |
      |                  char *
../Core/Src/main.c:226:24: note: expected 'uint8_t *' {aka 'unsigned char *'} but argument is of type 'char *'
  226 | void lcd_puts(uint8_t *str)
      |               ~~~~~~~~~^~~
../Core/Src/main.c:291:18: warning: pointer targets in passing argument 1 of 'lcd_puts' differ in signedness [-Wpointer-sign]
  291 |         lcd_puts("0123456789ABCDEF"); // 2
      |                  ^~~~~~~~~~~~~~~~~~
      |                  |
      |                  char *
../Core/Src/main.c:226:24: note: expected 'uint8_t *' {aka 'unsigned char *'} but argument is of type 'char *'
  226 | void lcd_puts(uint8_t *str)
      |               ~~~~~~~~~^~~
make: *** [Core/Src/subdir.mk:34: Core/Src/main.o] Error 1
"make -j8 all" terminated with exit code 2. Build might be incomplete.
14:00:10 **** Incremental Build of configuration Debug for project B60C0_LCDTEST ****
make -j8 all 
arm-none-eabi-gcc "../Core/Src/main.c" -mcpu=cortex-m3 -std=gnu11 -g3 -DDEBUG -DUSE_HAL_DRIVER -DSTM32F103xE -c -I../Core/Inc -I../Drivers/STM32F1xx_HAL_Driver/Inc -I../Drivers/STM32F1xx_HAL_Driver/Inc/Legacy -I../Drivers/CMSIS/Device/ST/STM32F1xx/Include -I../Drivers/CMSIS/Include -O0 -ffunction-sections -fdata-sections -Wall -fstack-usage -fcyclomatic-complexity -MMD -MP -MF"Core/Src/main.d" -MT"Core/Src/main.o" --specs=nano.specs -mfloat-abi=soft -mthumb -o "Core/Src/main.o"
../Core/Src/main.c: In function 'write_lcd_data':
../Core/Src/main.c:186:29: error: expected '=', ',', ';', 'asm' or '__attribute__' before '*' token
  186 |         uint16_t upper_data * 0x0100 & 0xF000; // ??4? & 0xF000????
      |                             ^
../Core/Src/main.c:186:29: error: invalid type argument of unary '*' (have 'int')
  186 |         uint16_t upper_data * 0x0100 & 0xF000; // ??4? & 0xF000????
      |                             ^~~~~~~~
../Core/Src/main.c:187:29: error: expected '=', ',', ';', 'asm' or '__attribute__' before '*' token
  187 |         uint16_t lower_data * 0x1000 & 0xF000; // ??4? & 0xF000??
      |                             ^
../Core/Src/main.c:187:29: error: invalid type argument of unary '*' (have 'int')
  187 |         uint16_t lower_data * 0x1000 & 0xF000; // ??4? & 0xF000??
      |                             ^~~~~~~~
../Core/Src/main.c:189:9: error: 'upper_data' undeclared (first use in this function)
  189 |         upper_data = data & 0xF0; // ??4
      |         ^~~~~~~~~~
../Core/Src/main.c:189:9: note: each undeclared identifier is reported only once for each function it appears in
../Core/Src/main.c:190:9: error: 'lower_data' undeclared (first use in this function)
  190 |         lower_data = data << 4;   // ??4
      |         ^~~~~~~~~~
../Core/Src/main.c: In function 'main':
../Core/Src/main.c:289:18: warning: pointer targets in passing argument 1 of 'lcd_puts' differ in signedness [-Wpointer-sign]
  289 |         lcd_puts("This is test!");       // 1
      |                  ^~~~~~~~~~~~~~~
      |                  |
      |                  char *
../Core/Src/main.c:226:24: note: expected 'uint8_t *' {aka 'unsigned char *'} but argument is of type 'char *'
  226 | void lcd_puts(uint8_t *str)
      |               ~~~~~~~~~^~~
../Core/Src/main.c:291:18: warning: pointer targets in passing argument 1 of 'lcd_puts' differ in signedness [-Wpointer-sign]
  291 |         lcd_puts("0123456789ABCDEF"); // 2
      |                  ^~~~~~~~~~~~~~~~~~
      |                  |
      |                  char *
../Core/Src/main.c:226:24: note: expected 'uint8_t *' {aka 'unsigned char *'} but argument is of type 'char *'
  226 | void lcd_puts(uint8_t *str)
      |               ~~~~~~~~~^~~
make: *** [Core/Src/subdir.mk:34: Core/Src/main.o] Error 1
"make -j8 all" terminated with exit code 2. Build might be incomplete.
14:00:27 **** Incremental Build of configuration Debug for project B60C0_LCDTEST ****
make -j8 all 
arm-none-eabi-gcc "../Core/Src/main.c" -mcpu=cortex-m3 -std=gnu11 -g3 -DDEBUG -DUSE_HAL_DRIVER -DSTM32F103xE -c -I../Core/Inc -I../Drivers/STM32F1xx_HAL_Driver/Inc -I../Drivers/STM32F1xx_HAL_Driver/Inc/Legacy -I../Drivers/CMSIS/Device/ST/STM32F1xx/Include -I../Drivers/CMSIS/Include -O0 -ffunction-sections -fdata-sections -Wall -fstack-usage -fcyclomatic-complexity -MMD -MP -MF"Core/Src/main.d" -MT"Core/Src/main.o" --specs=nano.specs -mfloat-abi=soft -mthumb -o "Core/Src/main.o"
../Core/Src/main.c: In function 'write_lcd_data':
../Core/Src/main.c:186:29: error: expected '=', ',', ';', 'asm' or '__attribute__' before '*' token
  186 |         uint16_t upper_data * 0x0100 & 0xF000; // ??4? & 0xF000????
      |                             ^
../Core/Src/main.c:186:29: error: invalid type argument of unary '*' (have 'int')
  186 |         uint16_t upper_data * 0x0100 & 0xF000; // ??4? & 0xF000????
      |                             ^~~~~~~~
../Core/Src/main.c:187:29: error: expected '=', ',', ';', 'asm' or '__attribute__' before '*' token
  187 |         uint16_t lower_data * 0x1000 & 0xF000; // ??4? & 0xF000??
      |                             ^
../Core/Src/main.c:187:29: error: invalid type argument of unary '*' (have 'int')
  187 |         uint16_t lower_data * 0x1000 & 0xF000; // ??4? & 0xF000??
      |                             ^~~~~~~~
../Core/Src/main.c:189:9: error: 'upper_data' undeclared (first use in this function)
  189 |         upper_data = data & 0xF0; // ??4
      |         ^~~~~~~~~~
../Core/Src/main.c:189:9: note: each undeclared identifier is reported only once for each function it appears in
../Core/Src/main.c:190:9: error: 'lower_data' undeclared (first use in this function)
  190 |         lower_data = data << 4;   // ??4
      |         ^~~~~~~~~~
../Core/Src/main.c: In function 'main':
../Core/Src/main.c:289:18: warning: pointer targets in passing argument 1 of 'lcd_puts' differ in signedness [-Wpointer-sign]
  289 |         lcd_puts("This is test!");       // 1
      |                  ^~~~~~~~~~~~~~~
      |                  |
      |                  char *
../Core/Src/main.c:226:24: note: expected 'uint8_t *' {aka 'unsigned char *'} but argument is of type 'char *'
  226 | void lcd_puts(uint8_t *str)
      |               ~~~~~~~~~^~~
../Core/Src/main.c:291:18: warning: pointer targets in passing argument 1 of 'lcd_puts' differ in signedness [-Wpointer-sign]
  291 |         lcd_puts("0123456789ABCDEF"); // 2
      |                  ^~~~~~~~~~~~~~~~~~
      |                  |
      |                  char *
../Core/Src/main.c:226:24: note: expected 'uint8_t *' {aka 'unsigned char *'} but argument is of type 'char *'
  226 | void lcd_puts(uint8_t *str)
      |               ~~~~~~~~~^~~
make: *** [Core/Src/subdir.mk:34: Core/Src/main.o] Error 1
"make -j8 all" terminated with exit code 2. Build might be incomplete.
14:02:04 **** Incremental Build of configuration Debug for project B60C0_LCDTEST ****
make -j8 all 
arm-none-eabi-gcc "../Core/Src/main.c" -mcpu=cortex-m3 -std=gnu11 -g3 -DDEBUG -DUSE_HAL_DRIVER -DSTM32F103xE -c -I../Core/Inc -I../Drivers/STM32F1xx_HAL_Driver/Inc -I../Drivers/STM32F1xx_HAL_Driver/Inc/Legacy -I../Drivers/CMSIS/Device/ST/STM32F1xx/Include -I../Drivers/CMSIS/Include -O0 -ffunction-sections -fdata-sections -Wall -fstack-usage -fcyclomatic-complexity -MMD -MP -MF"Core/Src/main.d" -MT"Core/Src/main.o" --specs=nano.specs -mfloat-abi=soft -mthumb -o "Core/Src/main.o"
../Core/Src/main.c: In function 'write_lcd_data':
../Core/Src/main.c:186:29: error: expected '=', ',', ';', 'asm' or '__attribute__' before '*' token
  186 |         uint16_t upper_data * 0x0100 & 0xF000; // ??4? & 0xF000????
      |                             ^
../Core/Src/main.c:186:29: error: invalid type argument of unary '*' (have 'int')
  186 |         uint16_t upper_data * 0x0100 & 0xF000; // ??4? & 0xF000????
      |                             ^~~~~~~~
../Core/Src/main.c:187:29: error: expected '=', ',', ';', 'asm' or '__attribute__' before '*' token
  187 |         uint16_t lower_data * 0x1000 & 0xF000; // ??4? & 0xF000??
      |                             ^
../Core/Src/main.c:187:29: error: invalid type argument of unary '*' (have 'int')
  187 |         uint16_t lower_data * 0x1000 & 0xF000; // ??4? & 0xF000??
      |                             ^~~~~~~~
../Core/Src/main.c:189:9: error: 'upper_data' undeclared (first use in this function)
  189 |         upper_data = data & 0xF0; // ??4
      |         ^~~~~~~~~~
../Core/Src/main.c:189:9: note: each undeclared identifier is reported only once for each function it appears in
../Core/Src/main.c:190:9: error: 'lower_data' undeclared (first use in this function)
  190 |         lower_data = data << 4;   // ??4
      |         ^~~~~~~~~~
../Core/Src/main.c: In function 'main':
../Core/Src/main.c:289:18: warning: pointer targets in passing argument 1 of 'lcd_puts' differ in signedness [-Wpointer-sign]
  289 |         lcd_puts("This is test!");       // 1
      |                  ^~~~~~~~~~~~~~~
      |                  |
      |                  char *
../Core/Src/main.c:226:24: note: expected 'uint8_t *' {aka 'unsigned char *'} but argument is of type 'char *'
  226 | void lcd_puts(uint8_t *str)
      |               ~~~~~~~~~^~~
../Core/Src/main.c:291:18: warning: pointer targets in passing argument 1 of 'lcd_puts' differ in signedness [-Wpointer-sign]
  291 |         lcd_puts("0123456789ABCDEF"); // 2
      |                  ^~~~~~~~~~~~~~~~~~
      |                  |
      |                  char *
../Core/Src/main.c:226:24: note: expected 'uint8_t *' {aka 'unsigned char *'} but argument is of type 'char *'
  226 | void lcd_puts(uint8_t *str)
      |               ~~~~~~~~~^~~
make: *** [Core/Src/subdir.mk:34: Core/Src/main.o] Error 1
"make -j8 all" terminated with exit code 2. Build might be incomplete.
14:03:30 **** Incremental Build of configuration Debug for project B60C0_LCDTEST ****
make -j8 all 
arm-none-eabi-gcc "../Core/Src/main.c" -mcpu=cortex-m3 -std=gnu11 -g3 -DDEBUG -DUSE_HAL_DRIVER -DSTM32F103xE -c -I../Core/Inc -I../Drivers/STM32F1xx_HAL_Driver/Inc -I../Drivers/STM32F1xx_HAL_Driver/Inc/Legacy -I../Drivers/CMSIS/Device/ST/STM32F1xx/Include -I../Drivers/CMSIS/Include -O0 -ffunction-sections -fdata-sections -Wall -fstack-usage -fcyclomatic-complexity -MMD -MP -MF"Core/Src/main.d" -MT"Core/Src/main.o" --specs=nano.specs -mfloat-abi=soft -mthumb -o "Core/Src/main.o"
../Core/Src/main.c: In function 'write_lcd_data':
../Core/Src/main.c:186:29: error: expected '=', ',', ';', 'asm' or '__attribute__' before '*' token
  186 |         uint16_t upper_data * 0x0100 & 0xF000; // ??4? & 0xF000????
      |                             ^
../Core/Src/main.c:186:29: error: invalid type argument of unary '*' (have 'int')
  186 |         uint16_t upper_data * 0x0100 & 0xF000; // ??4? & 0xF000????
      |                             ^~~~~~~~
../Core/Src/main.c:187:29: error: expected '=', ',', ';', 'asm' or '__attribute__' before '*' token
  187 |         uint16_t lower_data * 0x1000 & 0xF000; // ??4? & 0xF000??
      |                             ^
../Core/Src/main.c:187:29: error: invalid type argument of unary '*' (have 'int')
  187 |         uint16_t lower_data * 0x1000 & 0xF000; // ??4? & 0xF000??
      |                             ^~~~~~~~
../Core/Src/main.c:189:9: error: 'upper_data' undeclared (first use in this function)
  189 |         upper_data = data & 0xF0; // ??4
      |         ^~~~~~~~~~
../Core/Src/main.c:189:9: note: each undeclared identifier is reported only once for each function it appears in
../Core/Src/main.c:190:9: error: 'lower_data' undeclared (first use in this function)
  190 |         lower_data = data << 4;   // ??4
      |         ^~~~~~~~~~
../Core/Src/main.c: In function 'main':
../Core/Src/main.c:289:18: warning: pointer targets in passing argument 1 of 'lcd_puts' differ in signedness [-Wpointer-sign]
  289 |         lcd_puts("This is test!");       // 1
      |                  ^~~~~~~~~~~~~~~
      |                  |
      |                  char *
../Core/Src/main.c:226:24: note: expected 'uint8_t *' {aka 'unsigned char *'} but argument is of type 'char *'
  226 | void lcd_puts(uint8_t *str)
      |               ~~~~~~~~~^~~
../Core/Src/main.c:291:18: warning: pointer targets in passing argument 1 of 'lcd_puts' differ in signedness [-Wpointer-sign]
  291 |         lcd_puts("0123456789ABCDEF"); // 2
      |                  ^~~~~~~~~~~~~~~~~~
      |                  |
      |                  char *
../Core/Src/main.c:226:24: note: expected 'uint8_t *' {aka 'unsigned char *'} but argument is of type 'char *'
  226 | void lcd_puts(uint8_t *str)
      |               ~~~~~~~~~^~~
make: *** [Core/Src/subdir.mk:34: Core/Src/main.o] Error 1
"make -j8 all" terminated with exit code 2. Build might be incomplete.
14:04:14 **** Incremental Build of configuration Debug for project B60C0_LCDTEST ****
make -j8 all 
arm-none-eabi-gcc "../Core/Src/main.c" -mcpu=cortex-m3 -std=gnu11 -g3 -DDEBUG -DUSE_HAL_DRIVER -DSTM32F103xE -c -I../Core/Inc -I../Drivers/STM32F1xx_HAL_Driver/Inc -I../Drivers/STM32F1xx_HAL_Driver/Inc/Legacy -I../Drivers/CMSIS/Device/ST/STM32F1xx/Include -I../Drivers/CMSIS/Include -O0 -ffunction-sections -fdata-sections -Wall -fstack-usage -fcyclomatic-complexity -MMD -MP -MF"Core/Src/main.d" -MT"Core/Src/main.o" --specs=nano.specs -mfloat-abi=soft -mthumb -o "Core/Src/main.o"
../Core/Src/main.c: In function 'write_lcd_data':
../Core/Src/main.c:186:29: error: expected '=', ',', ';', 'asm' or '__attribute__' before '*' token
  186 |         uint16_t upper_data * 0x0100 & 0xF000; // ??4? & 0xF000????
      |                             ^
../Core/Src/main.c:186:29: error: invalid type argument of unary '*' (have 'int')
  186 |         uint16_t upper_data * 0x0100 & 0xF000; // ??4? & 0xF000????
      |                             ^~~~~~~~
../Core/Src/main.c:187:29: error: expected '=', ',', ';', 'asm' or '__attribute__' before '*' token
  187 |         uint16_t lower_data * 0x1000 & 0xF000; // ??4? & 0xF000??
      |                             ^
../Core/Src/main.c:187:29: error: invalid type argument of unary '*' (have 'int')
  187 |         uint16_t lower_data * 0x1000 & 0xF000; // ??4? & 0xF000??
      |                             ^~~~~~~~
../Core/Src/main.c:189:9: error: 'upper_data' undeclared (first use in this function)
  189 |         upper_data = data & 0xF0; // ??4
      |         ^~~~~~~~~~
../Core/Src/main.c:189:9: note: each undeclared identifier is reported only once for each function it appears in
../Core/Src/main.c:190:9: error: 'lower_data' undeclared (first use in this function)
  190 |         lower_data = data << 4;   // ??4
      |         ^~~~~~~~~~
../Core/Src/main.c: In function 'main':
../Core/Src/main.c:289:18: warning: pointer targets in passing argument 1 of 'lcd_puts' differ in signedness [-Wpointer-sign]
  289 |         lcd_puts("This is test!");       // 1
      |                  ^~~~~~~~~~~~~~~
      |                  |
      |                  char *
../Core/Src/main.c:226:24: note: expected 'uint8_t *' {aka 'unsigned char *'} but argument is of type 'char *'
  226 | void lcd_puts(uint8_t *str)
      |               ~~~~~~~~~^~~
../Core/Src/main.c:291:18: warning: pointer targets in passing argument 1 of 'lcd_puts' differ in signedness [-Wpointer-sign]
  291 |         lcd_puts("0123456789ABCDEF"); // 2
      |                  ^~~~~~~~~~~~~~~~~~
      |                  |
      |                  char *
../Core/Src/main.c:226:24: note: expected 'uint8_t *' {aka 'unsigned char *'} but argument is of type 'char *'
  226 | void lcd_puts(uint8_t *str)
      |               ~~~~~~~~~^~~
make: *** [Core/Src/subdir.mk:34: Core/Src/main.o] Error 1
"make -j8 all" terminated with exit code 2. Build might be incomplete.
14:08:07 **** Incremental Build of configuration Debug for project B60C0_LCDTEST ****
make -j8 all 
arm-none-eabi-gcc "../Core/Src/main.c" -mcpu=cortex-m3 -std=gnu11 -g3 -DDEBUG -DUSE_HAL_DRIVER -DSTM32F103xE -c -I../Core/Inc -I../Drivers/STM32F1xx_HAL_Driver/Inc -I../Drivers/STM32F1xx_HAL_Driver/Inc/Legacy -I../Drivers/CMSIS/Device/ST/STM32F1xx/Include -I../Drivers/CMSIS/Include -O0 -ffunction-sections -fdata-sections -Wall -fstack-usage -fcyclomatic-complexity -MMD -MP -MF"Core/Src/main.d" -MT"Core/Src/main.o" --specs=nano.specs -mfloat-abi=soft -mthumb -o "Core/Src/main.o"
../Core/Src/main.c: In function 'write_lcd_data':
../Core/Src/main.c:186:29: error: expected '=', ',', ';', 'asm' or '__attribute__' before '*' token
  186 |         uint16_t upper_data * 0x0100 & 0xF000; // ??4? & 0xF000????
      |                             ^
../Core/Src/main.c:186:29: error: invalid type argument of unary '*' (have 'int')
  186 |         uint16_t upper_data * 0x0100 & 0xF000; // ??4? & 0xF000????
      |                             ^~~~~~~~
../Core/Src/main.c:187:29: error: expected '=', ',', ';', 'asm' or '__attribute__' before '*' token
  187 |         uint16_t lower_data * 0x1000 & 0xF000; // ??4? & 0xF000??
      |                             ^
../Core/Src/main.c:187:29: error: invalid type argument of unary '*' (have 'int')
  187 |         uint16_t lower_data * 0x1000 & 0xF000; // ??4? & 0xF000??
      |                             ^~~~~~~~
../Core/Src/main.c:189:9: error: 'upper_data' undeclared (first use in this function)
  189 |         upper_data = data & 0xF0; // ??4
      |         ^~~~~~~~~~
../Core/Src/main.c:189:9: note: each undeclared identifier is reported only once for each function it appears in
../Core/Src/main.c:190:9: error: 'lower_data' undeclared (first use in this function)
  190 |         lower_data = data << 4;   // ??4
      |         ^~~~~~~~~~
../Core/Src/main.c: In function 'main':
../Core/Src/main.c:289:18: warning: pointer targets in passing argument 1 of 'lcd_puts' differ in signedness [-Wpointer-sign]
  289 |         lcd_puts("This is test!");       // 1
      |                  ^~~~~~~~~~~~~~~
      |                  |
      |                  char *
../Core/Src/main.c:226:24: note: expected 'uint8_t *' {aka 'unsigned char *'} but argument is of type 'char *'
  226 | void lcd_puts(uint8_t *str)
      |               ~~~~~~~~~^~~
../Core/Src/main.c:291:18: warning: pointer targets in passing argument 1 of 'lcd_puts' differ in signedness [-Wpointer-sign]
  291 |         lcd_puts("0123456789ABCDEF"); // 2
      |                  ^~~~~~~~~~~~~~~~~~
      |                  |
      |                  char *
../Core/Src/main.c:226:24: note: expected 'uint8_t *' {aka 'unsigned char *'} but argument is of type 'char *'
  226 | void lcd_puts(uint8_t *str)
      |               ~~~~~~~~~^~~
make: *** [Core/Src/subdir.mk:34: Core/Src/main.o] Error 1
"make -j8 all" terminated with exit code 2. Build might be incomplete.
14:10:44 **** Incremental Build of configuration Debug for project B60C0_LCDTEST ****
make -j8 all 
arm-none-eabi-gcc "../Core/Src/main.c" -mcpu=cortex-m3 -std=gnu11 -g3 -DDEBUG -DUSE_HAL_DRIVER -DSTM32F103xE -c -I../Core/Inc -I../Drivers/STM32F1xx_HAL_Driver/Inc -I../Drivers/STM32F1xx_HAL_Driver/Inc/Legacy -I../Drivers/CMSIS/Device/ST/STM32F1xx/Include -I../Drivers/CMSIS/Include -O0 -ffunction-sections -fdata-sections -Wall -fstack-usage -fcyclomatic-complexity -MMD -MP -MF"Core/Src/main.d" -MT"Core/Src/main.o" --specs=nano.specs -mfloat-abi=soft -mthumb -o "Core/Src/main.o"
../Core/Src/main.c: In function 'main':
../Core/Src/main.c:210:12: warning: pointer targets in passing argument 1 of 'lcd_puts' differ in signedness [-Wpointer-sign]
  210 |   lcd_puts("This is test!");       // 1
      |            ^~~~~~~~~~~~~~~
      |            |
      |            char *
../Core/Src/main.c:147:24: note: expected 'uint8_t *' {aka 'unsigned char *'} but argument is of type 'char *'
  147 | void lcd_puts(uint8_t *str)
      |               ~~~~~~~~~^~~
../Core/Src/main.c:212:12: warning: pointer targets in passing argument 1 of 'lcd_puts' differ in signedness [-Wpointer-sign]
  212 |   lcd_puts("0123456789ABCDEF"); // 2
      |            ^~~~~~~~~~~~~~~~~~
      |            |
      |            char *
../Core/Src/main.c:147:24: note: expected 'uint8_t *' {aka 'unsigned char *'} but argument is of type 'char *'
  147 | void lcd_puts(uint8_t *str)
      |               ~~~~~~~~~^~~
../Core/Src/main.c: In function 'MX_GPIO_Init':
../Core/Src/main.c:413:64: error: 'Buzzer_Pin' undeclared (first use in this function); did you mean 'Busser_Pin'?
  413 |   HAL_GPIO_WritePin(GPIOC, LCD_DB5_Pin|LCD_DB6_Pin|LCD_DB7_Pin|Buzzer_Pin
      |                                                                ^~~~~~~~~~
      |                                                                Busser_Pin
../Core/Src/main.c:413:64: note: each undeclared identifier is reported only once for each function it appears in
make: *** [Core/Src/subdir.mk:34: Core/Src/main.o] Error 1
"make -j8 all" terminated with exit code 2. Build might be incomplete.
14:10:59 **** Build of configuration Debug for project stwork02_24eo0118 ****
make -j8 all 
arm-none-eabi-gcc "../Core/Src/main.c" -mcpu=cortex-m3 -std=gnu11 -g3 -DDEBUG -DUSE_HAL_DRIVER -DSTM32F103xE -c -I../Core/Inc -I../Drivers/STM32F1xx_HAL_Driver/Inc -I../Drivers/STM32F1xx_HAL_Driver/Inc/Legacy -I../Drivers/CMSIS/Device/ST/STM32F1xx/Include -I../Drivers/CMSIS/Include -O0 -ffunction-sections -fdata-sections -Wall -fstack-usage -fcyclomatic-complexity -MMD -MP -MF"Core/Src/main.d" -MT"Core/Src/main.o" --specs=nano.specs -mfloat-abi=soft -mthumb -o "Core/Src/main.o"
arm-none-eabi-gcc -o "stwork02_24eo0118.elf" @"objects.list"   -mcpu=cortex-m3 -T"Z:\ucomp_stm\stwork02_24eo0118\STM32F103RCTX_FLASH.ld" --specs=nosys.specs -Wl,-Map="stwork02_24eo0118.map" -Wl,--gc-sections -static --specs=nano.specs -mfloat-abi=soft -mthumb -Wl,--start-group -lc -lm -Wl,--end-group
Finished building target: stwork02_24eo0118.elf
 
arm-none-eabi-size  stwork02_24eo0118.elf 
arm-none-eabi-objdump -h -S stwork02_24eo0118.elf  > "stwork02_24eo0118.list"
   text	   data	    bss	    dec	    hex	filename
   7776	     12	   1764	   9552	   2550	stwork02_24eo0118.elf
Finished building: default.size.stdout
 
Finished building: stwork02_24eo0118.list
 
14:11:38 **** Incremental Build of configuration Debug for project B60C0_LCDTEST ****
make -j8 all 
arm-none-eabi-gcc "../Core/Src/main.c" -mcpu=cortex-m3 -std=gnu11 -g3 -DDEBUG -DUSE_HAL_DRIVER -DSTM32F103xE -c -I../Core/Inc -I../Drivers/STM32F1xx_HAL_Driver/Inc -I../Drivers/STM32F1xx_HAL_Driver/Inc/Legacy -I../Drivers/CMSIS/Device/ST/STM32F1xx/Include -I../Drivers/CMSIS/Include -O0 -ffunction-sections -fdata-sections -Wall -fstack-usage -fcyclomatic-complexity -MMD -MP -MF"Core/Src/main.d" -MT"Core/Src/main.o" --specs=nano.specs -mfloat-abi=soft -mthumb -o "Core/Src/main.o"
../Core/Src/main.c: In function 'main':
../Core/Src/main.c:210:12: warning: pointer targets in passing argument 1 of 'lcd_puts' differ in signedness [-Wpointer-sign]
  210 |   lcd_puts("This is test!");       // 1
      |            ^~~~~~~~~~~~~~~
      |            |
      |            char *
../Core/Src/main.c:147:24: note: expected 'uint8_t *' {aka 'unsigned char *'} but argument is of type 'char *'
  147 | void lcd_puts(uint8_t *str)
      |               ~~~~~~~~~^~~
../Core/Src/main.c:212:12: warning: pointer targets in passing argument 1 of 'lcd_puts' differ in signedness [-Wpointer-sign]
  212 |   lcd_puts("0123456789ABCDEF"); // 2
      |            ^~~~~~~~~~~~~~~~~~
      |            |
      |            char *
../Core/Src/main.c:147:24: note: expected 'uint8_t *' {aka 'unsigned char *'} but argument is of type 'char *'
  147 | void lcd_puts(uint8_t *str)
      |               ~~~~~~~~~^~~
../Core/Src/main.c: In function 'MX_GPIO_Init':
../Core/Src/main.c:413:64: error: 'Buzzer_Pin' undeclared (first use in this function); did you mean 'Busser_Pin'?
  413 |   HAL_GPIO_WritePin(GPIOC, LCD_DB5_Pin|LCD_DB6_Pin|LCD_DB7_Pin|Buzzer_Pin
      |                                                                ^~~~~~~~~~
      |                                                                Busser_Pin
../Core/Src/main.c:413:64: note: each undeclared identifier is reported only once for each function it appears in
make: *** [Core/Src/subdir.mk:34: Core/Src/main.o] Error 1
"make -j8 all" terminated with exit code 2. Build might be incomplete.
14:11:46 **** Incremental Build of configuration Debug for project B60C0_LCDTEST ****
make -j8 all 
arm-none-eabi-gcc "../Core/Src/main.c" -mcpu=cortex-m3 -std=gnu11 -g3 -DDEBUG -DUSE_HAL_DRIVER -DSTM32F103xE -c -I../Core/Inc -I../Drivers/STM32F1xx_HAL_Driver/Inc -I../Drivers/STM32F1xx_HAL_Driver/Inc/Legacy -I../Drivers/CMSIS/Device/ST/STM32F1xx/Include -I../Drivers/CMSIS/Include -O0 -ffunction-sections -fdata-sections -Wall -fstack-usage -fcyclomatic-complexity -MMD -MP -MF"Core/Src/main.d" -MT"Core/Src/main.o" --specs=nano.specs -mfloat-abi=soft -mthumb -o "Core/Src/main.o"
../Core/Src/main.c: In function 'main':
../Core/Src/main.c:210:12: warning: pointer targets in passing argument 1 of 'lcd_puts' differ in signedness [-Wpointer-sign]
  210 |   lcd_puts("This is test!");       // 1
      |            ^~~~~~~~~~~~~~~
      |            |
      |            char *
../Core/Src/main.c:147:24: note: expected 'uint8_t *' {aka 'unsigned char *'} but argument is of type 'char *'
  147 | void lcd_puts(uint8_t *str)
      |               ~~~~~~~~~^~~
../Core/Src/main.c:212:12: warning: pointer targets in passing argument 1 of 'lcd_puts' differ in signedness [-Wpointer-sign]
  212 |   lcd_puts("0123456789ABCDEF"); // 2
      |            ^~~~~~~~~~~~~~~~~~
      |            |
      |            char *
../Core/Src/main.c:147:24: note: expected 'uint8_t *' {aka 'unsigned char *'} but argument is of type 'char *'
  147 | void lcd_puts(uint8_t *str)
      |               ~~~~~~~~~^~~
../Core/Src/main.c: In function 'MX_GPIO_Init':
../Core/Src/main.c:413:64: error: 'Buzzer_Pin' undeclared (first use in this function); did you mean 'Busser_Pin'?
  413 |   HAL_GPIO_WritePin(GPIOC, LCD_DB5_Pin|LCD_DB6_Pin|LCD_DB7_Pin|Buzzer_Pin
      |                                                                ^~~~~~~~~~
      |                                                                Busser_Pin
../Core/Src/main.c:413:64: note: each undeclared identifier is reported only once for each function it appears in
make: *** [Core/Src/subdir.mk:34: Core/Src/main.o] Error 1
"make -j8 all" terminated with exit code 2. Build might be incomplete.
14:12:52 **** Incremental Build of configuration Debug for project B60C0_LCDTEST ****
make -j8 all 
arm-none-eabi-gcc "../Core/Src/main.c" -mcpu=cortex-m3 -std=gnu11 -g3 -DDEBUG -DUSE_HAL_DRIVER -DSTM32F103xE -c -I../Core/Inc -I../Drivers/STM32F1xx_HAL_Driver/Inc -I../Drivers/STM32F1xx_HAL_Driver/Inc/Legacy -I../Drivers/CMSIS/Device/ST/STM32F1xx/Include -I../Drivers/CMSIS/Include -O0 -ffunction-sections -fdata-sections -Wall -fstack-usage -fcyclomatic-complexity -MMD -MP -MF"Core/Src/main.d" -MT"Core/Src/main.o" --specs=nano.specs -mfloat-abi=soft -mthumb -o "Core/Src/main.o"
../Core/Src/main.c: In function 'main':
../Core/Src/main.c:210:12: warning: pointer targets in passing argument 1 of 'lcd_puts' differ in signedness [-Wpointer-sign]
  210 |   lcd_puts("This is test!");       // 1
      |            ^~~~~~~~~~~~~~~
      |            |
      |            char *
../Core/Src/main.c:147:24: note: expected 'uint8_t *' {aka 'unsigned char *'} but argument is of type 'char *'
  147 | void lcd_puts(uint8_t *str)
      |               ~~~~~~~~~^~~
../Core/Src/main.c:212:12: warning: pointer targets in passing argument 1 of 'lcd_puts' differ in signedness [-Wpointer-sign]
  212 |   lcd_puts("0123456789ABCDEF"); // 2
      |            ^~~~~~~~~~~~~~~~~~
      |            |
      |            char *
../Core/Src/main.c:147:24: note: expected 'uint8_t *' {aka 'unsigned char *'} but argument is of type 'char *'
  147 | void lcd_puts(uint8_t *str)
      |               ~~~~~~~~~^~~
../Core/Src/main.c: In function 'MX_GPIO_Init':
../Core/Src/main.c:413:64: error: 'Buzzer_Pin' undeclared (first use in this function); did you mean 'Busser_Pin'?
  413 |   HAL_GPIO_WritePin(GPIOC, LCD_DB5_Pin|LCD_DB6_Pin|LCD_DB7_Pin|Buzzer_Pin
      |                                                                ^~~~~~~~~~
      |                                                                Busser_Pin
../Core/Src/main.c:413:64: note: each undeclared identifier is reported only once for each function it appears in
make: *** [Core/Src/subdir.mk:34: Core/Src/main.o] Error 1
"make -j8 all" terminated with exit code 2. Build might be incomplete.
14:15:17 **** Incremental Build of configuration Debug for project B60C0_LCDTEST ****
make -j8 all 
arm-none-eabi-gcc "../Core/Src/main.c" -mcpu=cortex-m3 -std=gnu11 -g3 -DDEBUG -DUSE_HAL_DRIVER -DSTM32F103xE -c -I../Core/Inc -I../Drivers/STM32F1xx_HAL_Driver/Inc -I../Drivers/STM32F1xx_HAL_Driver/Inc/Legacy -I../Drivers/CMSIS/Device/ST/STM32F1xx/Include -I../Drivers/CMSIS/Include -O0 -ffunction-sections -fdata-sections -Wall -fstack-usage -fcyclomatic-complexity -MMD -MP -MF"Core/Src/main.d" -MT"Core/Src/main.o" --specs=nano.specs -mfloat-abi=soft -mthumb -o "Core/Src/main.o"
arm-none-eabi-gcc "../Core/Src/stm32f1xx_hal_msp.c" -mcpu=cortex-m3 -std=gnu11 -g3 -DDEBUG -DUSE_HAL_DRIVER -DSTM32F103xE -c -I../Core/Inc -I../Drivers/STM32F1xx_HAL_Driver/Inc -I../Drivers/STM32F1xx_HAL_Driver/Inc/Legacy -I../Drivers/CMSIS/Device/ST/STM32F1xx/Include -I../Drivers/CMSIS/Include -O0 -ffunction-sections -fdata-sections -Wall -fstack-usage -fcyclomatic-complexity -MMD -MP -MF"Core/Src/stm32f1xx_hal_msp.d" -MT"Core/Src/stm32f1xx_hal_msp.o" --specs=nano.specs -mfloat-abi=soft -mthumb -o "Core/Src/stm32f1xx_hal_msp.o"
arm-none-eabi-gcc "../Core/Src/stm32f1xx_it.c" -mcpu=cortex-m3 -std=gnu11 -g3 -DDEBUG -DUSE_HAL_DRIVER -DSTM32F103xE -c -I../Core/Inc -I../Drivers/STM32F1xx_HAL_Driver/Inc -I../Drivers/STM32F1xx_HAL_Driver/Inc/Legacy -I../Drivers/CMSIS/Device/ST/STM32F1xx/Include -I../Drivers/CMSIS/Include -O0 -ffunction-sections -fdata-sections -Wall -fstack-usage -fcyclomatic-complexity -MMD -MP -MF"Core/Src/stm32f1xx_it.d" -MT"Core/Src/stm32f1xx_it.o" --specs=nano.specs -mfloat-abi=soft -mthumb -o "Core/Src/stm32f1xx_it.o"
../Core/Src/main.c: In function 'main':
../Core/Src/main.c:210:12: warning: pointer targets in passing argument 1 of 'lcd_puts' differ in signedness [-Wpointer-sign]
  210 |   lcd_puts("This is test!");       // 1
      |            ^~~~~~~~~~~~~~~
      |            |
      |            char *
../Core/Src/main.c:147:24: note: expected 'uint8_t *' {aka 'unsigned char *'} but argument is of type 'char *'
  147 | void lcd_puts(uint8_t *str)
      |               ~~~~~~~~~^~~
../Core/Src/main.c:212:12: warning: pointer targets in passing argument 1 of 'lcd_puts' differ in signedness [-Wpointer-sign]
  212 |   lcd_puts("0123456789ABCDEF"); // 2
      |            ^~~~~~~~~~~~~~~~~~
      |            |
      |            char *
../Core/Src/main.c:147:24: note: expected 'uint8_t *' {aka 'unsigned char *'} but argument is of type 'char *'
  147 | void lcd_puts(uint8_t *str)
      |               ~~~~~~~~~^~~
arm-none-eabi-gcc -o "B60C0_LCDTEST.elf" @"objects.list"   -mcpu=cortex-m3 -T"Z:\ucomp_stm\B60C0_LCDTEST\STM32F103RCTX_FLASH.ld" --specs=nosys.specs -Wl,-Map="B60C0_LCDTEST.map" -Wl,--gc-sections -static --specs=nano.specs -mfloat-abi=soft -mthumb -Wl,--start-group -lc -lm -Wl,--end-group
Finished building target: B60C0_LCDTEST.elf
 
arm-none-eabi-size  B60C0_LCDTEST.elf 
arm-none-eabi-objdump -h -S B60C0_LCDTEST.elf  > "B60C0_LCDTEST.list"
   text	   data	    bss	    dec	    hex	filename
   8248	     12	   1764	  10024	   2728	B60C0_LCDTEST.elf
Finished building: default.size.stdout
 
Finished building: B60C0_LCDTEST.list
 
14:15:25 **** Incremental Build of configuration Debug for project B60C0_LCDTEST ****
make -j8 all 
arm-none-eabi-size  B60C0_LCDTEST.elf 
   text	   data	    bss	    dec	    hex	filename
   8248	     12	   1764	  10024	   2728	B60C0_LCDTEST.elf
Finished building: default.size.stdout
 
09:47:36 **** Build of configuration Debug for project B60C0_LCD2 ****
make -j8 all 
arm-none-eabi-gcc "../Drivers/STM32F1xx_HAL_Driver/Src/stm32f1xx_hal.c" -mcpu=cortex-m3 -std=gnu11 -g3 -DDEBUG -DUSE_HAL_DRIVER -DSTM32F103xE -c -I../Core/Inc -I../Drivers/STM32F1xx_HAL_Driver/Inc -I../Drivers/STM32F1xx_HAL_Driver/Inc/Legacy -I../Drivers/CMSIS/Device/ST/STM32F1xx/Include -I../Drivers/CMSIS/Include -O0 -ffunction-sections -fdata-sections -Wall -fstack-usage -fcyclomatic-complexity -MMD -MP -MF"Drivers/STM32F1xx_HAL_Driver/Src/stm32f1xx_hal.d" -MT"Drivers/STM32F1xx_HAL_Driver/Src/stm32f1xx_hal.o" --specs=nano.specs -mfloat-abi=soft -mthumb -o "Drivers/STM32F1xx_HAL_Driver/Src/stm32f1xx_hal.o"
arm-none-eabi-gcc "../Drivers/STM32F1xx_HAL_Driver/Src/stm32f1xx_hal_adc.c" -mcpu=cortex-m3 -std=gnu11 -g3 -DDEBUG -DUSE_HAL_DRIVER -DSTM32F103xE -c -I../Core/Inc -I../Drivers/STM32F1xx_HAL_Driver/Inc -I../Drivers/STM32F1xx_HAL_Driver/Inc/Legacy -I../Drivers/CMSIS/Device/ST/STM32F1xx/Include -I../Drivers/CMSIS/Include -O0 -ffunction-sections -fdata-sections -Wall -fstack-usage -fcyclomatic-complexity -MMD -MP -MF"Drivers/STM32F1xx_HAL_Driver/Src/stm32f1xx_hal_adc.d" -MT"Drivers/STM32F1xx_HAL_Driver/Src/stm32f1xx_hal_adc.o" --specs=nano.specs -mfloat-abi=soft -mthumb -o "Drivers/STM32F1xx_HAL_Driver/Src/stm32f1xx_hal_adc.o"
arm-none-eabi-gcc "../Drivers/STM32F1xx_HAL_Driver/Src/stm32f1xx_hal_adc_ex.c" -mcpu=cortex-m3 -std=gnu11 -g3 -DDEBUG -DUSE_HAL_DRIVER -DSTM32F103xE -c -I../Core/Inc -I../Drivers/STM32F1xx_HAL_Driver/Inc -I../Drivers/STM32F1xx_HAL_Driver/Inc/Legacy -I../Drivers/CMSIS/Device/ST/STM32F1xx/Include -I../Drivers/CMSIS/Include -O0 -ffunction-sections -fdata-sections -Wall -fstack-usage -fcyclomatic-complexity -MMD -MP -MF"Drivers/STM32F1xx_HAL_Driver/Src/stm32f1xx_hal_adc_ex.d" -MT"Drivers/STM32F1xx_HAL_Driver/Src/stm32f1xx_hal_adc_ex.o" --specs=nano.specs -mfloat-abi=soft -mthumb -o "Drivers/STM32F1xx_HAL_Driver/Src/stm32f1xx_hal_adc_ex.o"
arm-none-eabi-gcc "../Drivers/STM32F1xx_HAL_Driver/Src/stm32f1xx_hal_cortex.c" -mcpu=cortex-m3 -std=gnu11 -g3 -DDEBUG -DUSE_HAL_DRIVER -DSTM32F103xE -c -I../Core/Inc -I../Drivers/STM32F1xx_HAL_Driver/Inc -I../Drivers/STM32F1xx_HAL_Driver/Inc/Legacy -I../Drivers/CMSIS/Device/ST/STM32F1xx/Include -I../Drivers/CMSIS/Include -O0 -ffunction-sections -fdata-sections -Wall -fstack-usage -fcyclomatic-complexity -MMD -MP -MF"Drivers/STM32F1xx_HAL_Driver/Src/stm32f1xx_hal_cortex.d" -MT"Drivers/STM32F1xx_HAL_Driver/Src/stm32f1xx_hal_cortex.o" --specs=nano.specs -mfloat-abi=soft -mthumb -o "Drivers/STM32F1xx_HAL_Driver/Src/stm32f1xx_hal_cortex.o"
arm-none-eabi-gcc "../Drivers/STM32F1xx_HAL_Driver/Src/stm32f1xx_hal_dma.c" -mcpu=cortex-m3 -std=gnu11 -g3 -DDEBUG -DUSE_HAL_DRIVER -DSTM32F103xE -c -I../Core/Inc -I../Drivers/STM32F1xx_HAL_Driver/Inc -I../Drivers/STM32F1xx_HAL_Driver/Inc/Legacy -I../Drivers/CMSIS/Device/ST/STM32F1xx/Include -I../Drivers/CMSIS/Include -O0 -ffunction-sections -fdata-sections -Wall -fstack-usage -fcyclomatic-complexity -MMD -MP -MF"Drivers/STM32F1xx_HAL_Driver/Src/stm32f1xx_hal_dma.d" -MT"Drivers/STM32F1xx_HAL_Driver/Src/stm32f1xx_hal_dma.o" --specs=nano.specs -mfloat-abi=soft -mthumb -o "Drivers/STM32F1xx_HAL_Driver/Src/stm32f1xx_hal_dma.o"
arm-none-eabi-gcc "../Drivers/STM32F1xx_HAL_Driver/Src/stm32f1xx_hal_exti.c" -mcpu=cortex-m3 -std=gnu11 -g3 -DDEBUG -DUSE_HAL_DRIVER -DSTM32F103xE -c -I../Core/Inc -I../Drivers/STM32F1xx_HAL_Driver/Inc -I../Drivers/STM32F1xx_HAL_Driver/Inc/Legacy -I../Drivers/CMSIS/Device/ST/STM32F1xx/Include -I../Drivers/CMSIS/Include -O0 -ffunction-sections -fdata-sections -Wall -fstack-usage -fcyclomatic-complexity -MMD -MP -MF"Drivers/STM32F1xx_HAL_Driver/Src/stm32f1xx_hal_exti.d" -MT"Drivers/STM32F1xx_HAL_Driver/Src/stm32f1xx_hal_exti.o" --specs=nano.specs -mfloat-abi=soft -mthumb -o "Drivers/STM32F1xx_HAL_Driver/Src/stm32f1xx_hal_exti.o"
arm-none-eabi-gcc "../Drivers/STM32F1xx_HAL_Driver/Src/stm32f1xx_hal_flash.c" -mcpu=cortex-m3 -std=gnu11 -g3 -DDEBUG -DUSE_HAL_DRIVER -DSTM32F103xE -c -I../Core/Inc -I../Drivers/STM32F1xx_HAL_Driver/Inc -I../Drivers/STM32F1xx_HAL_Driver/Inc/Legacy -I../Drivers/CMSIS/Device/ST/STM32F1xx/Include -I../Drivers/CMSIS/Include -O0 -ffunction-sections -fdata-sections -Wall -fstack-usage -fcyclomatic-complexity -MMD -MP -MF"Drivers/STM32F1xx_HAL_Driver/Src/stm32f1xx_hal_flash.d" -MT"Drivers/STM32F1xx_HAL_Driver/Src/stm32f1xx_hal_flash.o" --specs=nano.specs -mfloat-abi=soft -mthumb -o "Drivers/STM32F1xx_HAL_Driver/Src/stm32f1xx_hal_flash.o"
arm-none-eabi-gcc "../Drivers/STM32F1xx_HAL_Driver/Src/stm32f1xx_hal_flash_ex.c" -mcpu=cortex-m3 -std=gnu11 -g3 -DDEBUG -DUSE_HAL_DRIVER -DSTM32F103xE -c -I../Core/Inc -I../Drivers/STM32F1xx_HAL_Driver/Inc -I../Drivers/STM32F1xx_HAL_Driver/Inc/Legacy -I../Drivers/CMSIS/Device/ST/STM32F1xx/Include -I../Drivers/CMSIS/Include -O0 -ffunction-sections -fdata-sections -Wall -fstack-usage -fcyclomatic-complexity -MMD -MP -MF"Drivers/STM32F1xx_HAL_Driver/Src/stm32f1xx_hal_flash_ex.d" -MT"Drivers/STM32F1xx_HAL_Driver/Src/stm32f1xx_hal_flash_ex.o" --specs=nano.specs -mfloat-abi=soft -mthumb -o "Drivers/STM32F1xx_HAL_Driver/Src/stm32f1xx_hal_flash_ex.o"
arm-none-eabi-gcc "../Drivers/STM32F1xx_HAL_Driver/Src/stm32f1xx_hal_gpio.c" -mcpu=cortex-m3 -std=gnu11 -g3 -DDEBUG -DUSE_HAL_DRIVER -DSTM32F103xE -c -I../Core/Inc -I../Drivers/STM32F1xx_HAL_Driver/Inc -I../Drivers/STM32F1xx_HAL_Driver/Inc/Legacy -I../Drivers/CMSIS/Device/ST/STM32F1xx/Include -I../Drivers/CMSIS/Include -O0 -ffunction-sections -fdata-sections -Wall -fstack-usage -fcyclomatic-complexity -MMD -MP -MF"Drivers/STM32F1xx_HAL_Driver/Src/stm32f1xx_hal_gpio.d" -MT"Drivers/STM32F1xx_HAL_Driver/Src/stm32f1xx_hal_gpio.o" --specs=nano.specs -mfloat-abi=soft -mthumb -o "Drivers/STM32F1xx_HAL_Driver/Src/stm32f1xx_hal_gpio.o"
arm-none-eabi-gcc "../Drivers/STM32F1xx_HAL_Driver/Src/stm32f1xx_hal_gpio_ex.c" -mcpu=cortex-m3 -std=gnu11 -g3 -DDEBUG -DUSE_HAL_DRIVER -DSTM32F103xE -c -I../Core/Inc -I../Drivers/STM32F1xx_HAL_Driver/Inc -I../Drivers/STM32F1xx_HAL_Driver/Inc/Legacy -I../Drivers/CMSIS/Device/ST/STM32F1xx/Include -I../Drivers/CMSIS/Include -O0 -ffunction-sections -fdata-sections -Wall -fstack-usage -fcyclomatic-complexity -MMD -MP -MF"Drivers/STM32F1xx_HAL_Driver/Src/stm32f1xx_hal_gpio_ex.d" -MT"Drivers/STM32F1xx_HAL_Driver/Src/stm32f1xx_hal_gpio_ex.o" --specs=nano.specs -mfloat-abi=soft -mthumb -o "Drivers/STM32F1xx_HAL_Driver/Src/stm32f1xx_hal_gpio_ex.o"
arm-none-eabi-gcc "../Drivers/STM32F1xx_HAL_Driver/Src/stm32f1xx_hal_pwr.c" -mcpu=cortex-m3 -std=gnu11 -g3 -DDEBUG -DUSE_HAL_DRIVER -DSTM32F103xE -c -I../Core/Inc -I../Drivers/STM32F1xx_HAL_Driver/Inc -I../Drivers/STM32F1xx_HAL_Driver/Inc/Legacy -I../Drivers/CMSIS/Device/ST/STM32F1xx/Include -I../Drivers/CMSIS/Include -O0 -ffunction-sections -fdata-sections -Wall -fstack-usage -fcyclomatic-complexity -MMD -MP -MF"Drivers/STM32F1xx_HAL_Driver/Src/stm32f1xx_hal_pwr.d" -MT"Drivers/STM32F1xx_HAL_Driver/Src/stm32f1xx_hal_pwr.o" --specs=nano.specs -mfloat-abi=soft -mthumb -o "Drivers/STM32F1xx_HAL_Driver/Src/stm32f1xx_hal_pwr.o"
arm-none-eabi-gcc "../Drivers/STM32F1xx_HAL_Driver/Src/stm32f1xx_hal_rcc.c" -mcpu=cortex-m3 -std=gnu11 -g3 -DDEBUG -DUSE_HAL_DRIVER -DSTM32F103xE -c -I../Core/Inc -I../Drivers/STM32F1xx_HAL_Driver/Inc -I../Drivers/STM32F1xx_HAL_Driver/Inc/Legacy -I../Drivers/CMSIS/Device/ST/STM32F1xx/Include -I../Drivers/CMSIS/Include -O0 -ffunction-sections -fdata-sections -Wall -fstack-usage -fcyclomatic-complexity -MMD -MP -MF"Drivers/STM32F1xx_HAL_Driver/Src/stm32f1xx_hal_rcc.d" -MT"Drivers/STM32F1xx_HAL_Driver/Src/stm32f1xx_hal_rcc.o" --specs=nano.specs -mfloat-abi=soft -mthumb -o "Drivers/STM32F1xx_HAL_Driver/Src/stm32f1xx_hal_rcc.o"
arm-none-eabi-gcc "../Drivers/STM32F1xx_HAL_Driver/Src/stm32f1xx_hal_rcc_ex.c" -mcpu=cortex-m3 -std=gnu11 -g3 -DDEBUG -DUSE_HAL_DRIVER -DSTM32F103xE -c -I../Core/Inc -I../Drivers/STM32F1xx_HAL_Driver/Inc -I../Drivers/STM32F1xx_HAL_Driver/Inc/Legacy -I../Drivers/CMSIS/Device/ST/STM32F1xx/Include -I../Drivers/CMSIS/Include -O0 -ffunction-sections -fdata-sections -Wall -fstack-usage -fcyclomatic-complexity -MMD -MP -MF"Drivers/STM32F1xx_HAL_Driver/Src/stm32f1xx_hal_rcc_ex.d" -MT"Drivers/STM32F1xx_HAL_Driver/Src/stm32f1xx_hal_rcc_ex.o" --specs=nano.specs -mfloat-abi=soft -mthumb -o "Drivers/STM32F1xx_HAL_Driver/Src/stm32f1xx_hal_rcc_ex.o"
arm-none-eabi-gcc "../Drivers/STM32F1xx_HAL_Driver/Src/stm32f1xx_hal_tim.c" -mcpu=cortex-m3 -std=gnu11 -g3 -DDEBUG -DUSE_HAL_DRIVER -DSTM32F103xE -c -I../Core/Inc -I../Drivers/STM32F1xx_HAL_Driver/Inc -I../Drivers/STM32F1xx_HAL_Driver/Inc/Legacy -I../Drivers/CMSIS/Device/ST/STM32F1xx/Include -I../Drivers/CMSIS/Include -O0 -ffunction-sections -fdata-sections -Wall -fstack-usage -fcyclomatic-complexity -MMD -MP -MF"Drivers/STM32F1xx_HAL_Driver/Src/stm32f1xx_hal_tim.d" -MT"Drivers/STM32F1xx_HAL_Driver/Src/stm32f1xx_hal_tim.o" --specs=nano.specs -mfloat-abi=soft -mthumb -o "Drivers/STM32F1xx_HAL_Driver/Src/stm32f1xx_hal_tim.o"
arm-none-eabi-gcc "../Drivers/STM32F1xx_HAL_Driver/Src/stm32f1xx_hal_tim_ex.c" -mcpu=cortex-m3 -std=gnu11 -g3 -DDEBUG -DUSE_HAL_DRIVER -DSTM32F103xE -c -I../Core/Inc -I../Drivers/STM32F1xx_HAL_Driver/Inc -I../Drivers/STM32F1xx_HAL_Driver/Inc/Legacy -I../Drivers/CMSIS/Device/ST/STM32F1xx/Include -I../Drivers/CMSIS/Include -O0 -ffunction-sections -fdata-sections -Wall -fstack-usage -fcyclomatic-complexity -MMD -MP -MF"Drivers/STM32F1xx_HAL_Driver/Src/stm32f1xx_hal_tim_ex.d" -MT"Drivers/STM32F1xx_HAL_Driver/Src/stm32f1xx_hal_tim_ex.o" --specs=nano.specs -mfloat-abi=soft -mthumb -o "Drivers/STM32F1xx_HAL_Driver/Src/stm32f1xx_hal_tim_ex.o"
arm-none-eabi-gcc -mcpu=cortex-m3 -g3 -DDEBUG -c -x assembler-with-cpp -MMD -MP -MF"Core/Startup/startup_stm32f103rctx.d" -MT"Core/Startup/startup_stm32f103rctx.o" --specs=nano.specs -mfloat-abi=soft -mthumb -o "Core/Startup/startup_stm32f103rctx.o" "../Core/Startup/startup_stm32f103rctx.s"
arm-none-eabi-gcc "../Core/Src/LCD.c" -mcpu=cortex-m3 -std=gnu11 -g3 -DDEBUG -DUSE_HAL_DRIVER -DSTM32F103xE -c -I../Core/Inc -I../Drivers/STM32F1xx_HAL_Driver/Inc -I../Drivers/STM32F1xx_HAL_Driver/Inc/Legacy -I../Drivers/CMSIS/Device/ST/STM32F1xx/Include -I../Drivers/CMSIS/Include -O0 -ffunction-sections -fdata-sections -Wall -fstack-usage -fcyclomatic-complexity -MMD -MP -MF"Core/Src/LCD.d" -MT"Core/Src/LCD.o" --specs=nano.specs -mfloat-abi=soft -mthumb -o "Core/Src/LCD.o"
arm-none-eabi-gcc "../Core/Src/main.c" -mcpu=cortex-m3 -std=gnu11 -g3 -DDEBUG -DUSE_HAL_DRIVER -DSTM32F103xE -c -I../Core/Inc -I../Drivers/STM32F1xx_HAL_Driver/Inc -I../Drivers/STM32F1xx_HAL_Driver/Inc/Legacy -I../Drivers/CMSIS/Device/ST/STM32F1xx/Include -I../Drivers/CMSIS/Include -O0 -ffunction-sections -fdata-sections -Wall -fstack-usage -fcyclomatic-complexity -MMD -MP -MF"Core/Src/main.d" -MT"Core/Src/main.o" --specs=nano.specs -mfloat-abi=soft -mthumb -o "Core/Src/main.o"
arm-none-eabi-gcc "../Core/Src/stm32f1xx_hal_msp.c" -mcpu=cortex-m3 -std=gnu11 -g3 -DDEBUG -DUSE_HAL_DRIVER -DSTM32F103xE -c -I../Core/Inc -I../Drivers/STM32F1xx_HAL_Driver/Inc -I../Drivers/STM32F1xx_HAL_Driver/Inc/Legacy -I../Drivers/CMSIS/Device/ST/STM32F1xx/Include -I../Drivers/CMSIS/Include -O0 -ffunction-sections -fdata-sections -Wall -fstack-usage -fcyclomatic-complexity -MMD -MP -MF"Core/Src/stm32f1xx_hal_msp.d" -MT"Core/Src/stm32f1xx_hal_msp.o" --specs=nano.specs -mfloat-abi=soft -mthumb -o "Core/Src/stm32f1xx_hal_msp.o"
arm-none-eabi-gcc "../Core/Src/stm32f1xx_it.c" -mcpu=cortex-m3 -std=gnu11 -g3 -DDEBUG -DUSE_HAL_DRIVER -DSTM32F103xE -c -I../Core/Inc -I../Drivers/STM32F1xx_HAL_Driver/Inc -I../Drivers/STM32F1xx_HAL_Driver/Inc/Legacy -I../Drivers/CMSIS/Device/ST/STM32F1xx/Include -I../Drivers/CMSIS/Include -O0 -ffunction-sections -fdata-sections -Wall -fstack-usage -fcyclomatic-complexity -MMD -MP -MF"Core/Src/stm32f1xx_it.d" -MT"Core/Src/stm32f1xx_it.o" --specs=nano.specs -mfloat-abi=soft -mthumb -o "Core/Src/stm32f1xx_it.o"
arm-none-eabi-gcc "../Core/Src/syscalls.c" -mcpu=cortex-m3 -std=gnu11 -g3 -DDEBUG -DUSE_HAL_DRIVER -DSTM32F103xE -c -I../Core/Inc -I../Drivers/STM32F1xx_HAL_Driver/Inc -I../Drivers/STM32F1xx_HAL_Driver/Inc/Legacy -I../Drivers/CMSIS/Device/ST/STM32F1xx/Include -I../Drivers/CMSIS/Include -O0 -ffunction-sections -fdata-sections -Wall -fstack-usage -fcyclomatic-complexity -MMD -MP -MF"Core/Src/syscalls.d" -MT"Core/Src/syscalls.o" --specs=nano.specs -mfloat-abi=soft -mthumb -o "Core/Src/syscalls.o"
arm-none-eabi-gcc "../Core/Src/sysmem.c" -mcpu=cortex-m3 -std=gnu11 -g3 -DDEBUG -DUSE_HAL_DRIVER -DSTM32F103xE -c -I../Core/Inc -I../Drivers/STM32F1xx_HAL_Driver/Inc -I../Drivers/STM32F1xx_HAL_Driver/Inc/Legacy -I../Drivers/CMSIS/Device/ST/STM32F1xx/Include -I../Drivers/CMSIS/Include -O0 -ffunction-sections -fdata-sections -Wall -fstack-usage -fcyclomatic-complexity -MMD -MP -MF"Core/Src/sysmem.d" -MT"Core/Src/sysmem.o" --specs=nano.specs -mfloat-abi=soft -mthumb -o "Core/Src/sysmem.o"
arm-none-eabi-gcc "../Core/Src/system_stm32f1xx.c" -mcpu=cortex-m3 -std=gnu11 -g3 -DDEBUG -DUSE_HAL_DRIVER -DSTM32F103xE -c -I../Core/Inc -I../Drivers/STM32F1xx_HAL_Driver/Inc -I../Drivers/STM32F1xx_HAL_Driver/Inc/Legacy -I../Drivers/CMSIS/Device/ST/STM32F1xx/Include -I../Drivers/CMSIS/Include -O0 -ffunction-sections -fdata-sections -Wall -fstack-usage -fcyclomatic-complexity -MMD -MP -MF"Core/Src/system_stm32f1xx.d" -MT"Core/Src/system_stm32f1xx.o" --specs=nano.specs -mfloat-abi=soft -mthumb -o "Core/Src/system_stm32f1xx.o"
../Core/Src/main.c: In function 'main':
../Core/Src/main.c:76:2: error: unknown type name 'unit8_t'; did you mean 'uint8_t'?
   76 |  unit8_t str1[17] = "0123456789ABCDEF"; //LCD????
      |  ^~~~~~~
      |  uint8_t
../Core/Src/main.c:76:21: error: array of inappropriate type initialized from string constant
   76 |  unit8_t str1[17] = "0123456789ABCDEF"; //LCD????
      |                     ^~~~~~~~~~~~~~~~~~
../Core/Src/main.c:77:2: error: unknown type name 'unit8_t'; did you mean 'uint8_t'?
   77 |  unit8_t str2[17] = "This is a pen.";
      |  ^~~~~~~
      |  uint8_t
../Core/Src/main.c:77:21: error: array of inappropriate type initialized from string constant
   77 |  unit8_t str2[17] = "This is a pen.";
      |                     ^~~~~~~~~~~~~~~~
../Core/Src/main.c:77:10: warning: unused variable 'str2' [-Wunused-variable]
   77 |  unit8_t str2[17] = "This is a pen.";
      |          ^~~~
../Core/Src/main.c:76:10: warning: unused variable 'str1' [-Wunused-variable]
   76 |  unit8_t str1[17] = "0123456789ABCDEF"; //LCD????
      |          ^~~~
make: *** [Core/Src/subdir.mk:37: Core/Src/main.o] Error 1
make: *** Waiting for unfinished jobs....
"make -j8 all" terminated with exit code 2. Build might be incomplete.
09:48:01 **** Incremental Build of configuration Debug for project B60C0_LCD2 ****
make -j8 all 
arm-none-eabi-gcc "../Core/Src/main.c" -mcpu=cortex-m3 -std=gnu11 -g3 -DDEBUG -DUSE_HAL_DRIVER -DSTM32F103xE -c -I../Core/Inc -I../Drivers/STM32F1xx_HAL_Driver/Inc -I../Drivers/STM32F1xx_HAL_Driver/Inc/Legacy -I../Drivers/CMSIS/Device/ST/STM32F1xx/Include -I../Drivers/CMSIS/Include -O0 -ffunction-sections -fdata-sections -Wall -fstack-usage -fcyclomatic-complexity -MMD -MP -MF"Core/Src/main.d" -MT"Core/Src/main.o" --specs=nano.specs -mfloat-abi=soft -mthumb -o "Core/Src/main.o"
../Core/Src/main.c: In function 'main':
../Core/Src/main.c:76:2: error: unknown type name 'unit8_t'; did you mean 'uint8_t'?
   76 |  unit8_t str1[17] = "0123456789ABCDEF"; //LCD????
      |  ^~~~~~~
      |  uint8_t
../Core/Src/main.c:76:21: error: array of inappropriate type initialized from string constant
   76 |  unit8_t str1[17] = "0123456789ABCDEF"; //LCD????
      |                     ^~~~~~~~~~~~~~~~~~
../Core/Src/main.c:77:2: error: unknown type name 'unit8_t'; did you mean 'uint8_t'?
   77 |  unit8_t str2[17] = "This is a pen.";
      |  ^~~~~~~
      |  uint8_t
../Core/Src/main.c:77:21: error: array of inappropriate type initialized from string constant
   77 |  unit8_t str2[17] = "This is a pen.";
      |                     ^~~~~~~~~~~~~~~~
../Core/Src/main.c:103:3: warning: statement with no effect [-Wunused-value]
  103 |   init_lcd; //LCD
      |   ^~~~~~~~
../Core/Src/main.c:104:17: error: invalid operands to binary * (have 'void (*)(uint8_t,  uint8_t)' {aka 'void (*)(unsigned char,  unsigned char)'} and 'int')
  104 |   write_lcd_data*LCD_CLAR, LCD_CMD);
      |   ~~~~~~~~~~~~~~^
      |   |
      |   void (*)(uint8_t,  uint8_t) {aka void (*)(unsigned char,  unsigned char)}
../Core/Src/main.c:104:26: warning: left-hand operand of comma expression has no effect [-Wunused-value]
  104 |   write_lcd_data*LCD_CLAR, LCD_CMD);
      |                          ^
../Core/Src/main.c:104:26: warning: statement with no effect [-Wunused-value]
../Core/Src/main.c:104:35: error: expected ';' before ')' token
  104 |   write_lcd_data*LCD_CLAR, LCD_CMD);
      |                                   ^
../Core/Src/main.c:104:35: error: expected statement before ')' token
../Core/Src/main.c:107:12: warning: passing argument 1 of 'lcd_puts' from incompatible pointer type [-Wincompatible-pointer-types]
  107 |   lcd_puts(str1);
      |            ^~~~
      |            |
      |            int *
In file included from ../Core/Src/main.c:21:
../Core/Inc/LCD.h:33:15: note: expected 'uint8_t *' {aka 'unsigned char *'} but argument is of type 'int *'
   33 | void lcd_puts(uint8_t *);           // ??LCD
      |               ^~~~~~~~~
../Core/Src/main.c:109:12: warning: passing argument 1 of 'lcd_puts' from incompatible pointer type [-Wincompatible-pointer-types]
  109 |   lcd_puts(str2);
      |            ^~~~
      |            |
      |            int *
../Core/Inc/LCD.h:33:15: note: expected 'uint8_t *' {aka 'unsigned char *'} but argument is of type 'int *'
   33 | void lcd_puts(uint8_t *);           // ??LCD
      |               ^~~~~~~~~
make: *** [Core/Src/subdir.mk:37: Core/Src/main.o] Error 1
"make -j8 all" terminated with exit code 2. Build might be incomplete.
09:49:10 **** Incremental Build of configuration Debug for project B60C0_LCD2 ****
make -j8 all 
arm-none-eabi-gcc "../Core/Src/main.c" -mcpu=cortex-m3 -std=gnu11 -g3 -DDEBUG -DUSE_HAL_DRIVER -DSTM32F103xE -c -I../Core/Inc -I../Drivers/STM32F1xx_HAL_Driver/Inc -I../Drivers/STM32F1xx_HAL_Driver/Inc/Legacy -I../Drivers/CMSIS/Device/ST/STM32F1xx/Include -I../Drivers/CMSIS/Include -O0 -ffunction-sections -fdata-sections -Wall -fstack-usage -fcyclomatic-complexity -MMD -MP -MF"Core/Src/main.d" -MT"Core/Src/main.o" --specs=nano.specs -mfloat-abi=soft -mthumb -o "Core/Src/main.o"
../Core/Src/main.c: In function 'main':
../Core/Src/main.c:76:2: error: unknown type name 'unit8_t'; did you mean 'uint8_t'?
   76 |  unit8_t str1[17] = "0123456789ABCDEF"; //LCD????
      |  ^~~~~~~
      |  uint8_t
../Core/Src/main.c:76:21: error: array of inappropriate type initialized from string constant
   76 |  unit8_t str1[17] = "0123456789ABCDEF"; //LCD????
      |                     ^~~~~~~~~~~~~~~~~~
../Core/Src/main.c:77:2: error: unknown type name 'unit8_t'; did you mean 'uint8_t'?
   77 |  unit8_t str2[17] = "This is a pen.";
      |  ^~~~~~~
      |  uint8_t
../Core/Src/main.c:77:21: error: array of inappropriate type initialized from string constant
   77 |  unit8_t str2[17] = "This is a pen.";
      |                     ^~~~~~~~~~~~~~~~
../Core/Src/main.c:103:3: warning: statement with no effect [-Wunused-value]
  103 |   init_lcd; //LCD
      |   ^~~~~~~~
../Core/Src/main.c:104:17: error: invalid operands to binary * (have 'void (*)(uint8_t,  uint8_t)' {aka 'void (*)(unsigned char,  unsigned char)'} and 'int')
  104 |   write_lcd_data*LCD_CLAR, LCD_CMD);
      |   ~~~~~~~~~~~~~~^
      |   |
      |   void (*)(uint8_t,  uint8_t) {aka void (*)(unsigned char,  unsigned char)}
../Core/Src/main.c:104:26: warning: left-hand operand of comma expression has no effect [-Wunused-value]
  104 |   write_lcd_data*LCD_CLAR, LCD_CMD);
      |                          ^
../Core/Src/main.c:104:26: warning: statement with no effect [-Wunused-value]
../Core/Src/main.c:104:35: error: expected ';' before ')' token
  104 |   write_lcd_data*LCD_CLAR, LCD_CMD);
      |                                   ^
../Core/Src/main.c:104:35: error: expected statement before ')' token
../Core/Src/main.c:107:12: warning: passing argument 1 of 'lcd_puts' from incompatible pointer type [-Wincompatible-pointer-types]
  107 |   lcd_puts(str1);
      |            ^~~~
      |            |
      |            int *
In file included from ../Core/Src/main.c:21:
../Core/Inc/LCD.h:33:15: note: expected 'uint8_t *' {aka 'unsigned char *'} but argument is of type 'int *'
   33 | void lcd_puts(uint8_t *);           // ??LCD
      |               ^~~~~~~~~
../Core/Src/main.c:109:12: warning: passing argument 1 of 'lcd_puts' from incompatible pointer type [-Wincompatible-pointer-types]
  109 |   lcd_puts(str2);
      |            ^~~~
      |            |
      |            int *
../Core/Inc/LCD.h:33:15: note: expected 'uint8_t *' {aka 'unsigned char *'} but argument is of type 'int *'
   33 | void lcd_puts(uint8_t *);           // ??LCD
      |               ^~~~~~~~~
make: *** [Core/Src/subdir.mk:37: Core/Src/main.o] Error 1
"make -j8 all" terminated with exit code 2. Build might be incomplete.
09:49:23 **** Incremental Build of configuration Debug for project B60C0_LCD2 ****
make -j8 all 
arm-none-eabi-gcc "../Core/Src/main.c" -mcpu=cortex-m3 -std=gnu11 -g3 -DDEBUG -DUSE_HAL_DRIVER -DSTM32F103xE -c -I../Core/Inc -I../Drivers/STM32F1xx_HAL_Driver/Inc -I../Drivers/STM32F1xx_HAL_Driver/Inc/Legacy -I../Drivers/CMSIS/Device/ST/STM32F1xx/Include -I../Drivers/CMSIS/Include -O0 -ffunction-sections -fdata-sections -Wall -fstack-usage -fcyclomatic-complexity -MMD -MP -MF"Core/Src/main.d" -MT"Core/Src/main.o" --specs=nano.specs -mfloat-abi=soft -mthumb -o "Core/Src/main.o"
../Core/Src/main.c: In function 'main':
../Core/Src/main.c:76:2: error: unknown type name 'unit8_t'; did you mean 'uint8_t'?
   76 |  unit8_t str1[17] = "0123456789ABCDEF"; //LCD????
      |  ^~~~~~~
      |  uint8_t
../Core/Src/main.c:76:21: error: array of inappropriate type initialized from string constant
   76 |  unit8_t str1[17] = "0123456789ABCDEF"; //LCD????
      |                     ^~~~~~~~~~~~~~~~~~
../Core/Src/main.c:77:2: error: unknown type name 'unit8_t'; did you mean 'uint8_t'?
   77 |  unit8_t str2[17] = "This is a pen.";
      |  ^~~~~~~
      |  uint8_t
../Core/Src/main.c:77:21: error: array of inappropriate type initialized from string constant
   77 |  unit8_t str2[17] = "This is a pen.";
      |                     ^~~~~~~~~~~~~~~~
../Core/Src/main.c:103:3: warning: statement with no effect [-Wunused-value]
  103 |   init_lcd; //LCD
      |   ^~~~~~~~
../Core/Src/main.c:107:12: warning: passing argument 1 of 'lcd_puts' from incompatible pointer type [-Wincompatible-pointer-types]
  107 |   lcd_puts(str1);
      |            ^~~~
      |            |
      |            int *
In file included from ../Core/Src/main.c:21:
../Core/Inc/LCD.h:33:15: note: expected 'uint8_t *' {aka 'unsigned char *'} but argument is of type 'int *'
   33 | void lcd_puts(uint8_t *);           // ??LCD
      |               ^~~~~~~~~
../Core/Src/main.c:109:12: warning: passing argument 1 of 'lcd_puts' from incompatible pointer type [-Wincompatible-pointer-types]
  109 |   lcd_puts(str2);
      |            ^~~~
      |            |
      |            int *
../Core/Inc/LCD.h:33:15: note: expected 'uint8_t *' {aka 'unsigned char *'} but argument is of type 'int *'
   33 | void lcd_puts(uint8_t *);           // ??LCD
      |               ^~~~~~~~~
make: *** [Core/Src/subdir.mk:37: Core/Src/main.o] Error 1
"make -j8 all" terminated with exit code 2. Build might be incomplete.
09:52:08 **** Incremental Build of configuration Debug for project B60C0_LCD2 ****
make -j8 all 
arm-none-eabi-gcc "../Core/Src/main.c" -mcpu=cortex-m3 -std=gnu11 -g3 -DDEBUG -DUSE_HAL_DRIVER -DSTM32F103xE -c -I../Core/Inc -I../Drivers/STM32F1xx_HAL_Driver/Inc -I../Drivers/STM32F1xx_HAL_Driver/Inc/Legacy -I../Drivers/CMSIS/Device/ST/STM32F1xx/Include -I../Drivers/CMSIS/Include -O0 -ffunction-sections -fdata-sections -Wall -fstack-usage -fcyclomatic-complexity -MMD -MP -MF"Core/Src/main.d" -MT"Core/Src/main.o" --specs=nano.specs -mfloat-abi=soft -mthumb -o "Core/Src/main.o"
../Core/Src/main.c: In function 'main':
../Core/Src/main.c:103:3: warning: statement with no effect [-Wunused-value]
  103 |   init_lcd; //LCD
      |   ^~~~~~~~
arm-none-eabi-gcc -o "B60C0_LCD2.elf" @"objects.list"   -mcpu=cortex-m3 -T"Z:\ucomp_stm\B60C0_LCD2\STM32F103RCTX_FLASH.ld" --specs=nosys.specs -Wl,-Map="B60C0_LCD2.map" -Wl,--gc-sections -static --specs=nano.specs -mfloat-abi=soft -mthumb -Wl,--start-group -lc -lm -Wl,--end-group
Finished building target: B60C0_LCD2.elf
 
arm-none-eabi-size  B60C0_LCD2.elf 
arm-none-eabi-objdump -h -S B60C0_LCD2.elf  > "B60C0_LCD2.list"
   text	   data	    bss	    dec	    hex	filename
   8172	     12	   1764	   9948	   26dc	B60C0_LCD2.elf
Finished building: default.size.stdout
 
Finished building: B60C0_LCD2.list
 
09:52:24 **** Incremental Build of configuration Debug for project B60C0_LCD2 ****
make -j8 all 
arm-none-eabi-size  B60C0_LCD2.elf 
   text	   data	    bss	    dec	    hex	filename
   8172	     12	   1764	   9948	   26dc	B60C0_LCD2.elf
Finished building: default.size.stdout
 
09:54:47 **** Incremental Build of configuration Debug for project B60C0_LCD2 ****
make -j8 all 
arm-none-eabi-size  B60C0_LCD2.elf 
   text	   data	    bss	    dec	    hex	filename
   8172	     12	   1764	   9948	   26dc	B60C0_LCD2.elf
Finished building: default.size.stdout
 
09:55:10 **** Incremental Build of configuration Debug for project B60C0_LCD2 ****
make -j8 all 
arm-none-eabi-size  B60C0_LCD2.elf 
   text	   data	    bss	    dec	    hex	filename
   8172	     12	   1764	   9948	   26dc	B60C0_LCD2.elf
Finished building: default.size.stdout
 
11:37:21 **** Incremental Build of configuration Debug for project B60C0_LCD2 ****
make -j8 all 
arm-none-eabi-gcc "../Core/Src/LCD.c" -mcpu=cortex-m3 -std=gnu11 -g3 -DDEBUG -DUSE_HAL_DRIVER -DSTM32F103xE -c -I../Core/Inc -I../Drivers/STM32F1xx_HAL_Driver/Inc -I../Drivers/STM32F1xx_HAL_Driver/Inc/Legacy -I../Drivers/CMSIS/Device/ST/STM32F1xx/Include -I../Drivers/CMSIS/Include -O0 -ffunction-sections -fdata-sections -Wall -fstack-usage -fcyclomatic-complexity -MMD -MP -MF"Core/Src/LCD.d" -MT"Core/Src/LCD.o" --specs=nano.specs -mfloat-abi=soft -mthumb -o "Core/Src/LCD.o"
arm-none-eabi-gcc "../Core/Src/main.c" -mcpu=cortex-m3 -std=gnu11 -g3 -DDEBUG -DUSE_HAL_DRIVER -DSTM32F103xE -c -I../Core/Inc -I../Drivers/STM32F1xx_HAL_Driver/Inc -I../Drivers/STM32F1xx_HAL_Driver/Inc/Legacy -I../Drivers/CMSIS/Device/ST/STM32F1xx/Include -I../Drivers/CMSIS/Include -O0 -ffunction-sections -fdata-sections -Wall -fstack-usage -fcyclomatic-complexity -MMD -MP -MF"Core/Src/main.d" -MT"Core/Src/main.o" --specs=nano.specs -mfloat-abi=soft -mthumb -o "Core/Src/main.o"
In file included from ../Core/Src/LCD.c:9:
../Core/Inc/LCD.h:35:1: error: unknown type name 'uint_8'; did you mean 'uint8_t'?
   35 | uint_8 str_count(uint_8 []); //?
      | ^~~~~~
      | uint8_t
In file included from ../Core/Src/main.c:21:
../Core/Inc/LCD.h:35:1: error: unknown type name 'uint_8'; did you mean 'uint8_t'?
   35 | uint_8 str_count(uint_8 []); //?
      | ^~~~~~
      | uint8_t
../Core/Inc/LCD.h:35:18: error: unknown type name 'uint_8'; did you mean 'uint8_t'?
   35 | uint_8 str_count(uint_8 []); //?
      |                  ^~~~~~
      |                  uint8_t
../Core/Inc/LCD.h:35:18: error: unknown type name 'uint_8'; did you mean 'uint8_t'?
   35 | uint_8 str_count(uint_8 []); //?
      |                  ^~~~~~
      |                  uint8_t
../Core/Src/main.c: In function 'lcd_puts_Right':
../Core/Src/LCD.c: In function 'lcd_puts_Right':
../Core/Src/main.c:55:13: error: storage class specified for parameter 'MX_GPIO_Init'
   55 | static void MX_GPIO_Init(void);
      |             ^~~~~~~~~~~~
../Core/Src/main.c:56:13: error: storage class specified for parameter 'MX_ADC1_Init'
   56 | static void MX_ADC1_Init(void);
      |             ^~~~~~~~~~~~
../Core/Src/main.c:57:13: error: storage class specified for parameter 'MX_TIM6_Init'
   57 | static void MX_TIM6_Init(void);
      |             ^~~~~~~~~~~~
../Core/Src/main.c:58:13: error: storage class specified for parameter 'MX_TIM7_Init'
   58 | static void MX_TIM7_Init(void);
      |             ^~~~~~~~~~~~
../Core/Src/main.c:73:1: error: expected '=', ',', ';', 'asm' or '__attribute__' before '{' token
   73 | {
      | ^
../Core/Src/LCD.c:12:21: error: expected '=', ',', ';', 'asm' or '__attribute__' before '{' token
   12 | void init_lcd(void) {
      |                     ^
../Core/Src/main.c:128:1: error: expected '=', ',', ';', 'asm' or '__attribute__' before '{' token
  128 | {
      | ^
../Core/Src/LCD.c:32:47: error: expected '=', ',', ';', 'asm' or '__attribute__' before '{' token
   32 | void write_lcd_data(uint8_t data, uint8_t rs) {
      |                                               ^
../Core/Src/main.c:175:1: error: expected '=', ',', ';', 'asm' or '__attribute__' before '{' token
  175 | {
      | ^
../Core/Src/LCD.c:66:29: error: expected '=', ',', ';', 'asm' or '__attribute__' before '{' token
   66 | void lcd_puts(uint8_t *str) {
      |                             ^
../Core/Src/LCD.c:74:35: error: expected '=', ',', ';', 'asm' or '__attribute__' before '{' token
   74 | void lcd_xy(uint8_t x, uint8_t y) {
      |                                   ^
../Core/Src/main.c:222:1: error: expected '=', ',', ';', 'asm' or '__attribute__' before '{' token
  222 | {
      | ^
../Core/Src/main.c:260:1: error: expected '=', ',', ';', 'asm' or '__attribute__' before '{' token
  260 | {
      | ^
../Core/Src/LCD.c:80:1: error: unknown type name 'uint_8'; did you mean 'uint8_t'?
   80 | uint_8 str_count(uint_8 str[])
      | ^~~~~~
      | uint8_t
../Core/Src/main.c:298:1: error: expected '=', ',', ';', 'asm' or '__attribute__' before '{' token
  298 | {
      | ^
../Core/Src/main.c:369:1: error: expected '=', ',', ';', 'asm' or '__attribute__' before '{' token
  369 | {
      | ^
../Core/Inc/LCD.h:36:6: error: old-style parameter declarations in prototyped function definition
   36 | void lcd_puts_Right(uint8_t *) //?
      |      ^~~~~~~~~~~~~~
../Core/Src/LCD.c:80:18: error: unknown type name 'uint_8'; did you mean 'uint8_t'?
   80 | uint_8 str_count(uint_8 str[])
      |                  ^~~~~~
      |                  uint8_t
../Core/Src/main.c:396: error: expected '{' at end of input
../Core/Src/LCD.c:89:35: error: expected '=', ',', ';', 'asm' or '__attribute__' before '{' token
   89 | void lcd_puts_Right(uint8_t *str) {
      |                                   ^
../Core/Src/LCD.c:104: error: expected '{' at end of input
make: *** [Core/Src/subdir.mk:37: Core/Src/LCD.o] Error 1
make: *** Waiting for unfinished jobs....
make: *** [Core/Src/subdir.mk:37: Core/Src/main.o] Error 1
"make -j8 all" terminated with exit code 2. Build might be incomplete.
11:38:29 **** Incremental Build of configuration Debug for project B60C0_LCD2 ****
make -j8 all 
arm-none-eabi-gcc "../Core/Src/LCD.c" -mcpu=cortex-m3 -std=gnu11 -g3 -DDEBUG -DUSE_HAL_DRIVER -DSTM32F103xE -c -I../Core/Inc -I../Drivers/STM32F1xx_HAL_Driver/Inc -I../Drivers/STM32F1xx_HAL_Driver/Inc/Legacy -I../Drivers/CMSIS/Device/ST/STM32F1xx/Include -I../Drivers/CMSIS/Include -O0 -ffunction-sections -fdata-sections -Wall -fstack-usage -fcyclomatic-complexity -MMD -MP -MF"Core/Src/LCD.d" -MT"Core/Src/LCD.o" --specs=nano.specs -mfloat-abi=soft -mthumb -o "Core/Src/LCD.o"
arm-none-eabi-gcc "../Core/Src/main.c" -mcpu=cortex-m3 -std=gnu11 -g3 -DDEBUG -DUSE_HAL_DRIVER -DSTM32F103xE -c -I../Core/Inc -I../Drivers/STM32F1xx_HAL_Driver/Inc -I../Drivers/STM32F1xx_HAL_Driver/Inc/Legacy -I../Drivers/CMSIS/Device/ST/STM32F1xx/Include -I../Drivers/CMSIS/Include -O0 -ffunction-sections -fdata-sections -Wall -fstack-usage -fcyclomatic-complexity -MMD -MP -MF"Core/Src/main.d" -MT"Core/Src/main.o" --specs=nano.specs -mfloat-abi=soft -mthumb -o "Core/Src/main.o"
In file included from ../Core/Src/LCD.c:9:
../Core/Inc/LCD.h:35:1: error: unknown type name 'uint_8'; did you mean 'uint8_t'?
   35 | uint_8 str_count(uint_8 []); //?
      | ^~~~~~
      | uint8_t
In file included from ../Core/Src/main.c:21:
../Core/Inc/LCD.h:35:1: error: unknown type name 'uint_8'; did you mean 'uint8_t'?
   35 | uint_8 str_count(uint_8 []); //?
      | ^~~~~~
      | uint8_t
../Core/Inc/LCD.h:35:18: error: unknown type name 'uint_8'; did you mean 'uint8_t'?
   35 | uint_8 str_count(uint_8 []); //?
      |                  ^~~~~~
      |                  uint8_t
../Core/Src/LCD.c: In function 'lcd_puts_Right':
../Core/Inc/LCD.h:35:18: error: unknown type name 'uint_8'; did you mean 'uint8_t'?
   35 | uint_8 str_count(uint_8 []); //?
      |                  ^~~~~~
      |                  uint8_t
../Core/Src/main.c: In function 'lcd_puts_Right':
../Core/Src/LCD.c:12:21: error: expected '=', ',', ';', 'asm' or '__attribute__' before '{' token
   12 | void init_lcd(void) {
      |                     ^
../Core/Src/LCD.c:32:47: error: expected '=', ',', ';', 'asm' or '__attribute__' before '{' token
   32 | void write_lcd_data(uint8_t data, uint8_t rs) {
      |                                               ^
../Core/Src/main.c:55:13: error: storage class specified for parameter 'MX_GPIO_Init'
   55 | static void MX_GPIO_Init(void);
      |             ^~~~~~~~~~~~
../Core/Src/main.c:56:13: error: storage class specified for parameter 'MX_ADC1_Init'
   56 | static void MX_ADC1_Init(void);
      |             ^~~~~~~~~~~~
../Core/Src/LCD.c:66:29: error: expected '=', ',', ';', 'asm' or '__attribute__' before '{' token
   66 | void lcd_puts(uint8_t *str) {
      |                             ^
../Core/Src/main.c:57:13: error: storage class specified for parameter 'MX_TIM6_Init'
   57 | static void MX_TIM6_Init(void);
      |             ^~~~~~~~~~~~
../Core/Src/main.c:58:13: error: storage class specified for parameter 'MX_TIM7_Init'
   58 | static void MX_TIM7_Init(void);
      |             ^~~~~~~~~~~~
../Core/Src/LCD.c:74:35: error: expected '=', ',', ';', 'asm' or '__attribute__' before '{' token
   74 | void lcd_xy(uint8_t x, uint8_t y) {
      |                                   ^
../Core/Src/main.c:73:1: error: expected '=', ',', ';', 'asm' or '__attribute__' before '{' token
   73 | {
      | ^
../Core/Src/main.c:128:1: error: expected '=', ',', ';', 'asm' or '__attribute__' before '{' token
  128 | {
      | ^
../Core/Src/main.c:175:1: error: expected '=', ',', ';', 'asm' or '__attribute__' before '{' token
  175 | {
      | ^
../Core/Src/main.c:222:1: error: expected '=', ',', ';', 'asm' or '__attribute__' before '{' token
  222 | {
      | ^
../Core/Src/main.c:260:1: error: expected '=', ',', ';', 'asm' or '__attribute__' before '{' token
  260 | {
      | ^
../Core/Src/LCD.c:80:1: error: unknown type name 'uint_8'; did you mean 'uint8_t'?
   80 | uint_8 str_count(uint_8 str[])
      | ^~~~~~
      | uint8_t
../Core/Src/main.c:298:1: error: expected '=', ',', ';', 'asm' or '__attribute__' before '{' token
  298 | {
      | ^
../Core/Src/main.c:369:1: error: expected '=', ',', ';', 'asm' or '__attribute__' before '{' token
  369 | {
      | ^
../Core/Inc/LCD.h:36:6: error: old-style parameter declarations in prototyped function definition
   36 | void lcd_puts_Right(uint8_t *) //?
      |      ^~~~~~~~~~~~~~
../Core/Src/LCD.c:80:18: error: unknown type name 'uint_8'; did you mean 'uint8_t'?
   80 | uint_8 str_count(uint_8 str[])
      |                  ^~~~~~
      |                  uint8_t
../Core/Src/main.c:396: error: expected '{' at end of input
../Core/Src/LCD.c:89:35: error: expected '=', ',', ';', 'asm' or '__attribute__' before '{' token
   89 | void lcd_puts_Right(uint8_t *str) {
      |                                   ^
../Core/Src/LCD.c:104: error: expected '{' at end of input
make: *** [Core/Src/subdir.mk:37: Core/Src/main.o] Error 1
make: *** Waiting for unfinished jobs....
make: *** [Core/Src/subdir.mk:37: Core/Src/LCD.o] Error 1
"make -j8 all" terminated with exit code 2. Build might be incomplete.
11:39:07 **** Incremental Build of configuration Debug for project B60C0_LCD2 ****
make -j8 all 
arm-none-eabi-gcc "../Core/Src/LCD.c" -mcpu=cortex-m3 -std=gnu11 -g3 -DDEBUG -DUSE_HAL_DRIVER -DSTM32F103xE -c -I../Core/Inc -I../Drivers/STM32F1xx_HAL_Driver/Inc -I../Drivers/STM32F1xx_HAL_Driver/Inc/Legacy -I../Drivers/CMSIS/Device/ST/STM32F1xx/Include -I../Drivers/CMSIS/Include -O0 -ffunction-sections -fdata-sections -Wall -fstack-usage -fcyclomatic-complexity -MMD -MP -MF"Core/Src/LCD.d" -MT"Core/Src/LCD.o" --specs=nano.specs -mfloat-abi=soft -mthumb -o "Core/Src/LCD.o"
arm-none-eabi-gcc "../Core/Src/main.c" -mcpu=cortex-m3 -std=gnu11 -g3 -DDEBUG -DUSE_HAL_DRIVER -DSTM32F103xE -c -I../Core/Inc -I../Drivers/STM32F1xx_HAL_Driver/Inc -I../Drivers/STM32F1xx_HAL_Driver/Inc/Legacy -I../Drivers/CMSIS/Device/ST/STM32F1xx/Include -I../Drivers/CMSIS/Include -O0 -ffunction-sections -fdata-sections -Wall -fstack-usage -fcyclomatic-complexity -MMD -MP -MF"Core/Src/main.d" -MT"Core/Src/main.o" --specs=nano.specs -mfloat-abi=soft -mthumb -o "Core/Src/main.o"
In file included from ../Core/Src/LCD.c:9:
../Core/Inc/LCD.h:35:1: error: unknown type name 'uint_8'; did you mean 'uint8_t'?
   35 | uint_8 str_count(uint_8 []); //?
      | ^~~~~~
      | uint8_t
In file included from ../Core/Src/main.c:21:
../Core/Inc/LCD.h:35:1: error: unknown type name 'uint_8'; did you mean 'uint8_t'?
   35 | uint_8 str_count(uint_8 []); //?
      | ^~~~~~
      | uint8_t
../Core/Inc/LCD.h:35:18: error: unknown type name 'uint_8'; did you mean 'uint8_t'?
   35 | uint_8 str_count(uint_8 []); //?
      |                  ^~~~~~
      |                  uint8_t
../Core/Inc/LCD.h:35:18: error: unknown type name 'uint_8'; did you mean 'uint8_t'?
   35 | uint_8 str_count(uint_8 []); //?
      |                  ^~~~~~
      |                  uint8_t
../Core/Src/main.c: In function 'main':
../Core/Src/main.c:103:3: warning: statement with no effect [-Wunused-value]
  103 |   init_lcd; //LCD
      |   ^~~~~~~~
../Core/Src/LCD.c:80:1: error: unknown type name 'uint_8'; did you mean 'uint8_t'?
   80 | uint_8 str_count(uint_8 str[])
      | ^~~~~~
      | uint8_t
../Core/Src/LCD.c:80:18: error: unknown type name 'uint_8'; did you mean 'uint8_t'?
   80 | uint_8 str_count(uint_8 str[])
      |                  ^~~~~~
      |                  uint8_t
../Core/Src/LCD.c: In function 'lcd_puts_Right':
../Core/Src/LCD.c:93:15: warning: implicit declaration of function 'str_count' [-Wimplicit-function-declaration]
   93 |         len = str_count(str); //????
      |               ^~~~~~~~~
make: *** [Core/Src/subdir.mk:37: Core/Src/main.o] Error 1
make: *** Waiting for unfinished jobs....
make: *** [Core/Src/subdir.mk:37: Core/Src/LCD.o] Error 1
"make -j8 all" terminated with exit code 2. Build might be incomplete.
11:40:53 **** Incremental Build of configuration Debug for project B60C0_LCD2 ****
make -j8 all 
arm-none-eabi-gcc "../Core/Src/LCD.c" -mcpu=cortex-m3 -std=gnu11 -g3 -DDEBUG -DUSE_HAL_DRIVER -DSTM32F103xE -c -I../Core/Inc -I../Drivers/STM32F1xx_HAL_Driver/Inc -I../Drivers/STM32F1xx_HAL_Driver/Inc/Legacy -I../Drivers/CMSIS/Device/ST/STM32F1xx/Include -I../Drivers/CMSIS/Include -O0 -ffunction-sections -fdata-sections -Wall -fstack-usage -fcyclomatic-complexity -MMD -MP -MF"Core/Src/LCD.d" -MT"Core/Src/LCD.o" --specs=nano.specs -mfloat-abi=soft -mthumb -o "Core/Src/LCD.o"
arm-none-eabi-gcc "../Core/Src/main.c" -mcpu=cortex-m3 -std=gnu11 -g3 -DDEBUG -DUSE_HAL_DRIVER -DSTM32F103xE -c -I../Core/Inc -I../Drivers/STM32F1xx_HAL_Driver/Inc -I../Drivers/STM32F1xx_HAL_Driver/Inc/Legacy -I../Drivers/CMSIS/Device/ST/STM32F1xx/Include -I../Drivers/CMSIS/Include -O0 -ffunction-sections -fdata-sections -Wall -fstack-usage -fcyclomatic-complexity -MMD -MP -MF"Core/Src/main.d" -MT"Core/Src/main.o" --specs=nano.specs -mfloat-abi=soft -mthumb -o "Core/Src/main.o"
In file included from ../Core/Src/main.c:21:
../Core/Inc/LCD.h:35:1: error: unknown type name 'uint_8'; did you mean 'uint8_t'?
   35 | uint_8 str_count(uint_8 []); //?
      | ^~~~~~
      | uint8_t
In file included from ../Core/Src/LCD.c:9:
../Core/Inc/LCD.h:35:1: error: unknown type name 'uint_8'; did you mean 'uint8_t'?
   35 | uint_8 str_count(uint_8 []); //?
      | ^~~~~~
      | uint8_t
../Core/Inc/LCD.h:35:18: error: unknown type name 'uint_8'; did you mean 'uint8_t'?
   35 | uint_8 str_count(uint_8 []); //?
      |                  ^~~~~~
      |                  uint8_t
../Core/Inc/LCD.h:35:18: error: unknown type name 'uint_8'; did you mean 'uint8_t'?
   35 | uint_8 str_count(uint_8 []); //?
      |                  ^~~~~~
      |                  uint8_t
../Core/Src/main.c: In function 'main':
../Core/Src/main.c:103:3: warning: statement with no effect [-Wunused-value]
  103 |   init_lcd; //LCD
      |   ^~~~~~~~
../Core/Src/LCD.c:80:1: error: unknown type name 'uint_8'; did you mean 'uint8_t'?
   80 | uint_8 str_count(uint8_t str[])
      | ^~~~~~
      | uint8_t
../Core/Src/LCD.c: In function 'str_count':
../Core/Src/LCD.c:82:9: error: unknown type name 'uint_t'; did you mean 'uint8_t'?
   82 |         uint_t len = 0;
      |         ^~~~~~
      |         uint8_t
make: *** [Core/Src/subdir.mk:37: Core/Src/LCD.o] Error 1
make: *** Waiting for unfinished jobs....
make: *** [Core/Src/subdir.mk:37: Core/Src/main.o] Error 1
"make -j8 all" terminated with exit code 2. Build might be incomplete.
11:41:20 **** Incremental Build of configuration Debug for project B60C0_LCD2 ****
make -j8 all 
arm-none-eabi-gcc "../Core/Src/LCD.c" -mcpu=cortex-m3 -std=gnu11 -g3 -DDEBUG -DUSE_HAL_DRIVER -DSTM32F103xE -c -I../Core/Inc -I../Drivers/STM32F1xx_HAL_Driver/Inc -I../Drivers/STM32F1xx_HAL_Driver/Inc/Legacy -I../Drivers/CMSIS/Device/ST/STM32F1xx/Include -I../Drivers/CMSIS/Include -O0 -ffunction-sections -fdata-sections -Wall -fstack-usage -fcyclomatic-complexity -MMD -MP -MF"Core/Src/LCD.d" -MT"Core/Src/LCD.o" --specs=nano.specs -mfloat-abi=soft -mthumb -o "Core/Src/LCD.o"
arm-none-eabi-gcc "../Core/Src/main.c" -mcpu=cortex-m3 -std=gnu11 -g3 -DDEBUG -DUSE_HAL_DRIVER -DSTM32F103xE -c -I../Core/Inc -I../Drivers/STM32F1xx_HAL_Driver/Inc -I../Drivers/STM32F1xx_HAL_Driver/Inc/Legacy -I../Drivers/CMSIS/Device/ST/STM32F1xx/Include -I../Drivers/CMSIS/Include -O0 -ffunction-sections -fdata-sections -Wall -fstack-usage -fcyclomatic-complexity -MMD -MP -MF"Core/Src/main.d" -MT"Core/Src/main.o" --specs=nano.specs -mfloat-abi=soft -mthumb -o "Core/Src/main.o"
In file included from ../Core/Src/main.c:21:
../Core/Inc/LCD.h:35:1: error: unknown type name 'uint_8'; did you mean 'uint8_t'?
   35 | uint_8 str_count(uint_8 []); //?
      | ^~~~~~
      | uint8_t
In file included from ../Core/Src/LCD.c:9:
../Core/Inc/LCD.h:35:1: error: unknown type name 'uint_8'; did you mean 'uint8_t'?
   35 | uint_8 str_count(uint_8 []); //?
      | ^~~~~~
      | uint8_t
../Core/Inc/LCD.h:35:18: error: unknown type name 'uint_8'; did you mean 'uint8_t'?
   35 | uint_8 str_count(uint_8 []); //?
      |                  ^~~~~~
      |                  uint8_t
../Core/Inc/LCD.h:35:18: error: unknown type name 'uint_8'; did you mean 'uint8_t'?
   35 | uint_8 str_count(uint_8 []); //?
      |                  ^~~~~~
      |                  uint8_t
../Core/Src/main.c: In function 'main':
../Core/Src/main.c:103:3: warning: statement with no effect [-Wunused-value]
  103 |   init_lcd; //LCD
      |   ^~~~~~~~
../Core/Src/LCD.c:80:1: error: unknown type name 'uint_8'; did you mean 'uint8_t'?
   80 | uint_8 str_count(uint8_t str[])
      | ^~~~~~
      | uint8_t
make: *** [Core/Src/subdir.mk:37: Core/Src/LCD.o] Error 1
make: *** Waiting for unfinished jobs....
make: *** [Core/Src/subdir.mk:37: Core/Src/main.o] Error 1
"make -j8 all" terminated with exit code 2. Build might be incomplete.
11:41:48 **** Incremental Build of configuration Debug for project B60C0_LCD2 ****
make -j8 all 
arm-none-eabi-gcc "../Core/Src/LCD.c" -mcpu=cortex-m3 -std=gnu11 -g3 -DDEBUG -DUSE_HAL_DRIVER -DSTM32F103xE -c -I../Core/Inc -I../Drivers/STM32F1xx_HAL_Driver/Inc -I../Drivers/STM32F1xx_HAL_Driver/Inc/Legacy -I../Drivers/CMSIS/Device/ST/STM32F1xx/Include -I../Drivers/CMSIS/Include -O0 -ffunction-sections -fdata-sections -Wall -fstack-usage -fcyclomatic-complexity -MMD -MP -MF"Core/Src/LCD.d" -MT"Core/Src/LCD.o" --specs=nano.specs -mfloat-abi=soft -mthumb -o "Core/Src/LCD.o"
arm-none-eabi-gcc "../Core/Src/main.c" -mcpu=cortex-m3 -std=gnu11 -g3 -DDEBUG -DUSE_HAL_DRIVER -DSTM32F103xE -c -I../Core/Inc -I../Drivers/STM32F1xx_HAL_Driver/Inc -I../Drivers/STM32F1xx_HAL_Driver/Inc/Legacy -I../Drivers/CMSIS/Device/ST/STM32F1xx/Include -I../Drivers/CMSIS/Include -O0 -ffunction-sections -fdata-sections -Wall -fstack-usage -fcyclomatic-complexity -MMD -MP -MF"Core/Src/main.d" -MT"Core/Src/main.o" --specs=nano.specs -mfloat-abi=soft -mthumb -o "Core/Src/main.o"
In file included from ../Core/Src/main.c:21:
../Core/Inc/LCD.h:35:1: error: unknown type name 'uint_8'; did you mean 'uint8_t'?
   35 | uint_8 str_count(uint_8 []); //?
      | ^~~~~~
      | uint8_t
In file included from ../Core/Src/LCD.c:9:
../Core/Inc/LCD.h:35:1: error: unknown type name 'uint_8'; did you mean 'uint8_t'?
   35 | uint_8 str_count(uint_8 []); //?
      | ^~~~~~
      | uint8_t
../Core/Inc/LCD.h:35:18: error: unknown type name 'uint_8'; did you mean 'uint8_t'?
   35 | uint_8 str_count(uint_8 []); //?
      |                  ^~~~~~
      |                  uint8_t
../Core/Inc/LCD.h:35:18: error: unknown type name 'uint_8'; did you mean 'uint8_t'?
   35 | uint_8 str_count(uint_8 []); //?
      |                  ^~~~~~
      |                  uint8_t
../Core/Src/main.c: In function 'main':
../Core/Src/main.c:103:3: warning: statement with no effect [-Wunused-value]
  103 |   init_lcd; //LCD
      |   ^~~~~~~~
../Core/Src/LCD.c:80:1: error: unknown type name 'uint_8'; did you mean 'uint8_t'?
   80 | uint_8 str_count(uint8_t str[])
      | ^~~~~~
      | uint8_t
make: *** [Core/Src/subdir.mk:37: Core/Src/LCD.o] Error 1
make: *** Waiting for unfinished jobs....
make: *** [Core/Src/subdir.mk:37: Core/Src/main.o] Error 1
"make -j8 all" terminated with exit code 2. Build might be incomplete.
11:42:07 **** Incremental Build of configuration Debug for project B60C0_LCD2 ****
make -j8 all 
arm-none-eabi-gcc "../Core/Src/LCD.c" -mcpu=cortex-m3 -std=gnu11 -g3 -DDEBUG -DUSE_HAL_DRIVER -DSTM32F103xE -c -I../Core/Inc -I../Drivers/STM32F1xx_HAL_Driver/Inc -I../Drivers/STM32F1xx_HAL_Driver/Inc/Legacy -I../Drivers/CMSIS/Device/ST/STM32F1xx/Include -I../Drivers/CMSIS/Include -O0 -ffunction-sections -fdata-sections -Wall -fstack-usage -fcyclomatic-complexity -MMD -MP -MF"Core/Src/LCD.d" -MT"Core/Src/LCD.o" --specs=nano.specs -mfloat-abi=soft -mthumb -o "Core/Src/LCD.o"
arm-none-eabi-gcc "../Core/Src/main.c" -mcpu=cortex-m3 -std=gnu11 -g3 -DDEBUG -DUSE_HAL_DRIVER -DSTM32F103xE -c -I../Core/Inc -I../Drivers/STM32F1xx_HAL_Driver/Inc -I../Drivers/STM32F1xx_HAL_Driver/Inc/Legacy -I../Drivers/CMSIS/Device/ST/STM32F1xx/Include -I../Drivers/CMSIS/Include -O0 -ffunction-sections -fdata-sections -Wall -fstack-usage -fcyclomatic-complexity -MMD -MP -MF"Core/Src/main.d" -MT"Core/Src/main.o" --specs=nano.specs -mfloat-abi=soft -mthumb -o "Core/Src/main.o"
In file included from ../Core/Src/LCD.c:9:
../Core/Inc/LCD.h:35:1: error: unknown type name 'uint_8'; did you mean 'uint8_t'?
   35 | uint_8 str_count(uint_8 []); //?
      | ^~~~~~
      | uint8_t
In file included from ../Core/Src/main.c:21:
../Core/Inc/LCD.h:35:1: error: unknown type name 'uint_8'; did you mean 'uint8_t'?
   35 | uint_8 str_count(uint_8 []); //?
      | ^~~~~~
      | uint8_t
../Core/Inc/LCD.h:35:18: error: unknown type name 'uint_8'; did you mean 'uint8_t'?
   35 | uint_8 str_count(uint_8 []); //?
      |                  ^~~~~~
      |                  uint8_t
../Core/Inc/LCD.h:35:18: error: unknown type name 'uint_8'; did you mean 'uint8_t'?
   35 | uint_8 str_count(uint_8 []); //?
      |                  ^~~~~~
      |                  uint8_t
../Core/Src/main.c: In function 'main':
../Core/Src/main.c:103:3: warning: statement with no effect [-Wunused-value]
  103 |   init_lcd; //LCD
      |   ^~~~~~~~
../Core/Src/LCD.c:80:1: error: unknown type name 'uint_8'; did you mean 'uint8_t'?
   80 | uint_8 str_count(uint8_t str[])
      | ^~~~~~
      | uint8_t
make: *** [Core/Src/subdir.mk:37: Core/Src/LCD.o] Error 1
make: *** Waiting for unfinished jobs....
make: *** [Core/Src/subdir.mk:37: Core/Src/main.o] Error 1
"make -j8 all" terminated with exit code 2. Build might be incomplete.
11:42:26 **** Incremental Build of configuration Debug for project B60C0_LCD2 ****
make -j8 all 
arm-none-eabi-gcc "../Core/Src/LCD.c" -mcpu=cortex-m3 -std=gnu11 -g3 -DDEBUG -DUSE_HAL_DRIVER -DSTM32F103xE -c -I../Core/Inc -I../Drivers/STM32F1xx_HAL_Driver/Inc -I../Drivers/STM32F1xx_HAL_Driver/Inc/Legacy -I../Drivers/CMSIS/Device/ST/STM32F1xx/Include -I../Drivers/CMSIS/Include -O0 -ffunction-sections -fdata-sections -Wall -fstack-usage -fcyclomatic-complexity -MMD -MP -MF"Core/Src/LCD.d" -MT"Core/Src/LCD.o" --specs=nano.specs -mfloat-abi=soft -mthumb -o "Core/Src/LCD.o"
arm-none-eabi-gcc "../Core/Src/main.c" -mcpu=cortex-m3 -std=gnu11 -g3 -DDEBUG -DUSE_HAL_DRIVER -DSTM32F103xE -c -I../Core/Inc -I../Drivers/STM32F1xx_HAL_Driver/Inc -I../Drivers/STM32F1xx_HAL_Driver/Inc/Legacy -I../Drivers/CMSIS/Device/ST/STM32F1xx/Include -I../Drivers/CMSIS/Include -O0 -ffunction-sections -fdata-sections -Wall -fstack-usage -fcyclomatic-complexity -MMD -MP -MF"Core/Src/main.d" -MT"Core/Src/main.o" --specs=nano.specs -mfloat-abi=soft -mthumb -o "Core/Src/main.o"
In file included from ../Core/Src/LCD.c:9:
../Core/Inc/LCD.h:35:1: error: unknown type name 'uint_8'; did you mean 'uint8_t'?
   35 | uint_8 str_count(uint8_t []); //?
      | ^~~~~~
      | uint8_t
In file included from ../Core/Src/main.c:21:
../Core/Inc/LCD.h:35:1: error: unknown type name 'uint_8'; did you mean 'uint8_t'?
   35 | uint_8 str_count(uint8_t []); //?
      | ^~~~~~
      | uint8_t
../Core/Src/main.c: In function 'main':
../Core/Src/main.c:103:3: warning: statement with no effect [-Wunused-value]
  103 |   init_lcd; //LCD
      |   ^~~~~~~~
../Core/Src/LCD.c:80:1: error: unknown type name 'uint_8'; did you mean 'uint8_t'?
   80 | uint_8 str_count(uint8_t str[])
      | ^~~~~~
      | uint8_t
make: *** [Core/Src/subdir.mk:37: Core/Src/main.o] Error 1
make: *** Waiting for unfinished jobs....
make: *** [Core/Src/subdir.mk:37: Core/Src/LCD.o] Error 1
"make -j8 all" terminated with exit code 2. Build might be incomplete.
11:43:07 **** Incremental Build of configuration Debug for project B60C0_LCD2 ****
make -j8 all 
arm-none-eabi-gcc "../Core/Src/LCD.c" -mcpu=cortex-m3 -std=gnu11 -g3 -DDEBUG -DUSE_HAL_DRIVER -DSTM32F103xE -c -I../Core/Inc -I../Drivers/STM32F1xx_HAL_Driver/Inc -I../Drivers/STM32F1xx_HAL_Driver/Inc/Legacy -I../Drivers/CMSIS/Device/ST/STM32F1xx/Include -I../Drivers/CMSIS/Include -O0 -ffunction-sections -fdata-sections -Wall -fstack-usage -fcyclomatic-complexity -MMD -MP -MF"Core/Src/LCD.d" -MT"Core/Src/LCD.o" --specs=nano.specs -mfloat-abi=soft -mthumb -o "Core/Src/LCD.o"
arm-none-eabi-gcc "../Core/Src/main.c" -mcpu=cortex-m3 -std=gnu11 -g3 -DDEBUG -DUSE_HAL_DRIVER -DSTM32F103xE -c -I../Core/Inc -I../Drivers/STM32F1xx_HAL_Driver/Inc -I../Drivers/STM32F1xx_HAL_Driver/Inc/Legacy -I../Drivers/CMSIS/Device/ST/STM32F1xx/Include -I../Drivers/CMSIS/Include -O0 -ffunction-sections -fdata-sections -Wall -fstack-usage -fcyclomatic-complexity -MMD -MP -MF"Core/Src/main.d" -MT"Core/Src/main.o" --specs=nano.specs -mfloat-abi=soft -mthumb -o "Core/Src/main.o"
In file included from ../Core/Src/LCD.c:9:
../Core/Inc/LCD.h:35:1: error: unknown type name 'uint_8'; did you mean 'uint8_t'?
   35 | uint_8 str_count(uint8_t []); //?
      | ^~~~~~
      | uint8_t
In file included from ../Core/Src/main.c:21:
../Core/Inc/LCD.h:35:1: error: unknown type name 'uint_8'; did you mean 'uint8_t'?
   35 | uint_8 str_count(uint8_t []); //?
      | ^~~~~~
      | uint8_t
../Core/Src/main.c: In function 'main':
../Core/Src/main.c:103:3: warning: statement with no effect [-Wunused-value]
  103 |   init_lcd; //LCD
      |   ^~~~~~~~
../Core/Src/LCD.c:80:9: error: conflicting types for 'str_count'; have 'uint8_t(uint8_t *)' {aka 'unsigned char(unsigned char *)'}
   80 | uint8_t str_count(uint8_t str[])
      |         ^~~~~~~~~
../Core/Inc/LCD.h:35:8: note: previous declaration of 'str_count' with type 'int(uint8_t *)' {aka 'int(unsigned char *)'}
   35 | uint_8 str_count(uint8_t []); //?
      |        ^~~~~~~~~
make: *** [Core/Src/subdir.mk:37: Core/Src/main.o] Error 1
make: *** Waiting for unfinished jobs....
make: *** [Core/Src/subdir.mk:37: Core/Src/LCD.o] Error 1
"make -j8 all" terminated with exit code 2. Build might be incomplete.
11:43:44 **** Incremental Build of configuration Debug for project B60C0_LCD2 ****
make -j8 all 
arm-none-eabi-gcc "../Core/Src/LCD.c" -mcpu=cortex-m3 -std=gnu11 -g3 -DDEBUG -DUSE_HAL_DRIVER -DSTM32F103xE -c -I../Core/Inc -I../Drivers/STM32F1xx_HAL_Driver/Inc -I../Drivers/STM32F1xx_HAL_Driver/Inc/Legacy -I../Drivers/CMSIS/Device/ST/STM32F1xx/Include -I../Drivers/CMSIS/Include -O0 -ffunction-sections -fdata-sections -Wall -fstack-usage -fcyclomatic-complexity -MMD -MP -MF"Core/Src/LCD.d" -MT"Core/Src/LCD.o" --specs=nano.specs -mfloat-abi=soft -mthumb -o "Core/Src/LCD.o"
arm-none-eabi-gcc "../Core/Src/main.c" -mcpu=cortex-m3 -std=gnu11 -g3 -DDEBUG -DUSE_HAL_DRIVER -DSTM32F103xE -c -I../Core/Inc -I../Drivers/STM32F1xx_HAL_Driver/Inc -I../Drivers/STM32F1xx_HAL_Driver/Inc/Legacy -I../Drivers/CMSIS/Device/ST/STM32F1xx/Include -I../Drivers/CMSIS/Include -O0 -ffunction-sections -fdata-sections -Wall -fstack-usage -fcyclomatic-complexity -MMD -MP -MF"Core/Src/main.d" -MT"Core/Src/main.o" --specs=nano.specs -mfloat-abi=soft -mthumb -o "Core/Src/main.o"
In file included from ../Core/Src/LCD.c:9:
../Core/Inc/LCD.h:35:1: error: unknown type name 'uint_8'; did you mean 'uint8_t'?
   35 | uint_8 str_count(uint8_t []); //?
      | ^~~~~~
      | uint8_t
In file included from ../Core/Src/main.c:21:
../Core/Inc/LCD.h:35:1: error: unknown type name 'uint_8'; did you mean 'uint8_t'?
   35 | uint_8 str_count(uint8_t []); //?
      | ^~~~~~
      | uint8_t
../Core/Src/main.c: In function 'main':
../Core/Src/main.c:103:3: warning: statement with no effect [-Wunused-value]
  103 |   init_lcd; //LCD
      |   ^~~~~~~~
../Core/Src/LCD.c:80:9: error: conflicting types for 'str_count'; have 'uint8_t(uint8_t *)' {aka 'unsigned char(unsigned char *)'}
   80 | uint8_t str_count(uint8_t str[])
      |         ^~~~~~~~~
../Core/Inc/LCD.h:35:8: note: previous declaration of 'str_count' with type 'int(uint8_t *)' {aka 'int(unsigned char *)'}
   35 | uint_8 str_count(uint8_t []); //?
      |        ^~~~~~~~~
make: *** [Core/Src/subdir.mk:37: Core/Src/main.o] Error 1
make: *** Waiting for unfinished jobs....
make: *** [Core/Src/subdir.mk:37: Core/Src/LCD.o] Error 1
"make -j8 all" terminated with exit code 2. Build might be incomplete.
11:45:54 **** Incremental Build of configuration Debug for project B60C0_LCD2 ****
make -j8 all 
arm-none-eabi-gcc "../Core/Src/LCD.c" -mcpu=cortex-m3 -std=gnu11 -g3 -DDEBUG -DUSE_HAL_DRIVER -DSTM32F103xE -c -I../Core/Inc -I../Drivers/STM32F1xx_HAL_Driver/Inc -I../Drivers/STM32F1xx_HAL_Driver/Inc/Legacy -I../Drivers/CMSIS/Device/ST/STM32F1xx/Include -I../Drivers/CMSIS/Include -O0 -ffunction-sections -fdata-sections -Wall -fstack-usage -fcyclomatic-complexity -MMD -MP -MF"Core/Src/LCD.d" -MT"Core/Src/LCD.o" --specs=nano.specs -mfloat-abi=soft -mthumb -o "Core/Src/LCD.o"
arm-none-eabi-gcc "../Core/Src/main.c" -mcpu=cortex-m3 -std=gnu11 -g3 -DDEBUG -DUSE_HAL_DRIVER -DSTM32F103xE -c -I../Core/Inc -I../Drivers/STM32F1xx_HAL_Driver/Inc -I../Drivers/STM32F1xx_HAL_Driver/Inc/Legacy -I../Drivers/CMSIS/Device/ST/STM32F1xx/Include -I../Drivers/CMSIS/Include -O0 -ffunction-sections -fdata-sections -Wall -fstack-usage -fcyclomatic-complexity -MMD -MP -MF"Core/Src/main.d" -MT"Core/Src/main.o" --specs=nano.specs -mfloat-abi=soft -mthumb -o "Core/Src/main.o"
../Core/Src/main.c: In function 'main':
../Core/Src/main.c:103:3: warning: statement with no effect [-Wunused-value]
  103 |   init_lcd; //LCD
      |   ^~~~~~~~
arm-none-eabi-gcc -o "B60C0_LCD2.elf" @"objects.list"   -mcpu=cortex-m3 -T"Z:\ucomp_stm\B60C0_LCD2\STM32F103RCTX_FLASH.ld" --specs=nosys.specs -Wl,-Map="B60C0_LCD2.map" -Wl,--gc-sections -static --specs=nano.specs -mfloat-abi=soft -mthumb -Wl,--start-group -lc -lm -Wl,--end-group
Finished building target: B60C0_LCD2.elf
 
arm-none-eabi-size  B60C0_LCD2.elf 
arm-none-eabi-objdump -h -S B60C0_LCD2.elf  > "B60C0_LCD2.list"
   text	   data	    bss	    dec	    hex	filename
   8276	     12	   1764	  10052	   2744	B60C0_LCD2.elf
Finished building: default.size.stdout
 
Finished building: B60C0_LCD2.list
 
11:48:33 **** Incremental Build of configuration Debug for project B60C0_LCD2 ****
make -j8 all 
arm-none-eabi-size  B60C0_LCD2.elf 
   text	   data	    bss	    dec	    hex	filename
   8276	     12	   1764	  10052	   2744	B60C0_LCD2.elf
Finished building: default.size.stdout
 
11:54:27 **** Incremental Build of configuration Debug for project B60C0_LCD2 ****
make -j8 all 
arm-none-eabi-gcc "../Core/Src/main.c" -mcpu=cortex-m3 -std=gnu11 -g3 -DDEBUG -DUSE_HAL_DRIVER -DSTM32F103xE -c -I../Core/Inc -I../Drivers/STM32F1xx_HAL_Driver/Inc -I../Drivers/STM32F1xx_HAL_Driver/Inc/Legacy -I../Drivers/CMSIS/Device/ST/STM32F1xx/Include -I../Drivers/CMSIS/Include -O0 -ffunction-sections -fdata-sections -Wall -fstack-usage -fcyclomatic-complexity -MMD -MP -MF"Core/Src/main.d" -MT"Core/Src/main.o" --specs=nano.specs -mfloat-abi=soft -mthumb -o "Core/Src/main.o"
../Core/Src/main.c: In function 'main':
../Core/Src/main.c:103:3: warning: statement with no effect [-Wunused-value]
  103 |   init_lcd; //LCD
      |   ^~~~~~~~
arm-none-eabi-gcc -o "B60C0_LCD2.elf" @"objects.list"   -mcpu=cortex-m3 -T"Z:\ucomp_stm\B60C0_LCD2\STM32F103RCTX_FLASH.ld" --specs=nosys.specs -Wl,-Map="B60C0_LCD2.map" -Wl,--gc-sections -static --specs=nano.specs -mfloat-abi=soft -mthumb -Wl,--start-group -lc -lm -Wl,--end-group
Finished building target: B60C0_LCD2.elf
 
arm-none-eabi-size  B60C0_LCD2.elf 
arm-none-eabi-objdump -h -S B60C0_LCD2.elf  > "B60C0_LCD2.list"
   text	   data	    bss	    dec	    hex	filename
   8276	     12	   1764	  10052	   2744	B60C0_LCD2.elf
Finished building: default.size.stdout
 
Finished building: B60C0_LCD2.list
 
11:57:18 **** Incremental Build of configuration Debug for project B60C0_LCD2 ****
make -j8 all 
arm-none-eabi-gcc "../Core/Src/main.c" -mcpu=cortex-m3 -std=gnu11 -g3 -DDEBUG -DUSE_HAL_DRIVER -DSTM32F103xE -c -I../Core/Inc -I../Drivers/STM32F1xx_HAL_Driver/Inc -I../Drivers/STM32F1xx_HAL_Driver/Inc/Legacy -I../Drivers/CMSIS/Device/ST/STM32F1xx/Include -I../Drivers/CMSIS/Include -O0 -ffunction-sections -fdata-sections -Wall -fstack-usage -fcyclomatic-complexity -MMD -MP -MF"Core/Src/main.d" -MT"Core/Src/main.o" --specs=nano.specs -mfloat-abi=soft -mthumb -o "Core/Src/main.o"
../Core/Src/main.c: In function 'main':
../Core/Src/main.c:103:3: warning: statement with no effect [-Wunused-value]
  103 |   init_lcd; //LCD
      |   ^~~~~~~~
arm-none-eabi-gcc -o "B60C0_LCD2.elf" @"objects.list"   -mcpu=cortex-m3 -T"Z:\ucomp_stm\B60C0_LCD2\STM32F103RCTX_FLASH.ld" --specs=nosys.specs -Wl,-Map="B60C0_LCD2.map" -Wl,--gc-sections -static --specs=nano.specs -mfloat-abi=soft -mthumb -Wl,--start-group -lc -lm -Wl,--end-group
Finished building target: B60C0_LCD2.elf
 
arm-none-eabi-size  B60C0_LCD2.elf 
arm-none-eabi-objdump -h -S B60C0_LCD2.elf  > "B60C0_LCD2.list"
   text	   data	    bss	    dec	    hex	filename
   8276	     12	   1764	  10052	   2744	B60C0_LCD2.elf
Finished building: default.size.stdout
 
Finished building: B60C0_LCD2.list
 
11:58:41 **** Incremental Build of configuration Debug for project B60C0_LCD2 ****
make -j8 all 
arm-none-eabi-size  B60C0_LCD2.elf 
   text	   data	    bss	    dec	    hex	filename
   8276	     12	   1764	  10052	   2744	B60C0_LCD2.elf
Finished building: default.size.stdout
 
12:00:07 **** Incremental Build of configuration Debug for project B60C0_LCD2 ****
make -j8 all 
arm-none-eabi-gcc "../Core/Src/main.c" -mcpu=cortex-m3 -std=gnu11 -g3 -DDEBUG -DUSE_HAL_DRIVER -DSTM32F103xE -c -I../Core/Inc -I../Drivers/STM32F1xx_HAL_Driver/Inc -I../Drivers/STM32F1xx_HAL_Driver/Inc/Legacy -I../Drivers/CMSIS/Device/ST/STM32F1xx/Include -I../Drivers/CMSIS/Include -O0 -ffunction-sections -fdata-sections -Wall -fstack-usage -fcyclomatic-complexity -MMD -MP -MF"Core/Src/main.d" -MT"Core/Src/main.o" --specs=nano.specs -mfloat-abi=soft -mthumb -o "Core/Src/main.o"
../Core/Src/main.c: In function 'main':
../Core/Src/main.c:103:3: warning: statement with no effect [-Wunused-value]
  103 |   init_lcd; //LCD
      |   ^~~~~~~~
arm-none-eabi-gcc -o "B60C0_LCD2.elf" @"objects.list"   -mcpu=cortex-m3 -T"Z:\ucomp_stm\B60C0_LCD2\STM32F103RCTX_FLASH.ld" --specs=nosys.specs -Wl,-Map="B60C0_LCD2.map" -Wl,--gc-sections -static --specs=nano.specs -mfloat-abi=soft -mthumb -Wl,--start-group -lc -lm -Wl,--end-group
Finished building target: B60C0_LCD2.elf
 
arm-none-eabi-size  B60C0_LCD2.elf 
arm-none-eabi-objdump -h -S B60C0_LCD2.elf  > "B60C0_LCD2.list"
   text	   data	    bss	    dec	    hex	filename
   8276	     12	   1764	  10052	   2744	B60C0_LCD2.elf
Finished building: default.size.stdout
 
Finished building: B60C0_LCD2.list
 
12:02:39 **** Incremental Build of configuration Debug for project B60C0_LCD2 ****
make -j8 all 
arm-none-eabi-gcc "../Core/Src/main.c" -mcpu=cortex-m3 -std=gnu11 -g3 -DDEBUG -DUSE_HAL_DRIVER -DSTM32F103xE -c -I../Core/Inc -I../Drivers/STM32F1xx_HAL_Driver/Inc -I../Drivers/STM32F1xx_HAL_Driver/Inc/Legacy -I../Drivers/CMSIS/Device/ST/STM32F1xx/Include -I../Drivers/CMSIS/Include -O0 -ffunction-sections -fdata-sections -Wall -fstack-usage -fcyclomatic-complexity -MMD -MP -MF"Core/Src/main.d" -MT"Core/Src/main.o" --specs=nano.specs -mfloat-abi=soft -mthumb -o "Core/Src/main.o"
../Core/Src/main.c: In function 'main':
../Core/Src/main.c:103:3: warning: statement with no effect [-Wunused-value]
  103 |   init_lcd; //LCD
      |   ^~~~~~~~
arm-none-eabi-gcc -o "B60C0_LCD2.elf" @"objects.list"   -mcpu=cortex-m3 -T"Z:\ucomp_stm\B60C0_LCD2\STM32F103RCTX_FLASH.ld" --specs=nosys.specs -Wl,-Map="B60C0_LCD2.map" -Wl,--gc-sections -static --specs=nano.specs -mfloat-abi=soft -mthumb -Wl,--start-group -lc -lm -Wl,--end-group
Finished building target: B60C0_LCD2.elf
 
arm-none-eabi-size  B60C0_LCD2.elf 
arm-none-eabi-objdump -h -S B60C0_LCD2.elf  > "B60C0_LCD2.list"
   text	   data	    bss	    dec	    hex	filename
   8276	     12	   1764	  10052	   2744	B60C0_LCD2.elf
Finished building: default.size.stdout
 
Finished building: B60C0_LCD2.list
 
12:05:30 **** Incremental Build of configuration Debug for project B60C0_LCD2 ****
make -j8 all 
arm-none-eabi-gcc "../Core/Src/main.c" -mcpu=cortex-m3 -std=gnu11 -g3 -DDEBUG -DUSE_HAL_DRIVER -DSTM32F103xE -c -I../Core/Inc -I../Drivers/STM32F1xx_HAL_Driver/Inc -I../Drivers/STM32F1xx_HAL_Driver/Inc/Legacy -I../Drivers/CMSIS/Device/ST/STM32F1xx/Include -I../Drivers/CMSIS/Include -O0 -ffunction-sections -fdata-sections -Wall -fstack-usage -fcyclomatic-complexity -MMD -MP -MF"Core/Src/main.d" -MT"Core/Src/main.o" --specs=nano.specs -mfloat-abi=soft -mthumb -o "Core/Src/main.o"
../Core/Src/main.c: In function 'main':
../Core/Src/main.c:103:3: warning: statement with no effect [-Wunused-value]
  103 |   init_lcd; //LCD
      |   ^~~~~~~~
arm-none-eabi-gcc -o "B60C0_LCD2.elf" @"objects.list"   -mcpu=cortex-m3 -T"Z:\ucomp_stm\B60C0_LCD2\STM32F103RCTX_FLASH.ld" --specs=nosys.specs -Wl,-Map="B60C0_LCD2.map" -Wl,--gc-sections -static --specs=nano.specs -mfloat-abi=soft -mthumb -Wl,--start-group -lc -lm -Wl,--end-group
Finished building target: B60C0_LCD2.elf
 
arm-none-eabi-size  B60C0_LCD2.elf 
arm-none-eabi-objdump -h -S B60C0_LCD2.elf  > "B60C0_LCD2.list"
   text	   data	    bss	    dec	    hex	filename
   8276	     12	   1764	  10052	   2744	B60C0_LCD2.elf
Finished building: default.size.stdout
 
Finished building: B60C0_LCD2.list
 
12:06:25 **** Incremental Build of configuration Debug for project B60C0_LCD2 ****
make -j8 all 
arm-none-eabi-size  B60C0_LCD2.elf 
   text	   data	    bss	    dec	    hex	filename
   8276	     12	   1764	  10052	   2744	B60C0_LCD2.elf
Finished building: default.size.stdout
 
12:07:14 **** Incremental Build of configuration Debug for project B60C0_LCD2 ****
make -j8 all 
arm-none-eabi-size  B60C0_LCD2.elf 
   text	   data	    bss	    dec	    hex	filename
   8276	     12	   1764	  10052	   2744	B60C0_LCD2.elf
Finished building: default.size.stdout
 
12:08:57 **** Incremental Build of configuration Debug for project B60C0_LCD2 ****
make -j8 all 
arm-none-eabi-size  B60C0_LCD2.elf 
   text	   data	    bss	    dec	    hex	filename
   8276	     12	   1764	  10052	   2744	B60C0_LCD2.elf
Finished building: default.size.stdout
 
12:09:48 **** Incremental Build of configuration Debug for project B60C0_LCD2 ****
make -j8 all 
arm-none-eabi-size  B60C0_LCD2.elf 
   text	   data	    bss	    dec	    hex	filename
   8276	     12	   1764	  10052	   2744	B60C0_LCD2.elf
Finished building: default.size.stdout
 
12:11:11 **** Incremental Build of configuration Debug for project B60C0_LCD2 ****
make -j8 all 
arm-none-eabi-size  B60C0_LCD2.elf 
   text	   data	    bss	    dec	    hex	filename
   8276	     12	   1764	  10052	   2744	B60C0_LCD2.elf
Finished building: default.size.stdout
 
12:11:45 **** Incremental Build of configuration Debug for project B60C0_LCD2 ****
make -j8 all 
arm-none-eabi-size  B60C0_LCD2.elf 
   text	   data	    bss	    dec	    hex	filename
   8276	     12	   1764	  10052	   2744	B60C0_LCD2.elf
Finished building: default.size.stdout
 
12:11:55 **** Incremental Build of configuration Debug for project B60C0_LCD2 ****
make -j8 all 
arm-none-eabi-size  B60C0_LCD2.elf 
   text	   data	    bss	    dec	    hex	filename
   8276	     12	   1764	  10052	   2744	B60C0_LCD2.elf
Finished building: default.size.stdout
 
12:19:52 **** Incremental Build of configuration Debug for project B60C0_LCD2 ****
make -j8 all 
arm-none-eabi-size  B60C0_LCD2.elf 
   text	   data	    bss	    dec	    hex	filename
   8276	     12	   1764	  10052	   2744	B60C0_LCD2.elf
Finished building: default.size.stdout
 
12:21:14 **** Incremental Build of configuration Debug for project B60C0_LCD2 ****
make -j8 all 
arm-none-eabi-gcc "../Core/Src/main.c" -mcpu=cortex-m3 -std=gnu11 -g3 -DDEBUG -DUSE_HAL_DRIVER -DSTM32F103xE -c -I../Core/Inc -I../Drivers/STM32F1xx_HAL_Driver/Inc -I../Drivers/STM32F1xx_HAL_Driver/Inc/Legacy -I../Drivers/CMSIS/Device/ST/STM32F1xx/Include -I../Drivers/CMSIS/Include -O0 -ffunction-sections -fdata-sections -Wall -fstack-usage -fcyclomatic-complexity -MMD -MP -MF"Core/Src/main.d" -MT"Core/Src/main.o" --specs=nano.specs -mfloat-abi=soft -mthumb -o "Core/Src/main.o"
../Core/Src/main.c: In function 'main':
../Core/Src/main.c:103:3: warning: statement with no effect [-Wunused-value]
  103 |   init_lcd; //LCD
      |   ^~~~~~~~
arm-none-eabi-gcc -o "B60C0_LCD2.elf" @"objects.list"   -mcpu=cortex-m3 -T"Z:\ucomp_stm\B60C0_LCD2\STM32F103RCTX_FLASH.ld" --specs=nosys.specs -Wl,-Map="B60C0_LCD2.map" -Wl,--gc-sections -static --specs=nano.specs -mfloat-abi=soft -mthumb -Wl,--start-group -lc -lm -Wl,--end-group
Finished building target: B60C0_LCD2.elf
 
arm-none-eabi-size  B60C0_LCD2.elf 
arm-none-eabi-objdump -h -S B60C0_LCD2.elf  > "B60C0_LCD2.list"
   text	   data	    bss	    dec	    hex	filename
   8276	     12	   1764	  10052	   2744	B60C0_LCD2.elf
Finished building: default.size.stdout
 
Finished building: B60C0_LCD2.list
 
12:22:44 **** Incremental Build of configuration Debug for project B60C0_LCD2 ****
make -j8 all 
arm-none-eabi-gcc "../Core/Src/main.c" -mcpu=cortex-m3 -std=gnu11 -g3 -DDEBUG -DUSE_HAL_DRIVER -DSTM32F103xE -c -I../Core/Inc -I../Drivers/STM32F1xx_HAL_Driver/Inc -I../Drivers/STM32F1xx_HAL_Driver/Inc/Legacy -I../Drivers/CMSIS/Device/ST/STM32F1xx/Include -I../Drivers/CMSIS/Include -O0 -ffunction-sections -fdata-sections -Wall -fstack-usage -fcyclomatic-complexity -MMD -MP -MF"Core/Src/main.d" -MT"Core/Src/main.o" --specs=nano.specs -mfloat-abi=soft -mthumb -o "Core/Src/main.o"
../Core/Src/main.c: In function 'main':
../Core/Src/main.c:103:3: warning: statement with no effect [-Wunused-value]
  103 |   init_lcd; //LCD
      |   ^~~~~~~~
arm-none-eabi-gcc -o "B60C0_LCD2.elf" @"objects.list"   -mcpu=cortex-m3 -T"Z:\ucomp_stm\B60C0_LCD2\STM32F103RCTX_FLASH.ld" --specs=nosys.specs -Wl,-Map="B60C0_LCD2.map" -Wl,--gc-sections -static --specs=nano.specs -mfloat-abi=soft -mthumb -Wl,--start-group -lc -lm -Wl,--end-group
Finished building target: B60C0_LCD2.elf
 
arm-none-eabi-size  B60C0_LCD2.elf 
arm-none-eabi-objdump -h -S B60C0_LCD2.elf  > "B60C0_LCD2.list"
   text	   data	    bss	    dec	    hex	filename
   8276	     12	   1764	  10052	   2744	B60C0_LCD2.elf
Finished building: default.size.stdout
 
Finished building: B60C0_LCD2.list
 
12:26:43 **** Incremental Build of configuration Debug for project B60C0_LCD2 ****
make -j8 all 
arm-none-eabi-size  B60C0_LCD2.elf 
   text	   data	    bss	    dec	    hex	filename
   8276	     12	   1764	  10052	   2744	B60C0_LCD2.elf
Finished building: default.size.stdout
 
12:29:34 **** Incremental Build of configuration Debug for project B60C0_LCD2 ****
make -j8 all 
arm-none-eabi-size  B60C0_LCD2.elf 
   text	   data	    bss	    dec	    hex	filename
   8276	     12	   1764	  10052	   2744	B60C0_LCD2.elf
Finished building: default.size.stdout
 
12:29:52 **** Incremental Build of configuration Debug for project B60C0_LCD2 ****
make -j8 all 
arm-none-eabi-gcc "../Core/Src/main.c" -mcpu=cortex-m3 -std=gnu11 -g3 -DDEBUG -DUSE_HAL_DRIVER -DSTM32F103xE -c -I../Core/Inc -I../Drivers/STM32F1xx_HAL_Driver/Inc -I../Drivers/STM32F1xx_HAL_Driver/Inc/Legacy -I../Drivers/CMSIS/Device/ST/STM32F1xx/Include -I../Drivers/CMSIS/Include -O0 -ffunction-sections -fdata-sections -Wall -fstack-usage -fcyclomatic-complexity -MMD -MP -MF"Core/Src/main.d" -MT"Core/Src/main.o" --specs=nano.specs -mfloat-abi=soft -mthumb -o "Core/Src/main.o"
../Core/Src/main.c: In function 'main':
../Core/Src/main.c:103:3: warning: statement with no effect [-Wunused-value]
  103 |   init_lcd; //LCD
      |   ^~~~~~~~
arm-none-eabi-gcc -o "B60C0_LCD2.elf" @"objects.list"   -mcpu=cortex-m3 -T"Z:\ucomp_stm\B60C0_LCD2\STM32F103RCTX_FLASH.ld" --specs=nosys.specs -Wl,-Map="B60C0_LCD2.map" -Wl,--gc-sections -static --specs=nano.specs -mfloat-abi=soft -mthumb -Wl,--start-group -lc -lm -Wl,--end-group
Finished building target: B60C0_LCD2.elf
 
arm-none-eabi-size  B60C0_LCD2.elf 
arm-none-eabi-objdump -h -S B60C0_LCD2.elf  > "B60C0_LCD2.list"
   text	   data	    bss	    dec	    hex	filename
   8264	     12	   1764	  10040	   2738	B60C0_LCD2.elf
Finished building: default.size.stdout
 
Finished building: B60C0_LCD2.list
 
12:31:47 **** Incremental Build of configuration Debug for project B60C0_LCD2 ****
make -j8 all 
arm-none-eabi-size  B60C0_LCD2.elf 
   text	   data	    bss	    dec	    hex	filename
   8264	     12	   1764	  10040	   2738	B60C0_LCD2.elf
Finished building: default.size.stdout
 
12:33:57 **** Incremental Build of configuration Debug for project B60C0_LCD2 ****
make -j8 all 
arm-none-eabi-size  B60C0_LCD2.elf 
   text	   data	    bss	    dec	    hex	filename
   8264	     12	   1764	  10040	   2738	B60C0_LCD2.elf
Finished building: default.size.stdout
 
12:38:41 **** Incremental Build of configuration Debug for project B60C0_LCD2 ****
make -j8 all 
arm-none-eabi-gcc "../Core/Src/main.c" -mcpu=cortex-m3 -std=gnu11 -g3 -DDEBUG -DUSE_HAL_DRIVER -DSTM32F103xE -c -I../Core/Inc -I../Drivers/STM32F1xx_HAL_Driver/Inc -I../Drivers/STM32F1xx_HAL_Driver/Inc/Legacy -I../Drivers/CMSIS/Device/ST/STM32F1xx/Include -I../Drivers/CMSIS/Include -O0 -ffunction-sections -fdata-sections -Wall -fstack-usage -fcyclomatic-complexity -MMD -MP -MF"Core/Src/main.d" -MT"Core/Src/main.o" --specs=nano.specs -mfloat-abi=soft -mthumb -o "Core/Src/main.o"
../Core/Src/main.c: In function 'main':
../Core/Src/main.c:103:3: warning: statement with no effect [-Wunused-value]
  103 |   init_lcd; //LCD
      |   ^~~~~~~~
arm-none-eabi-gcc -o "B60C0_LCD2.elf" @"objects.list"   -mcpu=cortex-m3 -T"Z:\ucomp_stm\B60C0_LCD2\STM32F103RCTX_FLASH.ld" --specs=nosys.specs -Wl,-Map="B60C0_LCD2.map" -Wl,--gc-sections -static --specs=nano.specs -mfloat-abi=soft -mthumb -Wl,--start-group -lc -lm -Wl,--end-group
Finished building target: B60C0_LCD2.elf
 
arm-none-eabi-size  B60C0_LCD2.elf 
arm-none-eabi-objdump -h -S B60C0_LCD2.elf  > "B60C0_LCD2.list"
   text	   data	    bss	    dec	    hex	filename
   8236	     12	   1764	  10012	   271c	B60C0_LCD2.elf
Finished building: default.size.stdout
 
Finished building: B60C0_LCD2.list
 
12:39:57 **** Incremental Build of configuration Debug for project B60C0_LCD2 ****
make -j8 all 
arm-none-eabi-gcc "../Core/Src/main.c" -mcpu=cortex-m3 -std=gnu11 -g3 -DDEBUG -DUSE_HAL_DRIVER -DSTM32F103xE -c -I../Core/Inc -I../Drivers/STM32F1xx_HAL_Driver/Inc -I../Drivers/STM32F1xx_HAL_Driver/Inc/Legacy -I../Drivers/CMSIS/Device/ST/STM32F1xx/Include -I../Drivers/CMSIS/Include -O0 -ffunction-sections -fdata-sections -Wall -fstack-usage -fcyclomatic-complexity -MMD -MP -MF"Core/Src/main.d" -MT"Core/Src/main.o" --specs=nano.specs -mfloat-abi=soft -mthumb -o "Core/Src/main.o"
../Core/Src/main.c: In function 'main':
../Core/Src/main.c:103:3: warning: statement with no effect [-Wunused-value]
  103 |   init_lcd; //LCD
      |   ^~~~~~~~
arm-none-eabi-gcc -o "B60C0_LCD2.elf" @"objects.list"   -mcpu=cortex-m3 -T"Z:\ucomp_stm\B60C0_LCD2\STM32F103RCTX_FLASH.ld" --specs=nosys.specs -Wl,-Map="B60C0_LCD2.map" -Wl,--gc-sections -static --specs=nano.specs -mfloat-abi=soft -mthumb -Wl,--start-group -lc -lm -Wl,--end-group
Finished building target: B60C0_LCD2.elf
 
arm-none-eabi-size  B60C0_LCD2.elf 
arm-none-eabi-objdump -h -S B60C0_LCD2.elf  > "B60C0_LCD2.list"
   text	   data	    bss	    dec	    hex	filename
   8152	     12	   1764	   9928	   26c8	B60C0_LCD2.elf
Finished building: default.size.stdout
 
Finished building: B60C0_LCD2.list
 
12:40:59 **** Incremental Build of configuration Debug for project B60C0_LCD2 ****
make -j8 all 
arm-none-eabi-gcc "../Core/Src/main.c" -mcpu=cortex-m3 -std=gnu11 -g3 -DDEBUG -DUSE_HAL_DRIVER -DSTM32F103xE -c -I../Core/Inc -I../Drivers/STM32F1xx_HAL_Driver/Inc -I../Drivers/STM32F1xx_HAL_Driver/Inc/Legacy -I../Drivers/CMSIS/Device/ST/STM32F1xx/Include -I../Drivers/CMSIS/Include -O0 -ffunction-sections -fdata-sections -Wall -fstack-usage -fcyclomatic-complexity -MMD -MP -MF"Core/Src/main.d" -MT"Core/Src/main.o" --specs=nano.specs -mfloat-abi=soft -mthumb -o "Core/Src/main.o"
arm-none-eabi-gcc -o "B60C0_LCD2.elf" @"objects.list"   -mcpu=cortex-m3 -T"Z:\ucomp_stm\B60C0_LCD2\STM32F103RCTX_FLASH.ld" --specs=nosys.specs -Wl,-Map="B60C0_LCD2.map" -Wl,--gc-sections -static --specs=nano.specs -mfloat-abi=soft -mthumb -Wl,--start-group -lc -lm -Wl,--end-group
Finished building target: B60C0_LCD2.elf
 
arm-none-eabi-size  B60C0_LCD2.elf 
arm-none-eabi-objdump -h -S B60C0_LCD2.elf  > "B60C0_LCD2.list"
   text	   data	    bss	    dec	    hex	filename
   8296	     12	   1764	  10072	   2758	B60C0_LCD2.elf
Finished building: default.size.stdout
 
Finished building: B60C0_LCD2.list
 
12:42:41 **** Incremental Build of configuration Debug for project B60C0_LCD2 ****
make -j8 all 
arm-none-eabi-gcc "../Core/Src/main.c" -mcpu=cortex-m3 -std=gnu11 -g3 -DDEBUG -DUSE_HAL_DRIVER -DSTM32F103xE -c -I../Core/Inc -I../Drivers/STM32F1xx_HAL_Driver/Inc -I../Drivers/STM32F1xx_HAL_Driver/Inc/Legacy -I../Drivers/CMSIS/Device/ST/STM32F1xx/Include -I../Drivers/CMSIS/Include -O0 -ffunction-sections -fdata-sections -Wall -fstack-usage -fcyclomatic-complexity -MMD -MP -MF"Core/Src/main.d" -MT"Core/Src/main.o" --specs=nano.specs -mfloat-abi=soft -mthumb -o "Core/Src/main.o"
arm-none-eabi-gcc -o "B60C0_LCD2.elf" @"objects.list"   -mcpu=cortex-m3 -T"Z:\ucomp_stm\B60C0_LCD2\STM32F103RCTX_FLASH.ld" --specs=nosys.specs -Wl,-Map="B60C0_LCD2.map" -Wl,--gc-sections -static --specs=nano.specs -mfloat-abi=soft -mthumb -Wl,--start-group -lc -lm -Wl,--end-group
Finished building target: B60C0_LCD2.elf
 
arm-none-eabi-size  B60C0_LCD2.elf 
arm-none-eabi-objdump -h -S B60C0_LCD2.elf  > "B60C0_LCD2.list"
   text	   data	    bss	    dec	    hex	filename
   8380	     12	   1764	  10156	   27ac	B60C0_LCD2.elf
Finished building: default.size.stdout
 
Finished building: B60C0_LCD2.list
 
